{"D:\\workspace-github\\plm-system-web\\src\\modules\\issue\\schemas\\issue-attachments.ts": {"path":"D:\\workspace-github\\plm-system-web\\src\\modules\\issue\\schemas\\issue-attachments.ts","statementMap":{"0":{"start":{"line":7,"column":13},"end":{"line":25,"column":null}},"1":{"start":{"line":11,"column":22},"end":{"line":11,"column":33}},"2":{"start":{"line":18,"column":22},"end":{"line":18,"column":32}},"3":{"start":{"line":20,"column":15},"end":{"line":25,"column":2}}},"fnMap":{"0":{"name":"(anonymous_0)","decl":{"start":{"line":11,"column":16},"end":{"line":11,"column":22}},"loc":{"start":{"line":11,"column":22},"end":{"line":11,"column":33}},"line":11},"1":{"name":"(anonymous_1)","decl":{"start":{"line":18,"column":16},"end":{"line":18,"column":22}},"loc":{"start":{"line":18,"column":22},"end":{"line":18,"column":32}},"line":18},"2":{"name":"(anonymous_2)","decl":{"start":{"line":20,"column":3},"end":{"line":20,"column":4}},"loc":{"start":{"line":20,"column":15},"end":{"line":25,"column":2}},"line":20}},"branchMap":{},"s":{"0":1,"1":0,"2":0,"3":1},"f":{"0":0,"1":0,"2":1},"b":{},"meta":{"lastBranch":0,"lastFunction":3,"lastStatement":4,"seen":{"s:7:13:25:Infinity":0,"f:11:16:11:22":0,"s:11:22:11:33":1,"f:18:16:18:22":1,"s:18:22:18:32":2,"f:20:3:20:4":2,"s:20:15:25:2":3}}}
,"D:\\workspace-github\\plm-system-web\\src\\modules\\issue\\schemas\\issue-comments.ts": {"path":"D:\\workspace-github\\plm-system-web\\src\\modules\\issue\\schemas\\issue-comments.ts","statementMap":{"0":{"start":{"line":7,"column":13},"end":{"line":23,"column":null}},"1":{"start":{"line":11,"column":22},"end":{"line":11,"column":33}},"2":{"start":{"line":14,"column":22},"end":{"line":14,"column":32}},"3":{"start":{"line":18,"column":15},"end":{"line":23,"column":2}}},"fnMap":{"0":{"name":"(anonymous_0)","decl":{"start":{"line":11,"column":16},"end":{"line":11,"column":22}},"loc":{"start":{"line":11,"column":22},"end":{"line":11,"column":33}},"line":11},"1":{"name":"(anonymous_1)","decl":{"start":{"line":14,"column":16},"end":{"line":14,"column":22}},"loc":{"start":{"line":14,"column":22},"end":{"line":14,"column":32}},"line":14},"2":{"name":"(anonymous_2)","decl":{"start":{"line":18,"column":3},"end":{"line":18,"column":4}},"loc":{"start":{"line":18,"column":15},"end":{"line":23,"column":2}},"line":18}},"branchMap":{},"s":{"0":1,"1":0,"2":0,"3":1},"f":{"0":0,"1":0,"2":1},"b":{},"meta":{"lastBranch":0,"lastFunction":3,"lastStatement":4,"seen":{"s:7:13:23:Infinity":0,"f:11:16:11:22":0,"s:11:22:11:33":1,"f:14:16:14:22":1,"s:14:22:14:32":2,"f:18:3:18:4":2,"s:18:15:23:2":3}}}
,"D:\\workspace-github\\plm-system-web\\src\\modules\\issue\\schemas\\issue-labels.ts": {"path":"D:\\workspace-github\\plm-system-web\\src\\modules\\issue\\schemas\\issue-labels.ts","statementMap":{"0":{"start":{"line":7,"column":13},"end":{"line":21,"column":null}},"1":{"start":{"line":10,"column":22},"end":{"line":10,"column":33}},"2":{"start":{"line":13,"column":22},"end":{"line":13,"column":33}},"3":{"start":{"line":14,"column":15},"end":{"line":21,"column":2}}},"fnMap":{"0":{"name":"(anonymous_0)","decl":{"start":{"line":10,"column":16},"end":{"line":10,"column":22}},"loc":{"start":{"line":10,"column":22},"end":{"line":10,"column":33}},"line":10},"1":{"name":"(anonymous_1)","decl":{"start":{"line":13,"column":16},"end":{"line":13,"column":22}},"loc":{"start":{"line":13,"column":22},"end":{"line":13,"column":33}},"line":13},"2":{"name":"(anonymous_2)","decl":{"start":{"line":14,"column":3},"end":{"line":14,"column":4}},"loc":{"start":{"line":14,"column":15},"end":{"line":21,"column":2}},"line":14}},"branchMap":{},"s":{"0":1,"1":0,"2":0,"3":1},"f":{"0":0,"1":0,"2":1},"b":{},"meta":{"lastBranch":0,"lastFunction":3,"lastStatement":4,"seen":{"s:7:13:21:Infinity":0,"f:10:16:10:22":0,"s:10:22:10:33":1,"f:13:16:13:22":1,"s:13:22:13:33":2,"f:14:3:14:4":2,"s:14:15:21:2":3}}}
,"D:\\workspace-github\\plm-system-web\\src\\modules\\issue\\schemas\\issues.ts": {"path":"D:\\workspace-github\\plm-system-web\\src\\modules\\issue\\schemas\\issues.ts","statementMap":{"0":{"start":{"line":8,"column":13},"end":{"line":14,"column":null}},"1":{"start":{"line":17,"column":13},"end":{"line":23,"column":null}},"2":{"start":{"line":26,"column":13},"end":{"line":31,"column":null}},"3":{"start":{"line":34,"column":13},"end":{"line":69,"column":null}},"4":{"start":{"line":38,"column":22},"end":{"line":38,"column":35}},"5":{"start":{"line":46,"column":51},"end":{"line":46,"column":61}},"6":{"start":{"line":49,"column":22},"end":{"line":49,"column":32}},"7":{"start":{"line":56,"column":15},"end":{"line":69,"column":2}}},"fnMap":{"0":{"name":"(anonymous_0)","decl":{"start":{"line":38,"column":16},"end":{"line":38,"column":22}},"loc":{"start":{"line":38,"column":22},"end":{"line":38,"column":35}},"line":38},"1":{"name":"(anonymous_1)","decl":{"start":{"line":46,"column":45},"end":{"line":46,"column":51}},"loc":{"start":{"line":46,"column":51},"end":{"line":46,"column":61}},"line":46},"2":{"name":"(anonymous_2)","decl":{"start":{"line":49,"column":16},"end":{"line":49,"column":22}},"loc":{"start":{"line":49,"column":22},"end":{"line":49,"column":32}},"line":49},"3":{"name":"(anonymous_3)","decl":{"start":{"line":56,"column":3},"end":{"line":56,"column":4}},"loc":{"start":{"line":56,"column":15},"end":{"line":69,"column":2}},"line":56}},"branchMap":{},"s":{"0":1,"1":1,"2":1,"3":1,"4":0,"5":0,"6":0,"7":1},"f":{"0":0,"1":0,"2":0,"3":1},"b":{},"meta":{"lastBranch":0,"lastFunction":4,"lastStatement":8,"seen":{"s:8:13:14:Infinity":0,"s:17:13:23:Infinity":1,"s:26:13:31:Infinity":2,"s:34:13:69:Infinity":3,"f:38:16:38:22":0,"s:38:22:38:35":4,"f:46:45:46:51":1,"s:46:51:46:61":5,"f:49:16:49:22":2,"s:49:22:49:32":6,"f:56:3:56:4":3,"s:56:15:69:2":7}}}
,"D:\\workspace-github\\plm-system-web\\src\\modules\\issue\\schemas\\labels.ts": {"path":"D:\\workspace-github\\plm-system-web\\src\\modules\\issue\\schemas\\labels.ts","statementMap":{"0":{"start":{"line":6,"column":13},"end":{"line":19,"column":null}},"1":{"start":{"line":10,"column":22},"end":{"line":10,"column":35}},"2":{"start":{"line":14,"column":15},"end":{"line":19,"column":2}}},"fnMap":{"0":{"name":"(anonymous_0)","decl":{"start":{"line":10,"column":16},"end":{"line":10,"column":22}},"loc":{"start":{"line":10,"column":22},"end":{"line":10,"column":35}},"line":10},"1":{"name":"(anonymous_1)","decl":{"start":{"line":14,"column":3},"end":{"line":14,"column":4}},"loc":{"start":{"line":14,"column":15},"end":{"line":19,"column":2}},"line":14}},"branchMap":{},"s":{"0":1,"1":0,"2":1},"f":{"0":0,"1":1},"b":{},"meta":{"lastBranch":0,"lastFunction":2,"lastStatement":3,"seen":{"s:6:13:19:Infinity":0,"f:10:16:10:22":0,"s:10:22:10:35":1,"f:14:3:14:4":1,"s:14:15:19:2":2}}}
,"D:\\workspace-github\\plm-system-web\\src\\modules\\issue\\schemas\\milestones.ts": {"path":"D:\\workspace-github\\plm-system-web\\src\\modules\\issue\\schemas\\milestones.ts","statementMap":{"0":{"start":{"line":6,"column":13},"end":{"line":6,"column":null}},"1":{"start":{"line":9,"column":13},"end":{"line":24,"column":null}},"2":{"start":{"line":13,"column":22},"end":{"line":13,"column":35}},"3":{"start":{"line":19,"column":15},"end":{"line":24,"column":2}}},"fnMap":{"0":{"name":"(anonymous_0)","decl":{"start":{"line":13,"column":16},"end":{"line":13,"column":22}},"loc":{"start":{"line":13,"column":22},"end":{"line":13,"column":35}},"line":13},"1":{"name":"(anonymous_1)","decl":{"start":{"line":19,"column":3},"end":{"line":19,"column":4}},"loc":{"start":{"line":19,"column":15},"end":{"line":24,"column":2}},"line":19}},"branchMap":{},"s":{"0":1,"1":1,"2":0,"3":1},"f":{"0":0,"1":1},"b":{},"meta":{"lastBranch":0,"lastFunction":2,"lastStatement":4,"seen":{"s:6:13:6:Infinity":0,"s:9:13:24:Infinity":1,"f:13:16:13:22":0,"s:13:22:13:35":2,"f:19:3:19:4":1,"s:19:15:24:2":3}}}
,"D:\\workspace-github\\plm-system-web\\src\\modules\\notification\\schemas\\index.ts": {"path":"D:\\workspace-github\\plm-system-web\\src\\modules\\notification\\schemas\\index.ts","statementMap":{},"fnMap":{},"branchMap":{},"s":{},"f":{},"b":{},"meta":{"lastBranch":0,"lastFunction":0,"lastStatement":0,"seen":{}}}
,"D:\\workspace-github\\plm-system-web\\src\\modules\\notification\\schemas\\notification-recipients.ts": {"path":"D:\\workspace-github\\plm-system-web\\src\\modules\\notification\\schemas\\notification-recipients.ts","statementMap":{"0":{"start":{"line":7,"column":13},"end":{"line":25,"column":null}},"1":{"start":{"line":11,"column":22},"end":{"line":11,"column":40}},"2":{"start":{"line":14,"column":22},"end":{"line":14,"column":32}},"3":{"start":{"line":17,"column":15},"end":{"line":25,"column":2}}},"fnMap":{"0":{"name":"(anonymous_0)","decl":{"start":{"line":11,"column":16},"end":{"line":11,"column":22}},"loc":{"start":{"line":11,"column":22},"end":{"line":11,"column":40}},"line":11},"1":{"name":"(anonymous_1)","decl":{"start":{"line":14,"column":16},"end":{"line":14,"column":22}},"loc":{"start":{"line":14,"column":22},"end":{"line":14,"column":32}},"line":14},"2":{"name":"(anonymous_2)","decl":{"start":{"line":17,"column":3},"end":{"line":17,"column":4}},"loc":{"start":{"line":17,"column":15},"end":{"line":25,"column":2}},"line":17}},"branchMap":{},"s":{"0":1,"1":0,"2":0,"3":1},"f":{"0":0,"1":0,"2":1},"b":{},"meta":{"lastBranch":0,"lastFunction":3,"lastStatement":4,"seen":{"s:7:13:25:Infinity":0,"f:11:16:11:22":0,"s:11:22:11:40":1,"f:14:16:14:22":1,"s:14:22:14:32":2,"f:17:3:17:4":2,"s:17:15:25:2":3}}}
,"D:\\workspace-github\\plm-system-web\\src\\modules\\notification\\schemas\\notifications.ts": {"path":"D:\\workspace-github\\plm-system-web\\src\\modules\\notification\\schemas\\notifications.ts","statementMap":{"0":{"start":{"line":6,"column":13},"end":{"line":12,"column":null}},"1":{"start":{"line":15,"column":13},"end":{"line":31,"column":null}},"2":{"start":{"line":22,"column":49},"end":{"line":22,"column":59}},"3":{"start":{"line":24,"column":15},"end":{"line":31,"column":2}}},"fnMap":{"0":{"name":"(anonymous_0)","decl":{"start":{"line":22,"column":43},"end":{"line":22,"column":49}},"loc":{"start":{"line":22,"column":49},"end":{"line":22,"column":59}},"line":22},"1":{"name":"(anonymous_1)","decl":{"start":{"line":24,"column":3},"end":{"line":24,"column":4}},"loc":{"start":{"line":24,"column":15},"end":{"line":31,"column":2}},"line":24}},"branchMap":{},"s":{"0":1,"1":1,"2":0,"3":1},"f":{"0":0,"1":1},"b":{},"meta":{"lastBranch":0,"lastFunction":2,"lastStatement":4,"seen":{"s:6:13:12:Infinity":0,"s:15:13:31:Infinity":1,"f:22:43:22:49":0,"s:22:49:22:59":2,"f:24:3:24:4":1,"s:24:15:31:2":3}}}
,"D:\\workspace-github\\plm-system-web\\src\\modules\\plm\\bom-utils.ts": {"path":"D:\\workspace-github\\plm-system-web\\src\\modules\\plm\\bom-utils.ts","statementMap":{"0":{"start":{"line":35,"column":2},"end":{"line":37,"column":null}},"1":{"start":{"line":36,"column":4},"end":{"line":36,"column":null}},"2":{"start":{"line":40,"column":14},"end":{"line":40,"column":null}},"3":{"start":{"line":41,"column":2},"end":{"line":46,"column":null}},"4":{"start":{"line":42,"column":4},"end":{"line":44,"column":null}},"5":{"start":{"line":43,"column":6},"end":{"line":43,"column":null}},"6":{"start":{"line":45,"column":4},"end":{"line":45,"column":null}},"7":{"start":{"line":49,"column":18},"end":{"line":49,"column":null}},"8":{"start":{"line":50,"column":16},"end":{"line":50,"column":null}},"9":{"start":{"line":52,"column":2},"end":{"line":71,"column":null}},"10":{"start":{"line":53,"column":20},"end":{"line":53,"column":null}},"11":{"start":{"line":55,"column":4},"end":{"line":57,"column":null}},"12":{"start":{"line":56,"column":6},"end":{"line":56,"column":null}},"13":{"start":{"line":59,"column":4},"end":{"line":61,"column":null}},"14":{"start":{"line":60,"column":6},"end":{"line":60,"column":null}},"15":{"start":{"line":63,"column":4},"end":{"line":63,"column":null}},"16":{"start":{"line":65,"column":21},"end":{"line":65,"column":null}},"17":{"start":{"line":66,"column":4},"end":{"line":70,"column":null}},"18":{"start":{"line":67,"column":6},"end":{"line":69,"column":null}},"19":{"start":{"line":68,"column":8},"end":{"line":68,"column":null}},"20":{"start":{"line":73,"column":2},"end":{"line":73,"column":null}},"21":{"start":{"line":91,"column":19},"end":{"line":91,"column":null}},"22":{"start":{"line":92,"column":2},"end":{"line":94,"column":null}},"23":{"start":{"line":93,"column":4},"end":{"line":93,"column":null}},"24":{"start":{"line":97,"column":14},"end":{"line":97,"column":null}},"25":{"start":{"line":98,"column":2},"end":{"line":103,"column":null}},"26":{"start":{"line":99,"column":4},"end":{"line":101,"column":null}},"27":{"start":{"line":100,"column":6},"end":{"line":100,"column":null}},"28":{"start":{"line":102,"column":4},"end":{"line":102,"column":null}},"29":{"start":{"line":106,"column":20},"end":{"line":169,"column":null}},"30":{"start":{"line":114,"column":4},"end":{"line":116,"column":null}},"31":{"start":{"line":115,"column":6},"end":{"line":115,"column":null}},"32":{"start":{"line":118,"column":4},"end":{"line":120,"column":null}},"33":{"start":{"line":119,"column":6},"end":{"line":119,"column":null}},"34":{"start":{"line":122,"column":4},"end":{"line":122,"column":null}},"35":{"start":{"line":124,"column":17},"end":{"line":124,"column":null}},"36":{"start":{"line":125,"column":4},"end":{"line":127,"column":null}},"37":{"start":{"line":126,"column":6},"end":{"line":126,"column":null}},"38":{"start":{"line":130,"column":23},"end":{"line":130,"column":null}},"39":{"start":{"line":131,"column":4},"end":{"line":131,"column":null}},"40":{"start":{"line":131,"column":24},"end":{"line":131,"column":77}},"41":{"start":{"line":134,"column":36},"end":{"line":134,"column":null}},"42":{"start":{"line":135,"column":4},"end":{"line":154,"column":null}},"43":{"start":{"line":136,"column":24},"end":{"line":136,"column":null}},"44":{"start":{"line":137,"column":27},"end":{"line":137,"column":null}},"45":{"start":{"line":138,"column":24},"end":{"line":145,"column":null}},"46":{"start":{"line":148,"column":6},"end":{"line":148,"column":null}},"47":{"start":{"line":149,"column":6},"end":{"line":149,"column":null}},"48":{"start":{"line":150,"column":6},"end":{"line":150,"column":null}},"49":{"start":{"line":151,"column":6},"end":{"line":151,"column":null}},"50":{"start":{"line":153,"column":6},"end":{"line":153,"column":null}},"51":{"start":{"line":156,"column":4},"end":{"line":168,"column":null}},"52":{"start":{"line":171,"column":2},"end":{"line":171,"column":null}},"53":{"start":{"line":181,"column":32},"end":{"line":181,"column":null}},"54":{"start":{"line":183,"column":18},"end":{"line":205,"column":null}},"55":{"start":{"line":184,"column":4},"end":{"line":196,"column":null}},"56":{"start":{"line":198,"column":4},"end":{"line":204,"column":null}},"57":{"start":{"line":200,"column":19},"end":{"line":200,"column":null}},"58":{"start":{"line":200,"column":58},"end":{"line":200,"column":83}},"59":{"start":{"line":201,"column":6},"end":{"line":201,"column":null}},"60":{"start":{"line":202,"column":6},"end":{"line":202,"column":null}},"61":{"start":{"line":203,"column":6},"end":{"line":203,"column":null}},"62":{"start":{"line":208,"column":27},"end":{"line":212,"column":null}},"63":{"start":{"line":214,"column":2},"end":{"line":214,"column":null}},"64":{"start":{"line":215,"column":2},"end":{"line":215,"column":null}},"65":{"start":{"line":230,"column":14},"end":{"line":230,"column":null}},"66":{"start":{"line":232,"column":20},"end":{"line":241,"column":null}},"67":{"start":{"line":233,"column":4},"end":{"line":235,"column":null}},"68":{"start":{"line":234,"column":6},"end":{"line":234,"column":null}},"69":{"start":{"line":237,"column":4},"end":{"line":240,"column":null}},"70":{"start":{"line":238,"column":23},"end":{"line":238,"column":null}},"71":{"start":{"line":239,"column":6},"end":{"line":239,"column":null}},"72":{"start":{"line":243,"column":2},"end":{"line":243,"column":null}},"73":{"start":{"line":244,"column":2},"end":{"line":244,"column":null}},"74":{"start":{"line":255,"column":28},"end":{"line":255,"column":null}},"75":{"start":{"line":257,"column":2},"end":{"line":261,"column":null}},"76":{"start":{"line":258,"column":4},"end":{"line":260,"column":null}},"77":{"start":{"line":259,"column":6},"end":{"line":259,"column":null}},"78":{"start":{"line":263,"column":2},"end":{"line":263,"column":null}},"79":{"start":{"line":282,"column":27},"end":{"line":282,"column":null}},"80":{"start":{"line":285,"column":2},"end":{"line":288,"column":null}},"81":{"start":{"line":286,"column":4},"end":{"line":286,"column":null}},"82":{"start":{"line":287,"column":4},"end":{"line":287,"column":null}},"83":{"start":{"line":291,"column":14},"end":{"line":291,"column":null}},"84":{"start":{"line":292,"column":2},"end":{"line":297,"column":null}},"85":{"start":{"line":293,"column":4},"end":{"line":295,"column":null}},"86":{"start":{"line":294,"column":6},"end":{"line":294,"column":null}},"87":{"start":{"line":296,"column":4},"end":{"line":296,"column":null}},"88":{"start":{"line":299,"column":21},"end":{"line":320,"column":null}},"89":{"start":{"line":300,"column":4},"end":{"line":303,"column":null}},"90":{"start":{"line":301,"column":6},"end":{"line":301,"column":null}},"91":{"start":{"line":302,"column":6},"end":{"line":302,"column":null}},"92":{"start":{"line":305,"column":4},"end":{"line":308,"column":null}},"93":{"start":{"line":306,"column":6},"end":{"line":306,"column":null}},"94":{"start":{"line":307,"column":6},"end":{"line":307,"column":null}},"95":{"start":{"line":310,"column":4},"end":{"line":310,"column":null}},"96":{"start":{"line":313,"column":21},"end":{"line":313,"column":null}},"97":{"start":{"line":314,"column":4},"end":{"line":319,"column":null}},"98":{"start":{"line":315,"column":6},"end":{"line":317,"column":null}},"99":{"start":{"line":316,"column":8},"end":{"line":316,"column":null}},"100":{"start":{"line":318,"column":6},"end":{"line":318,"column":null}},"101":{"start":{"line":322,"column":2},"end":{"line":322,"column":null}},"102":{"start":{"line":324,"column":2},"end":{"line":327,"column":null}}},"fnMap":{"0":{"name":"detectCycle","decl":{"start":{"line":29,"column":16},"end":{"line":29,"column":null}},"loc":{"start":{"line":33,"column":11},"end":{"line":74,"column":null}},"line":33},"1":{"name":"buildBomTree","decl":{"start":{"line":85,"column":16},"end":{"line":85,"column":null}},"loc":{"start":{"line":90,"column":15},"end":{"line":172,"column":null}},"line":90},"2":{"name":"(anonymous_2)","decl":{"start":{"line":106,"column":20},"end":{"line":106,"column":null}},"loc":{"start":{"line":113,"column":20},"end":{"line":169,"column":null}},"line":113},"3":{"name":"(anonymous_3)","decl":{"start":{"line":131,"column":20},"end":{"line":131,"column":21}},"loc":{"start":{"line":131,"column":24},"end":{"line":131,"column":77}},"line":131},"4":{"name":"flattenBomTree","decl":{"start":{"line":180,"column":16},"end":{"line":180,"column":31}},"loc":{"start":{"line":180,"column":65},"end":{"line":216,"column":null}},"line":180},"5":{"name":"(anonymous_5)","decl":{"start":{"line":183,"column":18},"end":{"line":183,"column":19}},"loc":{"start":{"line":183,"column":41},"end":{"line":205,"column":null}},"line":183},"6":{"name":"(anonymous_6)","decl":{"start":{"line":200,"column":38},"end":{"line":200,"column":39}},"loc":{"start":{"line":200,"column":58},"end":{"line":200,"column":83}},"line":200},"7":{"name":"calculateTotalQuantity","decl":{"start":{"line":226,"column":16},"end":{"line":226,"column":null}},"loc":{"start":{"line":229,"column":10},"end":{"line":245,"column":null}},"line":229},"8":{"name":"(anonymous_8)","decl":{"start":{"line":232,"column":20},"end":{"line":232,"column":21}},"loc":{"start":{"line":232,"column":63},"end":{"line":241,"column":null}},"line":232},"9":{"name":"findWhereUsed","decl":{"start":{"line":254,"column":16},"end":{"line":254,"column":30}},"loc":{"start":{"line":254,"column":74},"end":{"line":264,"column":null}},"line":254},"10":{"name":"validateBomTree","decl":{"start":{"line":276,"column":16},"end":{"line":276,"column":null}},"loc":{"start":{"line":281,"column":40},"end":{"line":328,"column":null}},"line":281},"11":{"name":"(anonymous_11)","decl":{"start":{"line":299,"column":21},"end":{"line":299,"column":22}},"loc":{"start":{"line":299,"column":84},"end":{"line":320,"column":null}},"line":299}},"branchMap":{"0":{"loc":{"start":{"line":35,"column":2},"end":{"line":37,"column":null}},"type":"if","locations":[{"start":{"line":35,"column":2},"end":{"line":37,"column":null}},{"start":{},"end":{}}],"line":35},"1":{"loc":{"start":{"line":42,"column":4},"end":{"line":44,"column":null}},"type":"if","locations":[{"start":{"line":42,"column":4},"end":{"line":44,"column":null}},{"start":{},"end":{}}],"line":42},"2":{"loc":{"start":{"line":55,"column":4},"end":{"line":57,"column":null}},"type":"if","locations":[{"start":{"line":55,"column":4},"end":{"line":57,"column":null}},{"start":{},"end":{}}],"line":55},"3":{"loc":{"start":{"line":59,"column":4},"end":{"line":61,"column":null}},"type":"if","locations":[{"start":{"line":59,"column":4},"end":{"line":61,"column":null}},{"start":{},"end":{}}],"line":59},"4":{"loc":{"start":{"line":65,"column":21},"end":{"line":65,"column":null}},"type":"binary-expr","locations":[{"start":{"line":65,"column":21},"end":{"line":65,"column":41}},{"start":{"line":65,"column":41},"end":{"line":65,"column":null}}],"line":65},"5":{"loc":{"start":{"line":67,"column":6},"end":{"line":69,"column":null}},"type":"if","locations":[{"start":{"line":67,"column":6},"end":{"line":69,"column":null}},{"start":{},"end":{}}],"line":67},"6":{"loc":{"start":{"line":89,"column":2},"end":{"line":89,"column":null}},"type":"default-arg","locations":[{"start":{"line":89,"column":21},"end":{"line":89,"column":null}}],"line":89},"7":{"loc":{"start":{"line":92,"column":2},"end":{"line":94,"column":null}},"type":"if","locations":[{"start":{"line":92,"column":2},"end":{"line":94,"column":null}},{"start":{},"end":{}}],"line":92},"8":{"loc":{"start":{"line":99,"column":4},"end":{"line":101,"column":null}},"type":"if","locations":[{"start":{"line":99,"column":4},"end":{"line":101,"column":null}},{"start":{},"end":{}}],"line":99},"9":{"loc":{"start":{"line":111,"column":4},"end":{"line":111,"column":null}},"type":"default-arg","locations":[{"start":{"line":111,"column":29},"end":{"line":111,"column":null}}],"line":111},"10":{"loc":{"start":{"line":112,"column":4},"end":{"line":112,"column":null}},"type":"default-arg","locations":[{"start":{"line":112,"column":25},"end":{"line":112,"column":null}}],"line":112},"11":{"loc":{"start":{"line":114,"column":4},"end":{"line":116,"column":null}},"type":"if","locations":[{"start":{"line":114,"column":4},"end":{"line":116,"column":null}},{"start":{},"end":{}}],"line":114},"12":{"loc":{"start":{"line":118,"column":4},"end":{"line":120,"column":null}},"type":"if","locations":[{"start":{"line":118,"column":4},"end":{"line":120,"column":null}},{"start":{},"end":{}}],"line":118},"13":{"loc":{"start":{"line":125,"column":4},"end":{"line":127,"column":null}},"type":"if","locations":[{"start":{"line":125,"column":4},"end":{"line":127,"column":null}},{"start":{},"end":{}}],"line":125},"14":{"loc":{"start":{"line":130,"column":23},"end":{"line":130,"column":null}},"type":"binary-expr","locations":[{"start":{"line":130,"column":23},"end":{"line":130,"column":42}},{"start":{"line":130,"column":42},"end":{"line":130,"column":null}}],"line":130},"15":{"loc":{"start":{"line":131,"column":31},"end":{"line":131,"column":56}},"type":"binary-expr","locations":[{"start":{"line":131,"column":31},"end":{"line":131,"column":50}},{"start":{"line":131,"column":50},"end":{"line":131,"column":56}}],"line":131},"16":{"loc":{"start":{"line":131,"column":56},"end":{"line":131,"column":77}},"type":"binary-expr","locations":[{"start":{"line":131,"column":56},"end":{"line":131,"column":75}},{"start":{"line":131,"column":75},"end":{"line":131,"column":77}}],"line":131},"17":{"loc":{"start":{"line":136,"column":24},"end":{"line":136,"column":null}},"type":"cond-expr","locations":[{"start":{"line":136,"column":31},"end":{"line":136,"column":64}},{"start":{"line":136,"column":64},"end":{"line":136,"column":null}}],"line":136},"18":{"loc":{"start":{"line":144,"column":8},"end":{"line":144,"column":null}},"type":"binary-expr","locations":[{"start":{"line":144,"column":8},"end":{"line":144,"column":21}},{"start":{"line":144,"column":21},"end":{"line":144,"column":null}}],"line":144},"19":{"loc":{"start":{"line":149,"column":23},"end":{"line":149,"column":null}},"type":"binary-expr","locations":[{"start":{"line":149,"column":23},"end":{"line":149,"column":36}},{"start":{"line":149,"column":36},"end":{"line":149,"column":null}}],"line":149},"20":{"loc":{"start":{"line":162,"column":15},"end":{"line":162,"column":null}},"type":"binary-expr","locations":[{"start":{"line":162,"column":15},"end":{"line":162,"column":30}},{"start":{"line":162,"column":30},"end":{"line":162,"column":null}}],"line":162},"21":{"loc":{"start":{"line":163,"column":16},"end":{"line":163,"column":null}},"type":"cond-expr","locations":[{"start":{"line":163,"column":30},"end":{"line":163,"column":36}},{"start":{"line":163,"column":36},"end":{"line":163,"column":null}}],"line":163},"22":{"loc":{"start":{"line":164,"column":12},"end":{"line":164,"column":null}},"type":"cond-expr","locations":[{"start":{"line":164,"column":26},"end":{"line":164,"column":33}},{"start":{"line":164,"column":33},"end":{"line":164,"column":null}}],"line":164},"23":{"loc":{"start":{"line":201,"column":23},"end":{"line":201,"column":null}},"type":"binary-expr","locations":[{"start":{"line":201,"column":23},"end":{"line":201,"column":41}},{"start":{"line":201,"column":41},"end":{"line":201,"column":null}}],"line":201},"24":{"loc":{"start":{"line":202,"column":19},"end":{"line":202,"column":null}},"type":"binary-expr","locations":[{"start":{"line":202,"column":19},"end":{"line":202,"column":33}},{"start":{"line":202,"column":33},"end":{"line":202,"column":null}}],"line":202},"25":{"loc":{"start":{"line":233,"column":4},"end":{"line":235,"column":null}},"type":"if","locations":[{"start":{"line":233,"column":4},"end":{"line":235,"column":null}},{"start":{},"end":{}}],"line":233},"26":{"loc":{"start":{"line":238,"column":23},"end":{"line":238,"column":null}},"type":"binary-expr","locations":[{"start":{"line":238,"column":23},"end":{"line":238,"column":53}},{"start":{"line":238,"column":53},"end":{"line":238,"column":null}}],"line":238},"27":{"loc":{"start":{"line":258,"column":4},"end":{"line":260,"column":null}},"type":"if","locations":[{"start":{"line":258,"column":4},"end":{"line":260,"column":null}},{"start":{},"end":{}}],"line":258},"28":{"loc":{"start":{"line":280,"column":2},"end":{"line":280,"column":null}},"type":"default-arg","locations":[{"start":{"line":280,"column":21},"end":{"line":280,"column":null}}],"line":280},"29":{"loc":{"start":{"line":285,"column":2},"end":{"line":288,"column":null}},"type":"if","locations":[{"start":{"line":285,"column":2},"end":{"line":288,"column":null}},{"start":{},"end":{}}],"line":285},"30":{"loc":{"start":{"line":293,"column":4},"end":{"line":295,"column":null}},"type":"if","locations":[{"start":{"line":293,"column":4},"end":{"line":295,"column":null}},{"start":{},"end":{}}],"line":293},"31":{"loc":{"start":{"line":300,"column":4},"end":{"line":303,"column":null}},"type":"if","locations":[{"start":{"line":300,"column":4},"end":{"line":303,"column":null}},{"start":{},"end":{}}],"line":300},"32":{"loc":{"start":{"line":305,"column":4},"end":{"line":308,"column":null}},"type":"if","locations":[{"start":{"line":305,"column":4},"end":{"line":308,"column":null}},{"start":{},"end":{}}],"line":305},"33":{"loc":{"start":{"line":313,"column":21},"end":{"line":313,"column":null}},"type":"binary-expr","locations":[{"start":{"line":313,"column":21},"end":{"line":313,"column":40}},{"start":{"line":313,"column":40},"end":{"line":313,"column":null}}],"line":313},"34":{"loc":{"start":{"line":315,"column":6},"end":{"line":317,"column":null}},"type":"if","locations":[{"start":{"line":315,"column":6},"end":{"line":317,"column":null}},{"start":{},"end":{}}],"line":315}},"s":{"0":7,"1":1,"2":6,"3":6,"4":14,"5":13,"6":14,"7":6,"8":6,"9":6,"10":16,"11":16,"12":3,"13":13,"14":0,"15":13,"16":13,"17":16,"18":11,"19":11,"20":3,"21":3,"22":3,"23":0,"24":3,"25":3,"26":7,"27":5,"28":7,"29":3,"30":10,"31":0,"32":10,"33":0,"34":10,"35":10,"36":10,"37":0,"38":10,"39":10,"40":2,"41":10,"42":10,"43":7,"44":7,"45":7,"46":7,"47":7,"48":7,"49":7,"50":7,"51":10,"52":3,"53":2,"54":2,"55":3,"56":3,"57":1,"58":1,"59":1,"60":1,"61":1,"62":2,"63":2,"64":2,"65":3,"66":3,"67":9,"68":3,"69":9,"70":6,"71":6,"72":3,"73":3,"74":5,"75":5,"76":25,"77":4,"78":5,"79":9,"80":9,"81":1,"82":1,"83":8,"84":8,"85":19,"86":17,"87":19,"88":8,"89":26,"90":1,"91":1,"92":25,"93":1,"94":1,"95":24,"96":24,"97":26,"98":18,"99":1,"100":18,"101":8,"102":8},"f":{"0":7,"1":3,"2":10,"3":2,"4":2,"5":3,"6":1,"7":3,"8":9,"9":5,"10":9,"11":26},"b":{"0":[1,6],"1":[13,1],"2":[3,13],"3":[0,13],"4":[13,3],"5":[11,0],"6":[3],"7":[0,3],"8":[5,2],"9":[10],"10":[10],"11":[0,10],"12":[0,10],"13":[0,10],"14":[10,5],"15":[2,1],"16":[2,1],"17":[7,0],"18":[7,0],"19":[7,0],"20":[10,10],"21":[3,7],"22":[3,7],"23":[1,0],"24":[1,0],"25":[3,6],"26":[6,0],"27":[4,21],"28":[9],"29":[1,8],"30":[17,2],"31":[1,25],"32":[1,24],"33":[24,8],"34":[1,17]},"meta":{"lastBranch":35,"lastFunction":12,"lastStatement":103,"seen":{"f:29:16:29:Infinity":0,"b:35:2:37:Infinity:undefined:undefined:undefined:undefined":0,"s:35:2:37:Infinity":0,"s:36:4:36:Infinity":1,"s:40:14:40:Infinity":2,"s:41:2:46:Infinity":3,"b:42:4:44:Infinity:undefined:undefined:undefined:undefined":1,"s:42:4:44:Infinity":4,"s:43:6:43:Infinity":5,"s:45:4:45:Infinity":6,"s:49:18:49:Infinity":7,"s:50:16:50:Infinity":8,"s:52:2:71:Infinity":9,"s:53:20:53:Infinity":10,"b:55:4:57:Infinity:undefined:undefined:undefined:undefined":2,"s:55:4:57:Infinity":11,"s:56:6:56:Infinity":12,"b:59:4:61:Infinity:undefined:undefined:undefined:undefined":3,"s:59:4:61:Infinity":13,"s:60:6:60:Infinity":14,"s:63:4:63:Infinity":15,"s:65:21:65:Infinity":16,"b:65:21:65:41:65:41:65:Infinity":4,"s:66:4:70:Infinity":17,"b:67:6:69:Infinity:undefined:undefined:undefined:undefined":5,"s:67:6:69:Infinity":18,"s:68:8:68:Infinity":19,"s:73:2:73:Infinity":20,"f:85:16:85:Infinity":1,"b:89:21:89:Infinity":6,"s:91:19:91:Infinity":21,"b:92:2:94:Infinity:undefined:undefined:undefined:undefined":7,"s:92:2:94:Infinity":22,"s:93:4:93:Infinity":23,"s:97:14:97:Infinity":24,"s:98:2:103:Infinity":25,"b:99:4:101:Infinity:undefined:undefined:undefined:undefined":8,"s:99:4:101:Infinity":26,"s:100:6:100:Infinity":27,"s:102:4:102:Infinity":28,"s:106:20:169:Infinity":29,"f:106:20:106:Infinity":2,"b:111:29:111:Infinity":9,"b:112:25:112:Infinity":10,"b:114:4:116:Infinity:undefined:undefined:undefined:undefined":11,"s:114:4:116:Infinity":30,"s:115:6:115:Infinity":31,"b:118:4:120:Infinity:undefined:undefined:undefined:undefined":12,"s:118:4:120:Infinity":32,"s:119:6:119:Infinity":33,"s:122:4:122:Infinity":34,"s:124:17:124:Infinity":35,"b:125:4:127:Infinity:undefined:undefined:undefined:undefined":13,"s:125:4:127:Infinity":36,"s:126:6:126:Infinity":37,"s:130:23:130:Infinity":38,"b:130:23:130:42:130:42:130:Infinity":14,"s:131:4:131:Infinity":39,"f:131:20:131:21":3,"s:131:24:131:77":40,"b:131:31:131:50:131:50:131:56":15,"b:131:56:131:75:131:75:131:77":16,"s:134:36:134:Infinity":41,"s:135:4:154:Infinity":42,"s:136:24:136:Infinity":43,"b:136:31:136:64:136:64:136:Infinity":17,"s:137:27:137:Infinity":44,"s:138:24:145:Infinity":45,"b:144:8:144:21:144:21:144:Infinity":18,"s:148:6:148:Infinity":46,"s:149:6:149:Infinity":47,"b:149:23:149:36:149:36:149:Infinity":19,"s:150:6:150:Infinity":48,"s:151:6:151:Infinity":49,"s:153:6:153:Infinity":50,"s:156:4:168:Infinity":51,"b:162:15:162:30:162:30:162:Infinity":20,"b:163:30:163:36:163:36:163:Infinity":21,"b:164:26:164:33:164:33:164:Infinity":22,"s:171:2:171:Infinity":52,"f:180:16:180:31":4,"s:181:32:181:Infinity":53,"s:183:18:205:Infinity":54,"f:183:18:183:19":5,"s:184:4:196:Infinity":55,"s:198:4:204:Infinity":56,"s:200:19:200:Infinity":57,"f:200:38:200:39":6,"s:200:58:200:83":58,"s:201:6:201:Infinity":59,"b:201:23:201:41:201:41:201:Infinity":23,"s:202:6:202:Infinity":60,"b:202:19:202:33:202:33:202:Infinity":24,"s:203:6:203:Infinity":61,"s:208:27:212:Infinity":62,"s:214:2:214:Infinity":63,"s:215:2:215:Infinity":64,"f:226:16:226:Infinity":7,"s:230:14:230:Infinity":65,"s:232:20:241:Infinity":66,"f:232:20:232:21":8,"b:233:4:235:Infinity:undefined:undefined:undefined:undefined":25,"s:233:4:235:Infinity":67,"s:234:6:234:Infinity":68,"s:237:4:240:Infinity":69,"s:238:23:238:Infinity":70,"b:238:23:238:53:238:53:238:Infinity":26,"s:239:6:239:Infinity":71,"s:243:2:243:Infinity":72,"s:244:2:244:Infinity":73,"f:254:16:254:30":9,"s:255:28:255:Infinity":74,"s:257:2:261:Infinity":75,"b:258:4:260:Infinity:undefined:undefined:undefined:undefined":27,"s:258:4:260:Infinity":76,"s:259:6:259:Infinity":77,"s:263:2:263:Infinity":78,"f:276:16:276:Infinity":10,"b:280:21:280:Infinity":28,"s:282:27:282:Infinity":79,"b:285:2:288:Infinity:undefined:undefined:undefined:undefined":29,"s:285:2:288:Infinity":80,"s:286:4:286:Infinity":81,"s:287:4:287:Infinity":82,"s:291:14:291:Infinity":83,"s:292:2:297:Infinity":84,"b:293:4:295:Infinity:undefined:undefined:undefined:undefined":30,"s:293:4:295:Infinity":85,"s:294:6:294:Infinity":86,"s:296:4:296:Infinity":87,"s:299:21:320:Infinity":88,"f:299:21:299:22":11,"b:300:4:303:Infinity:undefined:undefined:undefined:undefined":31,"s:300:4:303:Infinity":89,"s:301:6:301:Infinity":90,"s:302:6:302:Infinity":91,"b:305:4:308:Infinity:undefined:undefined:undefined:undefined":32,"s:305:4:308:Infinity":92,"s:306:6:306:Infinity":93,"s:307:6:307:Infinity":94,"s:310:4:310:Infinity":95,"s:313:21:313:Infinity":96,"b:313:21:313:40:313:40:313:Infinity":33,"s:314:4:319:Infinity":97,"b:315:6:317:Infinity:undefined:undefined:undefined:undefined":34,"s:315:6:317:Infinity":98,"s:316:8:316:Infinity":99,"s:318:6:318:Infinity":100,"s:322:2:322:Infinity":101,"s:324:2:327:Infinity":102}}}
,"D:\\workspace-github\\plm-system-web\\src\\modules\\plm\\revision-utils.ts": {"path":"D:\\workspace-github\\plm-system-web\\src\\modules\\plm\\revision-utils.ts","statementMap":{"0":{"start":{"line":6,"column":17},"end":{"line":6,"column":null}},"1":{"start":{"line":14,"column":2},"end":{"line":16,"column":null}},"2":{"start":{"line":15,"column":4},"end":{"line":15,"column":null}},"3":{"start":{"line":18,"column":2},"end":{"line":20,"column":null}},"4":{"start":{"line":19,"column":4},"end":{"line":19,"column":null}},"5":{"start":{"line":23,"column":16},"end":{"line":23,"column":null}},"6":{"start":{"line":24,"column":17},"end":{"line":24,"column":null}},"7":{"start":{"line":26,"column":2},"end":{"line":38,"column":null}},"8":{"start":{"line":27,"column":25},"end":{"line":27,"column":null}},"9":{"start":{"line":29,"column":4},"end":{"line":37,"column":null}},"10":{"start":{"line":31,"column":6},"end":{"line":31,"column":null}},"11":{"start":{"line":32,"column":6},"end":{"line":32,"column":null}},"12":{"start":{"line":35,"column":6},"end":{"line":35,"column":null}},"13":{"start":{"line":36,"column":6},"end":{"line":36,"column":null}},"14":{"start":{"line":41,"column":2},"end":{"line":41,"column":null}},"15":{"start":{"line":50,"column":2},"end":{"line":52,"column":null}},"16":{"start":{"line":51,"column":4},"end":{"line":51,"column":null}},"17":{"start":{"line":54,"column":2},"end":{"line":56,"column":null}},"18":{"start":{"line":55,"column":4},"end":{"line":55,"column":null}},"19":{"start":{"line":59,"column":16},"end":{"line":59,"column":null}},"20":{"start":{"line":60,"column":17},"end":{"line":60,"column":null}},"21":{"start":{"line":62,"column":2},"end":{"line":74,"column":null}},"22":{"start":{"line":63,"column":25},"end":{"line":63,"column":null}},"23":{"start":{"line":65,"column":4},"end":{"line":73,"column":null}},"24":{"start":{"line":67,"column":6},"end":{"line":67,"column":null}},"25":{"start":{"line":68,"column":6},"end":{"line":68,"column":null}},"26":{"start":{"line":71,"column":6},"end":{"line":71,"column":null}},"27":{"start":{"line":72,"column":6},"end":{"line":72,"column":null}},"28":{"start":{"line":78,"column":2},"end":{"line":78,"column":null}},"29":{"start":{"line":87,"column":2},"end":{"line":89,"column":null}},"30":{"start":{"line":88,"column":4},"end":{"line":88,"column":null}},"31":{"start":{"line":91,"column":2},"end":{"line":93,"column":null}},"32":{"start":{"line":92,"column":4},"end":{"line":92,"column":null}},"33":{"start":{"line":96,"column":2},"end":{"line":96,"column":null}},"34":{"start":{"line":103,"column":2},"end":{"line":103,"column":null}},"35":{"start":{"line":112,"column":2},"end":{"line":114,"column":null}},"36":{"start":{"line":113,"column":4},"end":{"line":113,"column":null}},"37":{"start":{"line":117,"column":2},"end":{"line":117,"column":null}},"38":{"start":{"line":117,"column":13},"end":{"line":117,"column":null}},"39":{"start":{"line":118,"column":2},"end":{"line":118,"column":null}},"40":{"start":{"line":118,"column":13},"end":{"line":118,"column":null}},"41":{"start":{"line":119,"column":2},"end":{"line":119,"column":null}},"42":{"start":{"line":126,"column":2},"end":{"line":126,"column":null}}},"fnMap":{"0":{"name":"getNextRevisionCode","decl":{"start":{"line":13,"column":16},"end":{"line":13,"column":36}},"loc":{"start":{"line":13,"column":68},"end":{"line":42,"column":null}},"line":13},"1":{"name":"getPreviousRevisionCode","decl":{"start":{"line":49,"column":16},"end":{"line":49,"column":40}},"loc":{"start":{"line":49,"column":72},"end":{"line":79,"column":null}},"line":49},"2":{"name":"validateRevisionCode","decl":{"start":{"line":86,"column":16},"end":{"line":86,"column":37}},"loc":{"start":{"line":86,"column":79},"end":{"line":97,"column":null}},"line":86},"3":{"name":"isValidCode","decl":{"start":{"line":102,"column":9},"end":{"line":102,"column":21}},"loc":{"start":{"line":102,"column":44},"end":{"line":104,"column":null}},"line":102},"4":{"name":"compareRevisionCodes","decl":{"start":{"line":110,"column":16},"end":{"line":110,"column":37}},"loc":{"start":{"line":110,"column":67},"end":{"line":120,"column":null}},"line":110},"5":{"name":"sortRevisionCodes","decl":{"start":{"line":125,"column":16},"end":{"line":125,"column":34}},"loc":{"start":{"line":125,"column":61},"end":{"line":127,"column":null}},"line":125}},"branchMap":{"0":{"loc":{"start":{"line":14,"column":2},"end":{"line":16,"column":null}},"type":"if","locations":[{"start":{"line":14,"column":2},"end":{"line":16,"column":null}},{"start":{},"end":{}}],"line":14},"1":{"loc":{"start":{"line":18,"column":2},"end":{"line":20,"column":null}},"type":"if","locations":[{"start":{"line":18,"column":2},"end":{"line":20,"column":null}},{"start":{},"end":{}}],"line":18},"2":{"loc":{"start":{"line":29,"column":4},"end":{"line":37,"column":null}},"type":"if","locations":[{"start":{"line":29,"column":4},"end":{"line":37,"column":null}},{"start":{"line":33,"column":11},"end":{"line":37,"column":null}}],"line":29},"3":{"loc":{"start":{"line":50,"column":2},"end":{"line":52,"column":null}},"type":"if","locations":[{"start":{"line":50,"column":2},"end":{"line":52,"column":null}},{"start":{},"end":{}}],"line":50},"4":{"loc":{"start":{"line":54,"column":2},"end":{"line":56,"column":null}},"type":"if","locations":[{"start":{"line":54,"column":2},"end":{"line":56,"column":null}},{"start":{},"end":{}}],"line":54},"5":{"loc":{"start":{"line":65,"column":4},"end":{"line":73,"column":null}},"type":"if","locations":[{"start":{"line":65,"column":4},"end":{"line":73,"column":null}},{"start":{"line":69,"column":11},"end":{"line":73,"column":null}}],"line":65},"6":{"loc":{"start":{"line":87,"column":2},"end":{"line":89,"column":null}},"type":"if","locations":[{"start":{"line":87,"column":2},"end":{"line":89,"column":null}},{"start":{},"end":{}}],"line":87},"7":{"loc":{"start":{"line":87,"column":6},"end":{"line":87,"column":43}},"type":"binary-expr","locations":[{"start":{"line":87,"column":6},"end":{"line":87,"column":23}},{"start":{"line":87,"column":23},"end":{"line":87,"column":43}}],"line":87},"8":{"loc":{"start":{"line":91,"column":2},"end":{"line":93,"column":null}},"type":"if","locations":[{"start":{"line":91,"column":2},"end":{"line":93,"column":null}},{"start":{},"end":{}}],"line":91},"9":{"loc":{"start":{"line":112,"column":2},"end":{"line":114,"column":null}},"type":"if","locations":[{"start":{"line":112,"column":2},"end":{"line":114,"column":null}},{"start":{},"end":{}}],"line":112},"10":{"loc":{"start":{"line":117,"column":2},"end":{"line":117,"column":null}},"type":"if","locations":[{"start":{"line":117,"column":2},"end":{"line":117,"column":null}},{"start":{},"end":{}}],"line":117},"11":{"loc":{"start":{"line":118,"column":2},"end":{"line":118,"column":null}},"type":"if","locations":[{"start":{"line":118,"column":2},"end":{"line":118,"column":null}},{"start":{},"end":{}}],"line":118}},"s":{"0":3,"1":51,"2":4,"3":47,"4":3,"5":44,"6":44,"7":44,"8":57,"9":57,"10":35,"11":35,"12":22,"13":22,"14":9,"15":30,"16":2,"17":28,"18":2,"19":26,"20":26,"21":26,"22":39,"23":39,"24":20,"25":20,"26":19,"27":19,"28":6,"29":33,"30":4,"31":29,"32":2,"33":27,"34":77,"35":44,"36":17,"37":27,"38":15,"39":12,"40":10,"41":2,"42":7},"f":{"0":51,"1":30,"2":33,"3":77,"4":44,"5":7},"b":{"0":[4,47],"1":[3,44],"2":[35,22],"3":[2,28],"4":[2,26],"5":[20,19],"6":[4,29],"7":[33,31],"8":[2,27],"9":[17,27],"10":[15,12],"11":[10,2]},"meta":{"lastBranch":12,"lastFunction":6,"lastStatement":43,"seen":{"s:6:17:6:Infinity":0,"f:13:16:13:36":0,"b:14:2:16:Infinity:undefined:undefined:undefined:undefined":0,"s:14:2:16:Infinity":1,"s:15:4:15:Infinity":2,"b:18:2:20:Infinity:undefined:undefined:undefined:undefined":1,"s:18:2:20:Infinity":3,"s:19:4:19:Infinity":4,"s:23:16:23:Infinity":5,"s:24:17:24:Infinity":6,"s:26:2:38:Infinity":7,"s:27:25:27:Infinity":8,"b:29:4:37:Infinity:33:11:37:Infinity":2,"s:29:4:37:Infinity":9,"s:31:6:31:Infinity":10,"s:32:6:32:Infinity":11,"s:35:6:35:Infinity":12,"s:36:6:36:Infinity":13,"s:41:2:41:Infinity":14,"f:49:16:49:40":1,"b:50:2:52:Infinity:undefined:undefined:undefined:undefined":3,"s:50:2:52:Infinity":15,"s:51:4:51:Infinity":16,"b:54:2:56:Infinity:undefined:undefined:undefined:undefined":4,"s:54:2:56:Infinity":17,"s:55:4:55:Infinity":18,"s:59:16:59:Infinity":19,"s:60:17:60:Infinity":20,"s:62:2:74:Infinity":21,"s:63:25:63:Infinity":22,"b:65:4:73:Infinity:69:11:73:Infinity":5,"s:65:4:73:Infinity":23,"s:67:6:67:Infinity":24,"s:68:6:68:Infinity":25,"s:71:6:71:Infinity":26,"s:72:6:72:Infinity":27,"s:78:2:78:Infinity":28,"f:86:16:86:37":2,"b:87:2:89:Infinity:undefined:undefined:undefined:undefined":6,"s:87:2:89:Infinity":29,"b:87:6:87:23:87:23:87:43":7,"s:88:4:88:Infinity":30,"b:91:2:93:Infinity:undefined:undefined:undefined:undefined":8,"s:91:2:93:Infinity":31,"s:92:4:92:Infinity":32,"s:96:2:96:Infinity":33,"f:102:9:102:21":3,"s:103:2:103:Infinity":34,"f:110:16:110:37":4,"b:112:2:114:Infinity:undefined:undefined:undefined:undefined":9,"s:112:2:114:Infinity":35,"s:113:4:113:Infinity":36,"b:117:2:117:Infinity:undefined:undefined:undefined:undefined":10,"s:117:2:117:Infinity":37,"s:117:13:117:Infinity":38,"b:118:2:118:Infinity:undefined:undefined:undefined:undefined":11,"s:118:2:118:Infinity":39,"s:118:13:118:Infinity":40,"s:119:2:119:Infinity":41,"f:125:16:125:34":5,"s:126:2:126:Infinity":42}}}
,"D:\\workspace-github\\plm-system-web\\src\\modules\\plm\\service.ts": {"path":"D:\\workspace-github\\plm-system-web\\src\\modules\\plm\\service.ts","statementMap":{"0":{"start":{"line":56,"column":28},"end":{"line":56,"column":null}},"1":{"start":{"line":57,"column":29},"end":{"line":57,"column":null}},"2":{"start":{"line":58,"column":29},"end":{"line":58,"column":null}},"3":{"start":{"line":59,"column":25},"end":{"line":59,"column":null}},"4":{"start":{"line":60,"column":22},"end":{"line":60,"column":null}},"5":{"start":{"line":70,"column":2},"end":{"line":72,"column":null}},"6":{"start":{"line":71,"column":4},"end":{"line":71,"column":null}},"7":{"start":{"line":74,"column":2},"end":{"line":79,"column":null}},"8":{"start":{"line":75,"column":4},"end":{"line":78,"column":null}},"9":{"start":{"line":86,"column":2},"end":{"line":88,"column":null}},"10":{"start":{"line":87,"column":4},"end":{"line":87,"column":null}},"11":{"start":{"line":90,"column":2},"end":{"line":95,"column":null}},"12":{"start":{"line":91,"column":4},"end":{"line":94,"column":null}},"13":{"start":{"line":97,"column":2},"end":{"line":102,"column":null}},"14":{"start":{"line":98,"column":4},"end":{"line":101,"column":null}},"15":{"start":{"line":112,"column":19},"end":{"line":121,"column":null}},"16":{"start":{"line":123,"column":2},"end":{"line":123,"column":null}},"17":{"start":{"line":134,"column":2},"end":{"line":134,"column":null}},"18":{"start":{"line":135,"column":2},"end":{"line":135,"column":null}},"19":{"start":{"line":138,"column":2},"end":{"line":143,"column":null}},"20":{"start":{"line":139,"column":4},"end":{"line":142,"column":null}},"21":{"start":{"line":146,"column":2},"end":{"line":184,"column":null}},"22":{"start":{"line":148,"column":29},"end":{"line":156,"column":null}},"23":{"start":{"line":158,"column":22},"end":{"line":158,"column":null}},"24":{"start":{"line":161,"column":41},"end":{"line":167,"column":null}},"25":{"start":{"line":169,"column":23},"end":{"line":169,"column":null}},"26":{"start":{"line":172,"column":4},"end":{"line":175,"column":null}},"27":{"start":{"line":177,"column":4},"end":{"line":183,"column":null}},"28":{"start":{"line":194,"column":17},"end":{"line":198,"column":null}},"29":{"start":{"line":200,"column":2},"end":{"line":202,"column":null}},"30":{"start":{"line":201,"column":4},"end":{"line":201,"column":null}},"31":{"start":{"line":206,"column":2},"end":{"line":214,"column":null}},"32":{"start":{"line":207,"column":23},"end":{"line":211,"column":null}},"33":{"start":{"line":213,"column":4},"end":{"line":213,"column":null}},"34":{"start":{"line":217,"column":26},"end":{"line":220,"column":null}},"35":{"start":{"line":223,"column":25},"end":{"line":226,"column":null}},"36":{"start":{"line":229,"column":27},"end":{"line":232,"column":null}},"37":{"start":{"line":234,"column":2},"end":{"line":240,"column":null}},"38":{"start":{"line":256,"column":6},"end":{"line":256,"column":null}},"39":{"start":{"line":259,"column":21},"end":{"line":259,"column":null}},"40":{"start":{"line":261,"column":2},"end":{"line":263,"column":null}},"41":{"start":{"line":262,"column":4},"end":{"line":262,"column":null}},"42":{"start":{"line":265,"column":2},"end":{"line":267,"column":null}},"43":{"start":{"line":266,"column":4},"end":{"line":266,"column":null}},"44":{"start":{"line":270,"column":24},"end":{"line":270,"column":null}},"45":{"start":{"line":271,"column":2},"end":{"line":278,"column":null}},"46":{"start":{"line":272,"column":23},"end":{"line":272,"column":null}},"47":{"start":{"line":273,"column":4},"end":{"line":276,"column":null}},"48":{"start":{"line":281,"column":26},"end":{"line":283,"column":null}},"49":{"start":{"line":285,"column":22},"end":{"line":288,"column":null}},"50":{"start":{"line":291,"column":27},"end":{"line":293,"column":null}},"51":{"start":{"line":295,"column":20},"end":{"line":301,"column":null}},"52":{"start":{"line":305,"column":2},"end":{"line":308,"column":null}},"53":{"start":{"line":319,"column":19},"end":{"line":323,"column":null}},"54":{"start":{"line":325,"column":2},"end":{"line":327,"column":null}},"55":{"start":{"line":326,"column":4},"end":{"line":326,"column":null}},"56":{"start":{"line":329,"column":15},"end":{"line":329,"column":null}},"57":{"start":{"line":332,"column":2},"end":{"line":334,"column":null}},"58":{"start":{"line":333,"column":4},"end":{"line":333,"column":null}},"59":{"start":{"line":337,"column":41},"end":{"line":337,"column":null}},"60":{"start":{"line":339,"column":2},"end":{"line":341,"column":null}},"61":{"start":{"line":340,"column":4},"end":{"line":340,"column":null}},"62":{"start":{"line":343,"column":2},"end":{"line":345,"column":null}},"63":{"start":{"line":344,"column":4},"end":{"line":344,"column":null}},"64":{"start":{"line":347,"column":2},"end":{"line":349,"column":null}},"65":{"start":{"line":348,"column":4},"end":{"line":348,"column":null}},"66":{"start":{"line":351,"column":2},"end":{"line":353,"column":null}},"67":{"start":{"line":352,"column":4},"end":{"line":352,"column":null}},"68":{"start":{"line":356,"column":2},"end":{"line":358,"column":null}},"69":{"start":{"line":357,"column":4},"end":{"line":357,"column":null}},"70":{"start":{"line":361,"column":2},"end":{"line":402,"column":null}},"71":{"start":{"line":363,"column":29},"end":{"line":368,"column":null}},"72":{"start":{"line":370,"column":10},"end":{"line":372,"column":null}},"73":{"start":{"line":375,"column":37},"end":{"line":381,"column":null}},"74":{"start":{"line":383,"column":23},"end":{"line":383,"column":null}},"75":{"start":{"line":386,"column":41},"end":{"line":388,"column":null}},"76":{"start":{"line":390,"column":4},"end":{"line":390,"column":null}},"77":{"start":{"line":390,"column":34},"end":{"line":390,"column":null}},"78":{"start":{"line":391,"column":4},"end":{"line":391,"column":null}},"79":{"start":{"line":391,"column":41},"end":{"line":391,"column":null}},"80":{"start":{"line":392,"column":4},"end":{"line":392,"column":null}},"81":{"start":{"line":392,"column":38},"end":{"line":392,"column":null}},"82":{"start":{"line":393,"column":4},"end":{"line":393,"column":null}},"83":{"start":{"line":393,"column":36},"end":{"line":393,"column":null}},"84":{"start":{"line":395,"column":22},"end":{"line":399,"column":null}},"85":{"start":{"line":401,"column":4},"end":{"line":401,"column":null}},"86":{"start":{"line":413,"column":21},"end":{"line":413,"column":null}},"87":{"start":{"line":415,"column":18},"end":{"line":424,"column":null}},"88":{"start":{"line":426,"column":2},"end":{"line":426,"column":null}},"89":{"start":{"line":438,"column":19},"end":{"line":442,"column":null}},"90":{"start":{"line":444,"column":2},"end":{"line":446,"column":null}},"91":{"start":{"line":445,"column":4},"end":{"line":445,"column":null}},"92":{"start":{"line":448,"column":18},"end":{"line":452,"column":null}},"93":{"start":{"line":454,"column":2},"end":{"line":456,"column":null}},"94":{"start":{"line":455,"column":4},"end":{"line":455,"column":null}},"95":{"start":{"line":459,"column":2},"end":{"line":464,"column":null}},"96":{"start":{"line":460,"column":4},"end":{"line":463,"column":null}},"97":{"start":{"line":467,"column":24},"end":{"line":469,"column":null}},"98":{"start":{"line":472,"column":8},"end":{"line":483,"column":null}},"99":{"start":{"line":473,"column":28},"end":{"line":480,"column":6}},"100":{"start":{"line":485,"column":2},"end":{"line":489,"column":null}},"101":{"start":{"line":486,"column":4},"end":{"line":488,"column":null}},"102":{"start":{"line":492,"column":24},"end":{"line":495,"column":null}},"103":{"start":{"line":497,"column":8},"end":{"line":497,"column":null}},"104":{"start":{"line":500,"column":33},"end":{"line":507,"column":null}},"105":{"start":{"line":509,"column":20},"end":{"line":509,"column":null}},"106":{"start":{"line":511,"column":2},"end":{"line":511,"column":null}},"107":{"start":{"line":518,"column":21},"end":{"line":522,"column":null}},"108":{"start":{"line":524,"column":2},"end":{"line":526,"column":null}},"109":{"start":{"line":525,"column":4},"end":{"line":525,"column":null}},"110":{"start":{"line":528,"column":2},"end":{"line":528,"column":null}},"111":{"start":{"line":535,"column":21},"end":{"line":539,"column":null}},"112":{"start":{"line":541,"column":2},"end":{"line":543,"column":null}},"113":{"start":{"line":542,"column":4},"end":{"line":542,"column":null}},"114":{"start":{"line":546,"column":2},"end":{"line":551,"column":null}},"115":{"start":{"line":547,"column":4},"end":{"line":550,"column":null}},"116":{"start":{"line":554,"column":42},"end":{"line":554,"column":null}},"117":{"start":{"line":556,"column":2},"end":{"line":556,"column":null}},"118":{"start":{"line":556,"column":36},"end":{"line":556,"column":null}},"119":{"start":{"line":557,"column":2},"end":{"line":557,"column":null}},"120":{"start":{"line":557,"column":32},"end":{"line":557,"column":null}},"121":{"start":{"line":558,"column":2},"end":{"line":558,"column":null}},"122":{"start":{"line":558,"column":36},"end":{"line":558,"column":null}},"123":{"start":{"line":559,"column":2},"end":{"line":559,"column":null}},"124":{"start":{"line":559,"column":33},"end":{"line":559,"column":null}},"125":{"start":{"line":561,"column":20},"end":{"line":565,"column":null}},"126":{"start":{"line":567,"column":2},"end":{"line":567,"column":null}},"127":{"start":{"line":575,"column":21},"end":{"line":579,"column":null}},"128":{"start":{"line":581,"column":2},"end":{"line":583,"column":null}},"129":{"start":{"line":582,"column":4},"end":{"line":582,"column":null}},"130":{"start":{"line":586,"column":19},"end":{"line":589,"column":null}},"131":{"start":{"line":591,"column":19},"end":{"line":593,"column":null}},"132":{"start":{"line":592,"column":22},"end":{"line":592,"column":31}},"133":{"start":{"line":596,"column":23},"end":{"line":598,"column":null}},"134":{"start":{"line":600,"column":16},"end":{"line":607,"column":null}},"135":{"start":{"line":600,"column":39},"end":{"line":607,"column":4}},"136":{"start":{"line":610,"column":8},"end":{"line":610,"column":null}},"137":{"start":{"line":611,"column":2},"end":{"line":613,"column":null}},"138":{"start":{"line":612,"column":4},"end":{"line":612,"column":null}},"139":{"start":{"line":616,"column":8},"end":{"line":616,"column":null}},"140":{"start":{"line":619,"column":8},"end":{"line":619,"column":null}},"141":{"start":{"line":622,"column":19},"end":{"line":622,"column":null}},"142":{"start":{"line":622,"column":52},"end":{"line":622,"column":62}},"143":{"start":{"line":624,"column":2},"end":{"line":630,"column":null}},"144":{"start":{"line":638,"column":17},"end":{"line":642,"column":null}},"145":{"start":{"line":644,"column":2},"end":{"line":646,"column":null}},"146":{"start":{"line":645,"column":4},"end":{"line":645,"column":null}},"147":{"start":{"line":649,"column":18},"end":{"line":656,"column":null}},"148":{"start":{"line":659,"column":20},"end":{"line":659,"column":null}},"149":{"start":{"line":659,"column":37},"end":{"line":659,"column":51}},"150":{"start":{"line":660,"column":22},"end":{"line":665,"column":null}},"151":{"start":{"line":667,"column":62},"end":{"line":669,"column":null}},"152":{"start":{"line":668,"column":25},"end":{"line":668,"column":34}},"153":{"start":{"line":672,"column":21},"end":{"line":684,"column":null}},"154":{"start":{"line":673,"column":23},"end":{"line":673,"column":null}},"155":{"start":{"line":674,"column":4},"end":{"line":674,"column":null}},"156":{"start":{"line":674,"column":21},"end":{"line":674,"column":null}},"157":{"start":{"line":676,"column":4},"end":{"line":683,"column":null}},"158":{"start":{"line":684,"column":47},"end":{"line":684,"column":57}},"159":{"start":{"line":686,"column":2},"end":{"line":691,"column":null}},"160":{"start":{"line":700,"column":21},"end":{"line":704,"column":null}},"161":{"start":{"line":706,"column":2},"end":{"line":708,"column":null}},"162":{"start":{"line":707,"column":4},"end":{"line":707,"column":null}},"163":{"start":{"line":711,"column":17},"end":{"line":715,"column":null}},"164":{"start":{"line":717,"column":20},"end":{"line":717,"column":null}},"165":{"start":{"line":719,"column":2},"end":{"line":723,"column":null}},"166":{"start":{"line":731,"column":17},"end":{"line":735,"column":null}},"167":{"start":{"line":737,"column":2},"end":{"line":739,"column":null}},"168":{"start":{"line":738,"column":4},"end":{"line":738,"column":null}},"169":{"start":{"line":742,"column":24},"end":{"line":746,"column":null}},"170":{"start":{"line":749,"column":8},"end":{"line":753,"column":null}},"171":{"start":{"line":750,"column":27},"end":{"line":750,"column":41}},"172":{"start":{"line":752,"column":4},"end":{"line":752,"column":null}},"173":{"start":{"line":752,"column":28},"end":{"line":752,"column":51}},"174":{"start":{"line":755,"column":2},"end":{"line":761,"column":null}}},"fnMap":{"0":{"name":"validatePartNumber","decl":{"start":{"line":69,"column":16},"end":{"line":69,"column":35}},"loc":{"start":{"line":69,"column":61},"end":{"line":80,"column":null}},"line":69},"1":{"name":"validatePartName","decl":{"start":{"line":85,"column":16},"end":{"line":85,"column":33}},"loc":{"start":{"line":85,"column":53},"end":{"line":103,"column":null}},"line":85},"2":{"name":"isPartNumberDuplicate","decl":{"start":{"line":108,"column":22},"end":{"line":108,"column":null}},"loc":{"start":{"line":111,"column":20},"end":{"line":124,"column":null}},"line":111},"3":{"name":"createPart","decl":{"start":{"line":129,"column":22},"end":{"line":129,"column":null}},"loc":{"start":{"line":132,"column":28},"end":{"line":185,"column":null}},"line":132},"4":{"name":"(anonymous_4)","decl":{"start":{"line":146,"column":24},"end":{"line":146,"column":31}},"loc":{"start":{"line":146,"column":38},"end":{"line":184,"column":3}},"line":146},"5":{"name":"getPartById","decl":{"start":{"line":190,"column":22},"end":{"line":190,"column":null}},"loc":{"start":{"line":193,"column":35},"end":{"line":241,"column":null}},"line":193},"6":{"name":"listParts","decl":{"start":{"line":246,"column":22},"end":{"line":246,"column":null}},"loc":{"start":{"line":248,"column":56},"end":{"line":309,"column":null}},"line":248},"7":{"name":"updatePart","decl":{"start":{"line":314,"column":22},"end":{"line":314,"column":null}},"loc":{"start":{"line":317,"column":28},"end":{"line":403,"column":null}},"line":317},"8":{"name":"(anonymous_8)","decl":{"start":{"line":361,"column":24},"end":{"line":361,"column":31}},"loc":{"start":{"line":361,"column":38},"end":{"line":402,"column":3}},"line":361},"9":{"name":"searchParts","decl":{"start":{"line":408,"column":22},"end":{"line":408,"column":null}},"loc":{"start":{"line":412,"column":19},"end":{"line":427,"column":null}},"line":412},"10":{"name":"addBomItem","decl":{"start":{"line":436,"column":22},"end":{"line":436,"column":33}},"loc":{"start":{"line":436,"column":75},"end":{"line":512,"column":null}},"line":436},"11":{"name":"(anonymous_11)","decl":{"start":{"line":473,"column":22},"end":{"line":473,"column":28}},"loc":{"start":{"line":473,"column":28},"end":{"line":480,"column":6}},"line":473},"12":{"name":"removeBomItem","decl":{"start":{"line":517,"column":22},"end":{"line":517,"column":36}},"loc":{"start":{"line":517,"column":78},"end":{"line":529,"column":null}},"line":517},"13":{"name":"updateBomItem","decl":{"start":{"line":534,"column":22},"end":{"line":534,"column":36}},"loc":{"start":{"line":534,"column":81},"end":{"line":568,"column":null}},"line":534},"14":{"name":"getBomTree","decl":{"start":{"line":573,"column":22},"end":{"line":573,"column":33}},"loc":{"start":{"line":573,"column":75},"end":{"line":631,"column":null}},"line":573},"15":{"name":"(anonymous_15)","decl":{"start":{"line":592,"column":17},"end":{"line":592,"column":22}},"loc":{"start":{"line":592,"column":22},"end":{"line":592,"column":31}},"line":592},"16":{"name":"(anonymous_16)","decl":{"start":{"line":600,"column":33},"end":{"line":600,"column":39}},"loc":{"start":{"line":600,"column":39},"end":{"line":607,"column":4}},"line":600},"17":{"name":"(anonymous_17)","decl":{"start":{"line":622,"column":44},"end":{"line":622,"column":52}},"loc":{"start":{"line":622,"column":52},"end":{"line":622,"column":62}},"line":622},"18":{"name":"getWhereUsed","decl":{"start":{"line":636,"column":22},"end":{"line":636,"column":35}},"loc":{"start":{"line":636,"column":79},"end":{"line":692,"column":null}},"line":636},"19":{"name":"(anonymous_19)","decl":{"start":{"line":659,"column":32},"end":{"line":659,"column":37}},"loc":{"start":{"line":659,"column":37},"end":{"line":659,"column":51}},"line":659},"20":{"name":"(anonymous_20)","decl":{"start":{"line":668,"column":20},"end":{"line":668,"column":25}},"loc":{"start":{"line":668,"column":25},"end":{"line":668,"column":34}},"line":668},"21":{"name":"(anonymous_21)","decl":{"start":{"line":672,"column":33},"end":{"line":672,"column":38}},"loc":{"start":{"line":672,"column":38},"end":{"line":684,"column":3}},"line":672},"22":{"name":"(anonymous_22)","decl":{"start":{"line":684,"column":12},"end":{"line":684,"column":13}},"loc":{"start":{"line":684,"column":47},"end":{"line":684,"column":57}},"line":684},"23":{"name":"getRevisionById","decl":{"start":{"line":697,"column":22},"end":{"line":697,"column":null}},"loc":{"start":{"line":699,"column":39},"end":{"line":724,"column":null}},"line":699},"24":{"name":"getRevisionHistory","decl":{"start":{"line":729,"column":22},"end":{"line":729,"column":41}},"loc":{"start":{"line":729,"column":91},"end":{"line":762,"column":null}},"line":729},"25":{"name":"(anonymous_25)","decl":{"start":{"line":750,"column":22},"end":{"line":750,"column":27}},"loc":{"start":{"line":750,"column":27},"end":{"line":750,"column":41}},"line":750},"26":{"name":"(anonymous_26)","decl":{"start":{"line":751,"column":8},"end":{"line":751,"column":null}},"loc":{"start":{"line":752,"column":4},"end":{"line":752,"column":null}},"line":752},"27":{"name":"(anonymous_27)","decl":{"start":{"line":752,"column":23},"end":{"line":752,"column":28}},"loc":{"start":{"line":752,"column":28},"end":{"line":752,"column":51}},"line":752}},"branchMap":{"0":{"loc":{"start":{"line":70,"column":2},"end":{"line":72,"column":null}},"type":"if","locations":[{"start":{"line":70,"column":2},"end":{"line":72,"column":null}},{"start":{},"end":{}}],"line":70},"1":{"loc":{"start":{"line":70,"column":6},"end":{"line":70,"column":53}},"type":"binary-expr","locations":[{"start":{"line":70,"column":6},"end":{"line":70,"column":21}},{"start":{"line":70,"column":21},"end":{"line":70,"column":53}}],"line":70},"2":{"loc":{"start":{"line":74,"column":2},"end":{"line":79,"column":null}},"type":"if","locations":[{"start":{"line":74,"column":2},"end":{"line":79,"column":null}},{"start":{},"end":{}}],"line":74},"3":{"loc":{"start":{"line":86,"column":2},"end":{"line":88,"column":null}},"type":"if","locations":[{"start":{"line":86,"column":2},"end":{"line":88,"column":null}},{"start":{},"end":{}}],"line":86},"4":{"loc":{"start":{"line":86,"column":6},"end":{"line":86,"column":41}},"type":"binary-expr","locations":[{"start":{"line":86,"column":6},"end":{"line":86,"column":15}},{"start":{"line":86,"column":15},"end":{"line":86,"column":41}}],"line":86},"5":{"loc":{"start":{"line":90,"column":2},"end":{"line":95,"column":null}},"type":"if","locations":[{"start":{"line":90,"column":2},"end":{"line":95,"column":null}},{"start":{},"end":{}}],"line":90},"6":{"loc":{"start":{"line":97,"column":2},"end":{"line":102,"column":null}},"type":"if","locations":[{"start":{"line":97,"column":2},"end":{"line":102,"column":null}},{"start":{},"end":{}}],"line":97},"7":{"loc":{"start":{"line":138,"column":2},"end":{"line":143,"column":null}},"type":"if","locations":[{"start":{"line":138,"column":2},"end":{"line":143,"column":null}},{"start":{},"end":{}}],"line":138},"8":{"loc":{"start":{"line":152,"column":19},"end":{"line":152,"column":null}},"type":"binary-expr","locations":[{"start":{"line":152,"column":19},"end":{"line":152,"column":40}},{"start":{"line":152,"column":40},"end":{"line":152,"column":null}}],"line":152},"9":{"loc":{"start":{"line":153,"column":16},"end":{"line":153,"column":null}},"type":"binary-expr","locations":[{"start":{"line":153,"column":16},"end":{"line":153,"column":34}},{"start":{"line":153,"column":34},"end":{"line":153,"column":null}}],"line":153},"10":{"loc":{"start":{"line":154,"column":14},"end":{"line":154,"column":null}},"type":"binary-expr","locations":[{"start":{"line":154,"column":14},"end":{"line":154,"column":30}},{"start":{"line":154,"column":30},"end":{"line":154,"column":null}}],"line":154},"11":{"loc":{"start":{"line":200,"column":2},"end":{"line":202,"column":null}},"type":"if","locations":[{"start":{"line":200,"column":2},"end":{"line":202,"column":null}},{"start":{},"end":{}}],"line":200},"12":{"loc":{"start":{"line":206,"column":2},"end":{"line":214,"column":null}},"type":"if","locations":[{"start":{"line":206,"column":2},"end":{"line":214,"column":null}},{"start":{},"end":{}}],"line":206},"13":{"loc":{"start":{"line":254,"column":4},"end":{"line":254,"column":null}},"type":"default-arg","locations":[{"start":{"line":254,"column":12},"end":{"line":254,"column":null}}],"line":254},"14":{"loc":{"start":{"line":255,"column":4},"end":{"line":255,"column":null}},"type":"default-arg","locations":[{"start":{"line":255,"column":13},"end":{"line":255,"column":null}}],"line":255},"15":{"loc":{"start":{"line":261,"column":2},"end":{"line":263,"column":null}},"type":"if","locations":[{"start":{"line":261,"column":2},"end":{"line":263,"column":null}},{"start":{},"end":{}}],"line":261},"16":{"loc":{"start":{"line":265,"column":2},"end":{"line":267,"column":null}},"type":"if","locations":[{"start":{"line":265,"column":2},"end":{"line":267,"column":null}},{"start":{},"end":{}}],"line":265},"17":{"loc":{"start":{"line":271,"column":2},"end":{"line":278,"column":null}},"type":"if","locations":[{"start":{"line":271,"column":2},"end":{"line":278,"column":null}},{"start":{},"end":{}}],"line":271},"18":{"loc":{"start":{"line":271,"column":6},"end":{"line":271,"column":40}},"type":"binary-expr","locations":[{"start":{"line":271,"column":6},"end":{"line":271,"column":15}},{"start":{"line":271,"column":15},"end":{"line":271,"column":40}}],"line":271},"19":{"loc":{"start":{"line":281,"column":26},"end":{"line":283,"column":null}},"type":"cond-expr","locations":[{"start":{"line":282,"column":6},"end":{"line":282,"column":null}},{"start":{"line":283,"column":6},"end":{"line":283,"column":null}}],"line":281},"20":{"loc":{"start":{"line":291,"column":27},"end":{"line":293,"column":null}},"type":"cond-expr","locations":[{"start":{"line":292,"column":6},"end":{"line":292,"column":null}},{"start":{"line":293,"column":6},"end":{"line":293,"column":null}}],"line":291},"21":{"loc":{"start":{"line":325,"column":2},"end":{"line":327,"column":null}},"type":"if","locations":[{"start":{"line":325,"column":2},"end":{"line":327,"column":null}},{"start":{},"end":{}}],"line":325},"22":{"loc":{"start":{"line":332,"column":2},"end":{"line":334,"column":null}},"type":"if","locations":[{"start":{"line":332,"column":2},"end":{"line":334,"column":null}},{"start":{},"end":{}}],"line":332},"23":{"loc":{"start":{"line":339,"column":2},"end":{"line":341,"column":null}},"type":"if","locations":[{"start":{"line":339,"column":2},"end":{"line":341,"column":null}},{"start":{},"end":{}}],"line":339},"24":{"loc":{"start":{"line":339,"column":6},"end":{"line":339,"column":60}},"type":"binary-expr","locations":[{"start":{"line":339,"column":6},"end":{"line":339,"column":34}},{"start":{"line":339,"column":34},"end":{"line":339,"column":60}}],"line":339},"25":{"loc":{"start":{"line":343,"column":2},"end":{"line":345,"column":null}},"type":"if","locations":[{"start":{"line":343,"column":2},"end":{"line":345,"column":null}},{"start":{},"end":{}}],"line":343},"26":{"loc":{"start":{"line":343,"column":6},"end":{"line":343,"column":81}},"type":"binary-expr","locations":[{"start":{"line":343,"column":6},"end":{"line":343,"column":41}},{"start":{"line":343,"column":41},"end":{"line":343,"column":81}}],"line":343},"27":{"loc":{"start":{"line":347,"column":2},"end":{"line":349,"column":null}},"type":"if","locations":[{"start":{"line":347,"column":2},"end":{"line":349,"column":null}},{"start":{},"end":{}}],"line":347},"28":{"loc":{"start":{"line":347,"column":6},"end":{"line":347,"column":72}},"type":"binary-expr","locations":[{"start":{"line":347,"column":6},"end":{"line":347,"column":38}},{"start":{"line":347,"column":38},"end":{"line":347,"column":72}}],"line":347},"29":{"loc":{"start":{"line":351,"column":2},"end":{"line":353,"column":null}},"type":"if","locations":[{"start":{"line":351,"column":2},"end":{"line":353,"column":null}},{"start":{},"end":{}}],"line":351},"30":{"loc":{"start":{"line":351,"column":6},"end":{"line":351,"column":66}},"type":"binary-expr","locations":[{"start":{"line":351,"column":6},"end":{"line":351,"column":36}},{"start":{"line":351,"column":36},"end":{"line":351,"column":66}}],"line":351},"31":{"loc":{"start":{"line":356,"column":2},"end":{"line":358,"column":null}},"type":"if","locations":[{"start":{"line":356,"column":2},"end":{"line":358,"column":null}},{"start":{},"end":{}}],"line":356},"32":{"loc":{"start":{"line":371,"column":6},"end":{"line":371,"column":null}},"type":"binary-expr","locations":[{"start":{"line":371,"column":6},"end":{"line":371,"column":38}},{"start":{"line":371,"column":38},"end":{"line":371,"column":null}}],"line":371},"33":{"loc":{"start":{"line":378,"column":19},"end":{"line":378,"column":null}},"type":"binary-expr","locations":[{"start":{"line":378,"column":19},"end":{"line":378,"column":46}},{"start":{"line":378,"column":46},"end":{"line":378,"column":null}}],"line":378},"34":{"loc":{"start":{"line":390,"column":4},"end":{"line":390,"column":null}},"type":"if","locations":[{"start":{"line":390,"column":4},"end":{"line":390,"column":null}},{"start":{},"end":{}}],"line":390},"35":{"loc":{"start":{"line":391,"column":4},"end":{"line":391,"column":null}},"type":"if","locations":[{"start":{"line":391,"column":4},"end":{"line":391,"column":null}},{"start":{},"end":{}}],"line":391},"36":{"loc":{"start":{"line":392,"column":4},"end":{"line":392,"column":null}},"type":"if","locations":[{"start":{"line":392,"column":4},"end":{"line":392,"column":null}},{"start":{},"end":{}}],"line":392},"37":{"loc":{"start":{"line":393,"column":4},"end":{"line":393,"column":null}},"type":"if","locations":[{"start":{"line":393,"column":4},"end":{"line":393,"column":null}},{"start":{},"end":{}}],"line":393},"38":{"loc":{"start":{"line":411,"column":2},"end":{"line":411,"column":null}},"type":"default-arg","locations":[{"start":{"line":411,"column":18},"end":{"line":411,"column":null}}],"line":411},"39":{"loc":{"start":{"line":444,"column":2},"end":{"line":446,"column":null}},"type":"if","locations":[{"start":{"line":444,"column":2},"end":{"line":446,"column":null}},{"start":{},"end":{}}],"line":444},"40":{"loc":{"start":{"line":454,"column":2},"end":{"line":456,"column":null}},"type":"if","locations":[{"start":{"line":454,"column":2},"end":{"line":456,"column":null}},{"start":{},"end":{}}],"line":454},"41":{"loc":{"start":{"line":459,"column":2},"end":{"line":464,"column":null}},"type":"if","locations":[{"start":{"line":459,"column":2},"end":{"line":464,"column":null}},{"start":{},"end":{}}],"line":459},"42":{"loc":{"start":{"line":479,"column":13},"end":{"line":479,"column":null}},"type":"binary-expr","locations":[{"start":{"line":479,"column":13},"end":{"line":479,"column":24}},{"start":{"line":479,"column":24},"end":{"line":479,"column":null}}],"line":479},"43":{"loc":{"start":{"line":485,"column":2},"end":{"line":489,"column":null}},"type":"if","locations":[{"start":{"line":485,"column":2},"end":{"line":489,"column":null}},{"start":{},"end":{}}],"line":485},"44":{"loc":{"start":{"line":497,"column":24},"end":{"line":497,"column":54}},"type":"binary-expr","locations":[{"start":{"line":497,"column":24},"end":{"line":497,"column":49}},{"start":{"line":497,"column":49},"end":{"line":497,"column":54}}],"line":497},"45":{"loc":{"start":{"line":504,"column":10},"end":{"line":504,"column":null}},"type":"binary-expr","locations":[{"start":{"line":504,"column":10},"end":{"line":504,"column":24}},{"start":{"line":504,"column":24},"end":{"line":504,"column":null}}],"line":504},"46":{"loc":{"start":{"line":505,"column":14},"end":{"line":505,"column":null}},"type":"binary-expr","locations":[{"start":{"line":505,"column":14},"end":{"line":505,"column":32}},{"start":{"line":505,"column":32},"end":{"line":505,"column":null}}],"line":505},"47":{"loc":{"start":{"line":506,"column":11},"end":{"line":506,"column":null}},"type":"binary-expr","locations":[{"start":{"line":506,"column":11},"end":{"line":506,"column":26}},{"start":{"line":506,"column":26},"end":{"line":506,"column":null}}],"line":506},"48":{"loc":{"start":{"line":524,"column":2},"end":{"line":526,"column":null}},"type":"if","locations":[{"start":{"line":524,"column":2},"end":{"line":526,"column":null}},{"start":{},"end":{}}],"line":524},"49":{"loc":{"start":{"line":541,"column":2},"end":{"line":543,"column":null}},"type":"if","locations":[{"start":{"line":541,"column":2},"end":{"line":543,"column":null}},{"start":{},"end":{}}],"line":541},"50":{"loc":{"start":{"line":546,"column":2},"end":{"line":551,"column":null}},"type":"if","locations":[{"start":{"line":546,"column":2},"end":{"line":551,"column":null}},{"start":{},"end":{}}],"line":546},"51":{"loc":{"start":{"line":546,"column":6},"end":{"line":546,"column":78}},"type":"binary-expr","locations":[{"start":{"line":546,"column":6},"end":{"line":546,"column":38}},{"start":{"line":546,"column":38},"end":{"line":546,"column":78}}],"line":546},"52":{"loc":{"start":{"line":556,"column":2},"end":{"line":556,"column":null}},"type":"if","locations":[{"start":{"line":556,"column":2},"end":{"line":556,"column":null}},{"start":{},"end":{}}],"line":556},"53":{"loc":{"start":{"line":557,"column":2},"end":{"line":557,"column":null}},"type":"if","locations":[{"start":{"line":557,"column":2},"end":{"line":557,"column":null}},{"start":{},"end":{}}],"line":557},"54":{"loc":{"start":{"line":558,"column":2},"end":{"line":558,"column":null}},"type":"if","locations":[{"start":{"line":558,"column":2},"end":{"line":558,"column":null}},{"start":{},"end":{}}],"line":558},"55":{"loc":{"start":{"line":559,"column":2},"end":{"line":559,"column":null}},"type":"if","locations":[{"start":{"line":559,"column":2},"end":{"line":559,"column":null}},{"start":{},"end":{}}],"line":559},"56":{"loc":{"start":{"line":581,"column":2},"end":{"line":583,"column":null}},"type":"if","locations":[{"start":{"line":581,"column":2},"end":{"line":583,"column":null}},{"start":{},"end":{}}],"line":581},"57":{"loc":{"start":{"line":606,"column":11},"end":{"line":606,"column":null}},"type":"binary-expr","locations":[{"start":{"line":606,"column":11},"end":{"line":606,"column":22}},{"start":{"line":606,"column":22},"end":{"line":606,"column":null}}],"line":606},"58":{"loc":{"start":{"line":611,"column":2},"end":{"line":613,"column":null}},"type":"if","locations":[{"start":{"line":611,"column":2},"end":{"line":613,"column":null}},{"start":{},"end":{}}],"line":611},"59":{"loc":{"start":{"line":644,"column":2},"end":{"line":646,"column":null}},"type":"if","locations":[{"start":{"line":644,"column":2},"end":{"line":646,"column":null}},{"start":{},"end":{}}],"line":644},"60":{"loc":{"start":{"line":660,"column":22},"end":{"line":665,"column":null}},"type":"cond-expr","locations":[{"start":{"line":661,"column":6},"end":{"line":664,"column":null}},{"start":{"line":665,"column":6},"end":{"line":665,"column":null}}],"line":660},"61":{"loc":{"start":{"line":674,"column":4},"end":{"line":674,"column":null}},"type":"if","locations":[{"start":{"line":674,"column":4},"end":{"line":674,"column":null}},{"start":{},"end":{}}],"line":674},"62":{"loc":{"start":{"line":706,"column":2},"end":{"line":708,"column":null}},"type":"if","locations":[{"start":{"line":706,"column":2},"end":{"line":708,"column":null}},{"start":{},"end":{}}],"line":706},"63":{"loc":{"start":{"line":737,"column":2},"end":{"line":739,"column":null}},"type":"if","locations":[{"start":{"line":737,"column":2},"end":{"line":739,"column":null}},{"start":{},"end":{}}],"line":737}},"s":{"0":1,"1":1,"2":1,"3":1,"4":1,"5":26,"6":5,"7":21,"8":12,"9":14,"10":5,"11":9,"12":2,"13":7,"14":2,"15":0,"16":0,"17":0,"18":0,"19":0,"20":0,"21":0,"22":0,"23":0,"24":0,"25":0,"26":0,"27":0,"28":0,"29":0,"30":0,"31":0,"32":0,"33":0,"34":0,"35":0,"36":0,"37":0,"38":0,"39":0,"40":0,"41":0,"42":0,"43":0,"44":0,"45":0,"46":0,"47":0,"48":0,"49":0,"50":0,"51":0,"52":0,"53":0,"54":0,"55":0,"56":0,"57":0,"58":0,"59":0,"60":0,"61":0,"62":0,"63":0,"64":0,"65":0,"66":0,"67":0,"68":0,"69":0,"70":0,"71":0,"72":0,"73":0,"74":0,"75":0,"76":0,"77":0,"78":0,"79":0,"80":0,"81":0,"82":0,"83":0,"84":0,"85":0,"86":0,"87":0,"88":0,"89":0,"90":0,"91":0,"92":0,"93":0,"94":0,"95":0,"96":0,"97":0,"98":0,"99":0,"100":0,"101":0,"102":0,"103":0,"104":0,"105":0,"106":0,"107":0,"108":0,"109":0,"110":0,"111":0,"112":0,"113":0,"114":0,"115":0,"116":0,"117":0,"118":0,"119":0,"120":0,"121":0,"122":0,"123":0,"124":0,"125":0,"126":0,"127":0,"128":0,"129":0,"130":0,"131":0,"132":0,"133":0,"134":0,"135":0,"136":0,"137":0,"138":0,"139":0,"140":0,"141":0,"142":0,"143":0,"144":0,"145":0,"146":0,"147":0,"148":0,"149":0,"150":0,"151":0,"152":0,"153":0,"154":0,"155":0,"156":0,"157":0,"158":0,"159":0,"160":0,"161":0,"162":0,"163":0,"164":0,"165":0,"166":0,"167":0,"168":0,"169":0,"170":0,"171":0,"172":0,"173":0,"174":0},"f":{"0":26,"1":14,"2":0,"3":0,"4":0,"5":0,"6":0,"7":0,"8":0,"9":0,"10":0,"11":0,"12":0,"13":0,"14":0,"15":0,"16":0,"17":0,"18":0,"19":0,"20":0,"21":0,"22":0,"23":0,"24":0,"25":0,"26":0,"27":0},"b":{"0":[5,21],"1":[26,23],"2":[12,9],"3":[5,9],"4":[14,11],"5":[2,7],"6":[2,5],"7":[0,0],"8":[0,0],"9":[0,0],"10":[0,0],"11":[0,0],"12":[0,0],"13":[0],"14":[0],"15":[0,0],"16":[0,0],"17":[0,0],"18":[0,0],"19":[0,0],"20":[0,0],"21":[0,0],"22":[0,0],"23":[0,0],"24":[0,0],"25":[0,0],"26":[0,0],"27":[0,0],"28":[0,0],"29":[0,0],"30":[0,0],"31":[0,0],"32":[0,0],"33":[0,0],"34":[0,0],"35":[0,0],"36":[0,0],"37":[0,0],"38":[0],"39":[0,0],"40":[0,0],"41":[0,0],"42":[0,0],"43":[0,0],"44":[0,0],"45":[0,0],"46":[0,0],"47":[0,0],"48":[0,0],"49":[0,0],"50":[0,0],"51":[0,0],"52":[0,0],"53":[0,0],"54":[0,0],"55":[0,0],"56":[0,0],"57":[0,0],"58":[0,0],"59":[0,0],"60":[0,0],"61":[0,0],"62":[0,0],"63":[0,0]},"meta":{"lastBranch":64,"lastFunction":28,"lastStatement":175,"seen":{"s:56:28:56:Infinity":0,"s:57:29:57:Infinity":1,"s:58:29:58:Infinity":2,"s:59:25:59:Infinity":3,"s:60:22:60:Infinity":4,"f:69:16:69:35":0,"b:70:2:72:Infinity:undefined:undefined:undefined:undefined":0,"s:70:2:72:Infinity":5,"b:70:6:70:21:70:21:70:53":1,"s:71:4:71:Infinity":6,"b:74:2:79:Infinity:undefined:undefined:undefined:undefined":2,"s:74:2:79:Infinity":7,"s:75:4:78:Infinity":8,"f:85:16:85:33":1,"b:86:2:88:Infinity:undefined:undefined:undefined:undefined":3,"s:86:2:88:Infinity":9,"b:86:6:86:15:86:15:86:41":4,"s:87:4:87:Infinity":10,"b:90:2:95:Infinity:undefined:undefined:undefined:undefined":5,"s:90:2:95:Infinity":11,"s:91:4:94:Infinity":12,"b:97:2:102:Infinity:undefined:undefined:undefined:undefined":6,"s:97:2:102:Infinity":13,"s:98:4:101:Infinity":14,"f:108:22:108:Infinity":2,"s:112:19:121:Infinity":15,"s:123:2:123:Infinity":16,"f:129:22:129:Infinity":3,"s:134:2:134:Infinity":17,"s:135:2:135:Infinity":18,"b:138:2:143:Infinity:undefined:undefined:undefined:undefined":7,"s:138:2:143:Infinity":19,"s:139:4:142:Infinity":20,"s:146:2:184:Infinity":21,"f:146:24:146:31":4,"s:148:29:156:Infinity":22,"b:152:19:152:40:152:40:152:Infinity":8,"b:153:16:153:34:153:34:153:Infinity":9,"b:154:14:154:30:154:30:154:Infinity":10,"s:158:22:158:Infinity":23,"s:161:41:167:Infinity":24,"s:169:23:169:Infinity":25,"s:172:4:175:Infinity":26,"s:177:4:183:Infinity":27,"f:190:22:190:Infinity":5,"s:194:17:198:Infinity":28,"b:200:2:202:Infinity:undefined:undefined:undefined:undefined":11,"s:200:2:202:Infinity":29,"s:201:4:201:Infinity":30,"b:206:2:214:Infinity:undefined:undefined:undefined:undefined":12,"s:206:2:214:Infinity":31,"s:207:23:211:Infinity":32,"s:213:4:213:Infinity":33,"s:217:26:220:Infinity":34,"s:223:25:226:Infinity":35,"s:229:27:232:Infi
[...]
"15":{"start":{"line":111,"column":15},"end":{"line":114,"column":2}},"16":{"start":{"line":120,"column":13},"end":{"line":134,"column":null}},"17":{"start":{"line":124,"column":22},"end":{"line":124,"column":39}},"18":{"start":{"line":127,"column":22},"end":{"line":127,"column":35}},"19":{"start":{"line":130,"column":15},"end":{"line":134,"column":2}}},"fnMap":{"0":{"name":"(anonymous_0)","decl":{"start":{"line":49,"column":16},"end":{"line":49,"column":22}},"loc":{"start":{"line":49,"column":22},"end":{"line":49,"column":35}},"line":49},"1":{"name":"(anonymous_1)","decl":{"start":{"line":59,"column":16},"end":{"line":59,"column":22}},"loc":{"start":{"line":59,"column":22},"end":{"line":59,"column":32}},"line":59},"2":{"name":"(anonymous_2)","decl":{"start":{"line":64,"column":3},"end":{"line":64,"column":4}},"loc":{"start":{"line":64,"column":15},"end":{"line":70,"column":2}},"line":64},"3":{"name":"(anonymous_3)","decl":{"start":{"line":80,"column":16},"end":{"line":80,"column":22}},"loc":{"start":{"line":80,"column":22},"end":{"line":80,"column":39}},"line":80},"4":{"name":"(anonymous_4)","decl":{"start":{"line":83,"column":16},"end":{"line":83,"column":22}},"loc":{"start":{"line":83,"column":22},"end":{"line":83,"column":32}},"line":83},"5":{"name":"(anonymous_5)","decl":{"start":{"line":88,"column":3},"end":{"line":88,"column":4}},"loc":{"start":{"line":88,"column":15},"end":{"line":92,"column":2}},"line":88},"6":{"name":"(anonymous_6)","decl":{"start":{"line":102,"column":16},"end":{"line":102,"column":22}},"loc":{"start":{"line":102,"column":22},"end":{"line":102,"column":39}},"line":102},"7":{"name":"(anonymous_7)","decl":{"start":{"line":107,"column":16},"end":{"line":107,"column":22}},"loc":{"start":{"line":107,"column":22},"end":{"line":107,"column":32}},"line":107},"8":{"name":"(anonymous_8)","decl":{"start":{"line":111,"column":3},"end":{"line":111,"column":4}},"loc":{"start":{"line":111,"column":15},"end":{"line":114,"column":2}},"line":111},"9":{"name":"(anonymous_9)","decl":{"start":{"line":124,"column":16},"end":{"line":124,"column":22}},"loc":{"start":{"line":124,"column":22},"end":{"line":124,"column":39}},"line":124},"10":{"name":"(anonymous_10)","decl":{"start":{"line":127,"column":16},"end":{"line":127,"column":22}},"loc":{"start":{"line":127,"column":22},"end":{"line":127,"column":35}},"line":127},"11":{"name":"(anonymous_11)","decl":{"start":{"line":130,"column":3},"end":{"line":130,"column":4}},"loc":{"start":{"line":130,"column":15},"end":{"line":134,"column":2}},"line":130}},"branchMap":{},"s":{"0":1,"1":1,"2":1,"3":1,"4":1,"5":0,"6":0,"7":1,"8":1,"9":0,"10":0,"11":1,"12":1,"13":0,"14":0,"15":1,"16":1,"17":0,"18":0,"19":1},"f":{"0":0,"1":0,"2":1,"3":0,"4":0,"5":1,"6":0,"7":0,"8":1,"9":0,"10":0,"11":1},"b":{},"meta":{"lastBranch":0,"lastFunction":12,"lastStatement":20,"seen":{"s:14:13:14:Infinity":0,"s:16:13:23:Infinity":1,"s:25:13:29:Infinity":2,"s:31:13:36:Infinity":3,"s:45:13:70:Infinity":4,"f:49:16:49:22":0,"s:49:22:49:35":5,"f:59:16:59:22":1,"s:59:22:59:32":6,"f:64:3:64:4":2,"s:64:15:70:2":7,"s:76:13:92:Infinity":8,"f:80:16:80:22":3,"s:80:22:80:39":9,"f:83:16:83:22":4,"s:83:22:83:32":10,"f:88:3:88:4":5,"s:88:15:92:2":11,"s:98:13:114:Infinity":12,"f:102:16:102:22":6,"s:102:22:102:39":13,"f:107:16:107:22":7,"s:107:22:107:32":14,"f:111:3:111:4":8,"s:111:15:114:2":15,"s:120:13:134:Infinity":16,"f:124:16:124:22":9,"s:124:22:124:39":17,"f:127:16:127:22":10,"s:127:22:127:35":18,"f:130:3:130:4":11,"s:130:15:134:2":19}}}
,"D:\\workspace-github\\plm-system-web\\src\\server\\db\\documents.ts": {"path":"D:\\workspace-github\\plm-system-web\\src\\server\\db\\documents.ts","statementMap":{"0":{"start":{"line":16,"column":13},"end":{"line":39,"column":null}},"1":{"start":{"line":29,"column":22},"end":{"line":29,"column":32}},"2":{"start":{"line":32,"column":15},"end":{"line":39,"column":2}}},"fnMap":{"0":{"name":"(anonymous_0)","decl":{"start":{"line":29,"column":16},"end":{"line":29,"column":22}},"loc":{"start":{"line":29,"column":22},"end":{"line":29,"column":32}},"line":29},"1":{"name":"(anonymous_1)","decl":{"start":{"line":32,"column":3},"end":{"line":32,"column":4}},"loc":{"start":{"line":32,"column":15},"end":{"line":39,"column":2}},"line":32}},"branchMap":{},"s":{"0":1,"1":0,"2":1},"f":{"0":0,"1":1},"b":{},"meta":{"lastBranch":0,"lastFunction":2,"lastStatement":3,"seen":{"s:16:13:39:Infinity":0,"f:29:16:29:22":0,"s:29:22:29:32":1,"f:32:3:32:4":1,"s:32:15:39:2":2}}}
,"D:\\workspace-github\\plm-system-web\\src\\server\\db\\email_verification_tokens.ts": {"path":"D:\\workspace-github\\plm-system-web\\src\\server\\db\\email_verification_tokens.ts","statementMap":{"0":{"start":{"line":5,"column":13},"end":{"line":14,"column":null}},"1":{"start":{"line":9,"column":22},"end":{"line":9,"column":32}}},"fnMap":{"0":{"name":"(anonymous_0)","decl":{"start":{"line":9,"column":16},"end":{"line":9,"column":22}},"loc":{"start":{"line":9,"column":22},"end":{"line":9,"column":32}},"line":9}},"branchMap":{},"s":{"0":1,"1":0},"f":{"0":0},"b":{},"meta":{"lastBranch":0,"lastFunction":1,"lastStatement":2,"seen":{"s:5:13:14:Infinity":0,"f:9:16:9:22":0,"s:9:22:9:32":1}}}
,"D:\\workspace-github\\plm-system-web\\src\\server\\db\\index.ts": {"path":"D:\\workspace-github\\plm-system-web\\src\\server\\db\\index.ts","statementMap":{"0":{"start":{"line":9,"column":25},"end":{"line":9,"column":null}},"1":{"start":{"line":11,"column":6},"end":{"line":11,"column":null}},"2":{"start":{"line":13,"column":13},"end":{"line":13,"column":null}}},"fnMap":{},"branchMap":{"0":{"loc":{"start":{"line":9,"column":25},"end":{"line":9,"column":null}},"type":"binary-expr","locations":[{"start":{"line":9,"column":25},"end":{"line":9,"column":53}},{"start":{"line":9,"column":53},"end":{"line":9,"column":null}}],"line":9}},"s":{"0":1,"1":1,"2":1},"f":{},"b":{"0":[1,1]},"meta":{"lastBranch":1,"lastFunction":0,"lastStatement":3,"seen":{"s:9:25:9:Infinity":0,"b:9:25:9:53:9:53:9:Infinity":0,"s:11:6:11:Infinity":1,"s:13:13:13:Infinity":2}}}
,"D:\\workspace-github\\plm-system-web\\src\\server\\db\\manufacturers.ts": {"path":"D:\\workspace-github\\plm-system-web\\src\\server\\db\\manufacturers.ts","statementMap":{"0":{"start":{"line":17,"column":13},"end":{"line":35,"column":null}},"1":{"start":{"line":25,"column":22},"end":{"line":25,"column":32}},"2":{"start":{"line":28,"column":15},"end":{"line":35,"column":2}},"3":{"start":{"line":44,"column":13},"end":{"line":66,"column":null}},"4":{"start":{"line":54,"column":22},"end":{"line":54,"column":32}},"5":{"start":{"line":57,"column":15},"end":{"line":66,"column":2}},"6":{"start":{"line":76,"column":13},"end":{"line":87,"column":null}},"7":{"start":{"line":77,"column":53},"end":{"line":77,"column":63}},"8":{"start":{"line":78,"column":69},"end":{"line":78,"column":87}},"9":{"start":{"line":80,"column":15},"end":{"line":87,"column":2}},"10":{"start":{"line":97,"column":13},"end":{"line":108,"column":null}},"11":{"start":{"line":98,"column":53},"end":{"line":98,"column":63}},"12":{"start":{"line":99,"column":61},"end":{"line":99,"column":75}},"13":{"start":{"line":101,"column":15},"end":{"line":108,"column":2}}},"fnMap":{"0":{"name":"(anonymous_0)","decl":{"start":{"line":25,"column":16},"end":{"line":25,"column":22}},"loc":{"start":{"line":25,"column":22},"end":{"line":25,"column":32}},"line":25},"1":{"name":"(anonymous_1)","decl":{"start":{"line":28,"column":3},"end":{"line":28,"column":4}},"loc":{"start":{"line":28,"column":15},"end":{"line":35,"column":2}},"line":28},"2":{"name":"(anonymous_2)","decl":{"start":{"line":54,"column":16},"end":{"line":54,"column":22}},"loc":{"start":{"line":54,"column":22},"end":{"line":54,"column":32}},"line":54},"3":{"name":"(anonymous_3)","decl":{"start":{"line":57,"column":3},"end":{"line":57,"column":4}},"loc":{"start":{"line":57,"column":15},"end":{"line":66,"column":2}},"line":57},"4":{"name":"(anonymous_4)","decl":{"start":{"line":77,"column":47},"end":{"line":77,"column":53}},"loc":{"start":{"line":77,"column":53},"end":{"line":77,"column":63}},"line":77},"5":{"name":"(anonymous_5)","decl":{"start":{"line":78,"column":63},"end":{"line":78,"column":69}},"loc":{"start":{"line":78,"column":69},"end":{"line":78,"column":87}},"line":78},"6":{"name":"(anonymous_6)","decl":{"start":{"line":80,"column":3},"end":{"line":80,"column":4}},"loc":{"start":{"line":80,"column":15},"end":{"line":87,"column":2}},"line":80},"7":{"name":"(anonymous_7)","decl":{"start":{"line":98,"column":47},"end":{"line":98,"column":53}},"loc":{"start":{"line":98,"column":53},"end":{"line":98,"column":63}},"line":98},"8":{"name":"(anonymous_8)","decl":{"start":{"line":99,"column":55},"end":{"line":99,"column":61}},"loc":{"start":{"line":99,"column":61},"end":{"line":99,"column":75}},"line":99},"9":{"name":"(anonymous_9)","decl":{"start":{"line":101,"column":3},"end":{"line":101,"column":4}},"loc":{"start":{"line":101,"column":15},"end":{"line":108,"column":2}},"line":101}},"branchMap":{},"s":{"0":1,"1":0,"2":1,"3":1,"4":0,"5":1,"6":1,"7":0,"8":0,"9":1,"10":1,"11":0,"12":0,"13":1},"f":{"0":0,"1":1,"2":0,"3":1,"4":0,"5":0,"6":1,"7":0,"8":0,"9":1},"b":{},"meta":{"lastBranch":0,"lastFunction":10,"lastStatement":14,"seen":{"s:17:13:35:Infinity":0,"f:25:16:25:22":0,"s:25:22:25:32":1,"f:28:3:28:4":1,"s:28:15:35:2":2,"s:44:13:66:Infinity":3,"f:54:16:54:22":2,"s:54:22:54:32":4,"f:57:3:57:4":3,"s:57:15:66:2":5,"s:76:13:87:Infinity":6,"f:77:47:77:53":4,"s:77:53:77:63":7,"f:78:63:78:69":5,"s:78:69:78:87":8,"f:80:3:80:4":6,"s:80:15:87:2":9,"s:97:13:108:Infinity":10,"f:98:47:98:53":7,"s:98:53:98:63":11,"f:99:55:99:61":8,"s:99:61:99:75":12,"f:101:3:101:4":9,"s:101:15:108:2":13}}}
,"D:\\workspace-github\\plm-system-web\\src\\server\\db\\parts.ts": {"path":"D:\\workspace-github\\plm-system-web\\src\\server\\db\\parts.ts","statementMap":{"0":{"start":{"line":7,"column":13},"end":{"line":7,"column":null}},"1":{"start":{"line":10,"column":13},"end":{"line":37,"column":null}},"2":{"start":{"line":14,"column":22},"end":{"line":14,"column":35}},"3":{"start":{"line":23,"column":22},"end":{"line":23,"column":32}},"4":{"start":{"line":26,"column":15},"end":{"line":37,"column":2}}},"fnMap":{"0":{"name":"(anonymous_0)","decl":{"start":{"line":14,"column":16},"end":{"line":14,"column":22}},"loc":{"start":{"line":14,"column":22},"end":{"line":14,"column":35}},"line":14},"1":{"name":"(anonymous_1)","decl":{"start":{"line":23,"column":16},"end":{"line":23,"column":22}},"loc":{"start":{"line":23,"column":22},"end":{"line":23,"column":32}},"line":23},"2":{"name":"(anonymous_2)","decl":{"start":{"line":26,"column":3},"end":{"line":26,"column":4}},"loc":{"start":{"line":26,"column":15},"end":{"line":37,"column":2}},"line":26}},"branchMap":{},"s":{"0":1,"1":1,"2":0,"3":0,"4":1},"f":{"0":0,"1":0,"2":1},"b":{},"meta":{"lastBranch":0,"lastFunction":3,"lastStatement":5,"seen":{"s:7:13:7:Infinity":0,"s:10:13:37:Infinity":1,"f:14:16:14:22":0,"s:14:22:14:35":2,"f:23:16:23:22":1,"s:23:22:23:32":3,"f:26:3:26:4":2,"s:26:15:37:2":4}}}
,"D:\\workspace-github\\plm-system-web\\src\\server\\db\\password_reset_tokens.ts": {"path":"D:\\workspace-github\\plm-system-web\\src\\server\\db\\password_reset_tokens.ts","statementMap":{"0":{"start":{"line":5,"column":13},"end":{"line":15,"column":null}},"1":{"start":{"line":9,"column":22},"end":{"line":9,"column":32}}},"fnMap":{"0":{"name":"(anonymous_0)","decl":{"start":{"line":9,"column":16},"end":{"line":9,"column":22}},"loc":{"start":{"line":9,"column":22},"end":{"line":9,"column":32}},"line":9}},"branchMap":{},"s":{"0":1,"1":0},"f":{"0":0},"b":{},"meta":{"lastBranch":0,"lastFunction":1,"lastStatement":2,"seen":{"s:5:13:15:Infinity":0,"f:9:16:9:22":0,"s:9:22:9:32":1}}}
,"D:\\workspace-github\\plm-system-web\\src\\server\\db\\project_members.ts": {"path":"D:\\workspace-github\\plm-system-web\\src\\server\\db\\project_members.ts","statementMap":{"0":{"start":{"line":7,"column":13},"end":{"line":7,"column":null}},"1":{"start":{"line":10,"column":13},"end":{"line":23,"column":null}},"2":{"start":{"line":12,"column":59},"end":{"line":12,"column":72}},"3":{"start":{"line":13,"column":53},"end":{"line":13,"column":63}},"4":{"start":{"line":16,"column":15},"end":{"line":23,"column":2}}},"fnMap":{"0":{"name":"(anonymous_0)","decl":{"start":{"line":12,"column":53},"end":{"line":12,"column":59}},"loc":{"start":{"line":12,"column":59},"end":{"line":12,"column":72}},"line":12},"1":{"name":"(anonymous_1)","decl":{"start":{"line":13,"column":47},"end":{"line":13,"column":53}},"loc":{"start":{"line":13,"column":53},"end":{"line":13,"column":63}},"line":13},"2":{"name":"(anonymous_2)","decl":{"start":{"line":16,"column":3},"end":{"line":16,"column":4}},"loc":{"start":{"line":16,"column":15},"end":{"line":23,"column":2}},"line":16}},"branchMap":{},"s":{"0":1,"1":1,"2":0,"3":0,"4":1},"f":{"0":0,"1":0,"2":1},"b":{},"meta":{"lastBranch":0,"lastFunction":3,"lastStatement":5,"seen":{"s:7:13:7:Infinity":0,"s:10:13:23:Infinity":1,"f:12:53:12:59":0,"s:12:59:12:72":2,"f:13:47:13:53":1,"s:13:53:13:63":3,"f:16:3:16:4":2,"s:16:15:23:2":4}}}
,"D:\\workspace-github\\plm-system-web\\src\\server\\db\\projects.ts": {"path":"D:\\workspace-github\\plm-system-web\\src\\server\\db\\projects.ts","statementMap":{"0":{"start":{"line":7,"column":13},"end":{"line":7,"column":null}},"1":{"start":{"line":10,"column":13},"end":{"line":10,"column":null}},"2":{"start":{"line":13,"column":13},"end":{"line":35,"column":null}},"3":{"start":{"line":20,"column":43},"end":{"line":20,"column":53}},"4":{"start":{"line":21,"column":59},"end":{"line":21,"column":69}},"5":{"start":{"line":24,"column":15},"end":{"line":35,"column":2}}},"fnMap":{"0":{"name":"(anonymous_0)","decl":{"start":{"line":20,"column":37},"end":{"line":20,"column":43}},"loc":{"start":{"line":20,"column":43},"end":{"line":20,"column":53}},"line":20},"1":{"name":"(anonymous_1)","decl":{"start":{"line":21,"column":53},"end":{"line":21,"column":59}},"loc":{"start":{"line":21,"column":59},"end":{"line":21,"column":69}},"line":21},"2":{"name":"(anonymous_2)","decl":{"start":{"line":24,"column":3},"end":{"line":24,"column":4}},"loc":{"start":{"line":24,"column":15},"end":{"line":35,"column":2}},"line":24}},"branchMap":{},"s":{"0":1,"1":1,"2":1,"3":0,"4":0,"5":1},"f":{"0":0,"1":0,"2":1},"b":{},"meta":{"lastBranch":0,"lastFunction":3,"lastStatement":6,"seen":{"s:7:13:7:Infinity":0,"s:10:13:10:Infinity":1,"s:13:13:35:Infinity":2,"f:20:37:20:43":0,"s:20:43:20:53":3,"f:21:53:21:59":1,"s:21:59:21:69":4,"f:24:3:24:4":2,"s:24:15:35:2":5}}}
,"D:\\workspace-github\\plm-system-web\\src\\server\\db\\revisions.ts": {"path":"D:\\workspace-github\\plm-system-web\\src\\server\\db\\revisions.ts","statementMap":{"0":{"start":{"line":7,"column":13},"end":{"line":26,"column":null}},"1":{"start":{"line":11,"column":22},"end":{"line":11,"column":32}},"2":{"start":{"line":17,"column":22},"end":{"line":17,"column":32}},"3":{"start":{"line":19,"column":15},"end":{"line":26,"column":2}}},"fnMap":{"0":{"name":"(anonymous_0)","decl":{"start":{"line":11,"column":16},"end":{"line":11,"column":22}},"loc":{"start":{"line":11,"column":22},"end":{"line":11,"column":32}},"line":11},"1":{"name":"(anonymous_1)","decl":{"start":{"line":17,"column":16},"end":{"line":17,"column":22}},"loc":{"start":{"line":17,"column":22},"end":{"line":17,"column":32}},"line":17},"2":{"name":"(anonymous_2)","decl":{"start":{"line":19,"column":3},"end":{"line":19,"column":4}},"loc":{"start":{"line":19,"column":15},"end":{"line":26,"column":2}},"line":19}},"branchMap":{},"s":{"0":1,"1":0,"2":0,"3":1},"f":{"0":0,"1":0,"2":1},"b":{},"meta":{"lastBranch":0,"lastFunction":3,"lastStatement":4,"seen":{"s:7:13:26:Infinity":0,"f:11:16:11:22":0,"s:11:22:11:32":1,"f:17:16:17:22":1,"s:17:22:17:32":2,"f:19:3:19:4":2,"s:19:15:26:2":3}}}
,"D:\\workspace-github\\plm-system-web\\src\\server\\db\\roles.ts": {"path":"D:\\workspace-github\\plm-system-web\\src\\server\\db\\roles.ts","statementMap":{"0":{"start":{"line":5,"column":13},"end":{"line":12,"column":null}},"1":{"start":{"line":18,"column":13},"end":{"line":28,"column":null}},"2":{"start":{"line":22,"column":22},"end":{"line":22,"column":32}},"3":{"start":{"line":25,"column":22},"end":{"line":25,"column":32}},"4":{"start":{"line":27,"column":54},"end":{"line":27,"column":64}}},"fnMap":{"0":{"name":"(anonymous_0)","decl":{"start":{"line":22,"column":16},"end":{"line":22,"column":22}},"loc":{"start":{"line":22,"column":22},"end":{"line":22,"column":32}},"line":22},"1":{"name":"(anonymous_1)","decl":{"start":{"line":25,"column":16},"end":{"line":25,"column":22}},"loc":{"start":{"line":25,"column":22},"end":{"line":25,"column":32}},"line":25},"2":{"name":"(anonymous_2)","decl":{"start":{"line":27,"column":48},"end":{"line":27,"column":54}},"loc":{"start":{"line":27,"column":54},"end":{"line":27,"column":64}},"line":27}},"branchMap":{},"s":{"0":1,"1":1,"2":0,"3":0,"4":0},"f":{"0":0,"1":0,"2":0},"b":{},"meta":{"lastBranch":0,"lastFunction":3,"lastStatement":5,"seen":{"s:5:13:12:Infinity":0,"s:18:13:28:Infinity":1,"f:22:16:22:22":0,"s:22:22:22:32":2,"f:25:16:25:22":1,"s:25:22:25:32":3,"f:27:48:27:54":2,"s:27:54:27:64":4}}}
,"D:\\workspace-github\\plm-system-web\\src\\server\\db\\schema.ts": {"path":"D:\\workspace-github\\plm-system-web\\src\\server\\db\\schema.ts","statementMap":{},"fnMap":{},"branchMap":{},"s":{},"f":{},"b":{},"meta":{"lastBranch":0,"lastFunction":0,"lastStatement":0,"seen":{}}}
,"D:\\workspace-github\\plm-system-web\\src\\server\\db\\sessions.ts": {"path":"D:\\workspace-github\\plm-system-web\\src\\server\\db\\sessions.ts","statementMap":{"0":{"start":{"line":4,"column":13},"end":{"line":18,"column":null}},"1":{"start":{"line":8,"column":22},"end":{"line":8,"column":32}}},"fnMap":{"0":{"name":"(anonymous_0)","decl":{"start":{"line":8,"column":16},"end":{"line":8,"column":22}},"loc":{"start":{"line":8,"column":22},"end":{"line":8,"column":32}},"line":8}},"branchMap":{},"s":{"0":1,"1":0},"f":{"0":0},"b":{},"meta":{"lastBranch":0,"lastFunction":1,"lastStatement":2,"seen":{"s:4:13:18:Infinity":0,"f:8:16:8:22":0,"s:8:22:8:32":1}}}
,"D:\\workspace-github\\plm-system-web\\src\\server\\db\\team_members.ts": {"path":"D:\\workspace-github\\plm-system-web\\src\\server\\db\\team_members.ts","statementMap":{"0":{"start":{"line":6,"column":13},"end":{"line":6,"column":null}},"1":{"start":{"line":9,"column":13},"end":{"line":21,"column":null}},"2":{"start":{"line":13,"column":22},"end":{"line":13,"column":32}},"3":{"start":{"line":16,"column":22},"end":{"line":16,"column":32}}},"fnMap":{"0":{"name":"(anonymous_0)","decl":{"start":{"line":13,"column":16},"end":{"line":13,"column":22}},"loc":{"start":{"line":13,"column":22},"end":{"line":13,"column":32}},"line":13},"1":{"name":"(anonymous_1)","decl":{"start":{"line":16,"column":16},"end":{"line":16,"column":22}},"loc":{"start":{"line":16,"column":22},"end":{"line":16,"column":32}},"line":16}},"branchMap":{},"s":{"0":1,"1":1,"2":0,"3":0},"f":{"0":0,"1":0},"b":{},"meta":{"lastBranch":0,"lastFunction":2,"lastStatement":4,"seen":{"s:6:13:6:Infinity":0,"s:9:13:21:Infinity":1,"f:13:16:13:22":0,"s:13:22:13:32":2,"f:16:16:16:22":1,"s:16:22:16:32":3}}}
,"D:\\workspace-github\\plm-system-web\\src\\server\\db\\teams.ts": {"path":"D:\\workspace-github\\plm-system-web\\src\\server\\db\\teams.ts","statementMap":{"0":{"start":{"line":4,"column":13},"end":{"line":14,"column":null}}},"fnMap":{},"branchMap":{},"s":{"0":1},"f":{},"b":{},"meta":{"lastBranch":0,"lastFunction":0,"lastStatement":1,"seen":{"s:4:13:14:Infinity":0}}}
,"D:\\workspace-github\\plm-system-web\\src\\server\\db\\users.ts": {"path":"D:\\workspace-github\\plm-system-web\\src\\server\\db\\users.ts","statementMap":{"0":{"start":{"line":4,"column":13},"end":{"line":4,"column":null}},"1":{"start":{"line":6,"column":13},"end":{"line":22,"column":null}}},"fnMap":{},"branchMap":{},"s":{"0":1,"1":1},"f":{},"b":{},"meta":{"lastBranch":0,"lastFunction":0,"lastStatement":2,"seen":{"s:4:13:4:Infinity":0,"s:6:13:22:Infinity":1}}}
}
