{"D:\\workspace-github\\plm-system-web\\src\\lib\\password.ts": {"path":"D:\\workspace-github\\plm-system-web\\src\\lib\\password.ts","statementMap":{"0":{"start":{"line":9,"column":28},"end":{"line":9,"column":null}},"1":{"start":{"line":10,"column":33},"end":{"line":10,"column":null}},"2":{"start":{"line":13,"column":27},"end":{"line":13,"column":null}},"3":{"start":{"line":16,"column":2},"end":{"line":18,"column":null}},"4":{"start":{"line":17,"column":4},"end":{"line":17,"column":null}},"5":{"start":{"line":21,"column":23},"end":{"line":21,"column":null}},"6":{"start":{"line":22,"column":23},"end":{"line":22,"column":null}},"7":{"start":{"line":23,"column":20},"end":{"line":23,"column":null}},"8":{"start":{"line":24,"column":21},"end":{"line":24,"column":null}},"9":{"start":{"line":26,"column":29},"end":{"line":26,"column":null}},"10":{"start":{"line":28,"column":2},"end":{"line":32,"column":null}},"11":{"start":{"line":29,"column":4},"end":{"line":31,"column":null}},"12":{"start":{"line":34,"column":2},"end":{"line":37,"column":null}},"13":{"start":{"line":42,"column":2},"end":{"line":42,"column":null}},"14":{"start":{"line":47,"column":2},"end":{"line":47,"column":null}},"15":{"start":{"line":52,"column":20},"end":{"line":52,"column":null}},"16":{"start":{"line":53,"column":20},"end":{"line":53,"column":null}},"17":{"start":{"line":54,"column":18},"end":{"line":54,"column":null}},"18":{"start":{"line":55,"column":18},"end":{"line":55,"column":null}},"19":{"start":{"line":57,"column":19},"end":{"line":57,"column":null}},"20":{"start":{"line":58,"column":17},"end":{"line":58,"column":null}},"21":{"start":{"line":61,"column":2},"end":{"line":61,"column":null}},"22":{"start":{"line":62,"column":2},"end":{"line":62,"column":null}},"23":{"start":{"line":63,"column":2},"end":{"line":63,"column":null}},"24":{"start":{"line":64,"column":2},"end":{"line":64,"column":null}},"25":{"start":{"line":67,"column":2},"end":{"line":69,"column":null}},"26":{"start":{"line":67,"column":15},"end":{"line":67,"column":32}},"27":{"start":{"line":68,"column":4},"end":{"line":68,"column":null}},"28":{"start":{"line":72,"column":2},"end":{"line":75,"column":null}},"29":{"start":{"line":74,"column":16},"end":{"line":74,"column":35}}},"fnMap":{"0":{"name":"validatePasswordComplexity","decl":{"start":{"line":12,"column":16},"end":{"line":12,"column":43}},"loc":{"start":{"line":12,"column":87},"end":{"line":38,"column":null}},"line":12},"1":{"name":"hashPassword","decl":{"start":{"line":41,"column":22},"end":{"line":41,"column":35}},"loc":{"start":{"line":41,"column":70},"end":{"line":43,"column":null}},"line":41},"2":{"name":"verifyPassword","decl":{"start":{"line":46,"column":22},"end":{"line":46,"column":37}},"loc":{"start":{"line":46,"column":93},"end":{"line":48,"column":null}},"line":46},"3":{"name":"generateSecurePassword","decl":{"start":{"line":51,"column":16},"end":{"line":51,"column":39}},"loc":{"start":{"line":51,"column":68},"end":{"line":76,"column":null}},"line":51},"4":{"name":"(anonymous_4)","decl":{"start":{"line":74,"column":10},"end":{"line":74,"column":16}},"loc":{"start":{"line":74,"column":16},"end":{"line":74,"column":35}},"line":74}},"branchMap":{"0":{"loc":{"start":{"line":16,"column":2},"end":{"line":18,"column":null}},"type":"if","locations":[{"start":{"line":16,"column":2},"end":{"line":18,"column":null}},{"start":{},"end":{}}],"line":16},"1":{"loc":{"start":{"line":28,"column":2},"end":{"line":32,"column":null}},"type":"if","locations":[{"start":{"line":28,"column":2},"end":{"line":32,"column":null}},{"start":{},"end":{}}],"line":28},"2":{"loc":{"start":{"line":51,"column":39},"end":{"line":51,"column":68}},"type":"default-arg","locations":[{"start":{"line":51,"column":56},"end":{"line":51,"column":68}}],"line":51}},"s":{"0":1,"1":1,"2":7,"3":7,"4":2,"5":7,"6":7,"7":7,"8":7,"9":7,"10":7,"11":4,"12":7,"13":6,"14":3,"15":0,"16":0,"17":0,"18":0,"19":0,"20":0,"21":0,"22":0,"23":0,"24":0,"25":0,"26":0,"27":0,"28":0,"29":0},"f":{"0":7,"1":6,"2":3,"3":0,"4":0},"b":{"0":[2,5],"1":[4,3],"2":[0]},"meta":{"lastBranch":3,"lastFunction":5,"lastStatement":30,"seen":{"s:9:28:9:Infinity":0,"s:10:33:10:Infinity":1,"f:12:16:12:43":0,"s:13:27:13:Infinity":2,"b:16:2:18:Infinity:undefined:undefined:undefined:undefined":0,"s:16:2:18:Infinity":3,"s:17:4:17:Infinity":4,"s:21:23:21:Infinity":5,"s:22:23:22:Infinity":6,"s:23:20:23:Infinity":7,"s:24:21:24:Infinity":8,"s:26:29:26:Infinity":9,"b:28:2:32:Infinity:undefined:undefined:undefined:undefined":1,"s:28:2:32:Infinity":10,"s:29:4:31:Infinity":11,"s:34:2:37:Infinity":12,"f:41:22:41:35":1,"s:42:2:42:Infinity":13,"f:46:22:46:37":2,"s:47:2:47:Infinity":14,"f:51:16:51:39":3,"b:51:56:51:68":2,"s:52:20:52:Infinity":15,"s:53:20:53:Infinity":16,"s:54:18:54:Infinity":17,"s:55:18:55:Infinity":18,"s:57:19:57:Infinity":19,"s:58:17:58:Infinity":20,"s:61:2:61:Infinity":21,"s:62:2:62:Infinity":22,"s:63:2:63:Infinity":23,"s:64:2:64:Infinity":24,"s:67:2:69:Infinity":25,"s:67:15:67:32":26,"s:68:4:68:Infinity":27,"s:72:2:75:Infinity":28,"f:74:10:74:16":4,"s:74:16:74:35":29}}}
,"D:\\workspace-github\\plm-system-web\\src\\modules\\identity\\permission.ts": {"path":"D:\\workspace-github\\plm-system-web\\src\\modules\\identity\\permission.ts","statementMap":{"0":{"start":{"line":14,"column":2},"end":{"line":14,"column":null}}},"fnMap":{"0":{"name":"hasPermission","decl":{"start":{"line":9,"column":16},"end":{"line":9,"column":null}},"loc":{"start":{"line":12,"column":11},"end":{"line":15,"column":null}},"line":12}},"branchMap":{},"s":{"0":5},"f":{"0":5},"b":{},"meta":{"lastBranch":0,"lastFunction":1,"lastStatement":1,"seen":{"f:9:16:9:Infinity":0,"s:14:2:14:Infinity":0}}}
,"D:\\workspace-github\\plm-system-web\\src\\modules\\identity\\role.ts": {"path":"D:\\workspace-github\\plm-system-web\\src\\modules\\identity\\role.ts","statementMap":{"0":{"start":{"line":12,"column":55},"end":{"line":17,"column":null}}},"fnMap":{},"branchMap":{},"s":{"0":1},"f":{},"b":{},"meta":{"lastBranch":0,"lastFunction":0,"lastStatement":1,"seen":{"s:12:55:17:Infinity":0}}}
,"D:\\workspace-github\\plm-system-web\\src\\modules\\issue\\status-machine.ts": {"path":"D:\\workspace-github\\plm-system-web\\src\\modules\\issue\\status-machine.ts","statementMap":{"0":{"start":{"line":9,"column":56},"end":{"line":15,"column":null}},"1":{"start":{"line":28,"column":2},"end":{"line":30,"column":null}},"2":{"start":{"line":29,"column":4},"end":{"line":29,"column":null}},"3":{"start":{"line":33,"column":24},"end":{"line":33,"column":null}},"4":{"start":{"line":34,"column":2},"end":{"line":34,"column":null}},"5":{"start":{"line":43,"column":2},"end":{"line":43,"column":null}},"6":{"start":{"line":52,"column":46},"end":{"line":58,"column":null}},"7":{"start":{"line":59,"column":2},"end":{"line":59,"column":null}},"8":{"start":{"line":68,"column":46},"end":{"line":74,"column":null}},"9":{"start":{"line":75,"column":2},"end":{"line":75,"column":null}},"10":{"start":{"line":84,"column":2},"end":{"line":84,"column":null}},"11":{"start":{"line":93,"column":2},"end":{"line":93,"column":null}}},"fnMap":{"0":{"name":"isValidStatusTransition","decl":{"start":{"line":23,"column":16},"end":{"line":23,"column":null}},"loc":{"start":{"line":26,"column":11},"end":{"line":35,"column":null}},"line":26},"1":{"name":"getNextStatuses","decl":{"start":{"line":42,"column":16},"end":{"line":42,"column":32}},"loc":{"start":{"line":42,"column":75},"end":{"line":44,"column":null}},"line":42},"2":{"name":"getStatusColor","decl":{"start":{"line":51,"column":16},"end":{"line":51,"column":31}},"loc":{"start":{"line":51,"column":60},"end":{"line":60,"column":null}},"line":51},"3":{"name":"getStatusLabel","decl":{"start":{"line":67,"column":16},"end":{"line":67,"column":31}},"loc":{"start":{"line":67,"column":60},"end":{"line":76,"column":null}},"line":67},"4":{"name":"isTerminalStatus","decl":{"start":{"line":83,"column":16},"end":{"line":83,"column":33}},"loc":{"start":{"line":83,"column":63},"end":{"line":85,"column":null}},"line":83},"5":{"name":"isWorkingStatus","decl":{"start":{"line":92,"column":16},"end":{"line":92,"column":32}},"loc":{"start":{"line":92,"column":62},"end":{"line":94,"column":null}},"line":92}},"branchMap":{"0":{"loc":{"start":{"line":28,"column":2},"end":{"line":30,"column":null}},"type":"if","locations":[{"start":{"line":28,"column":2},"end":{"line":30,"column":null}},{"start":{},"end":{}}],"line":28},"1":{"loc":{"start":{"line":93,"column":9},"end":{"line":93,"column":null}},"type":"binary-expr","locations":[{"start":{"line":93,"column":9},"end":{"line":93,"column":37}},{"start":{"line":93,"column":37},"end":{"line":93,"column":null}}],"line":93}},"s":{"0":1,"1":21,"2":5,"3":16,"4":16,"5":5,"6":10,"7":10,"8":5,"9":5,"10":3,"11":5},"f":{"0":21,"1":5,"2":10,"3":5,"4":3,"5":5},"b":{"0":[5,16],"1":[5,4]},"meta":{"lastBranch":2,"lastFunction":6,"lastStatement":12,"seen":{"s:9:56:15:Infinity":0,"f:23:16:23:Infinity":0,"b:28:2:30:Infinity:undefined:undefined:undefined:undefined":0,"s:28:2:30:Infinity":1,"s:29:4:29:Infinity":2,"s:33:24:33:Infinity":3,"s:34:2:34:Infinity":4,"f:42:16:42:32":1,"s:43:2:43:Infinity":5,"f:51:16:51:31":2,"s:52:46:58:Infinity":6,"s:59:2:59:Infinity":7,"f:67:16:67:31":3,"s:68:46:74:Infinity":8,"s:75:2:75:Infinity":9,"f:83:16:83:33":4,"s:84:2:84:Infinity":10,"f:92:16:92:32":5,"s:93:2:93:Infinity":11,"b:93:9:93:37:93:37:93:Infinity":1}}}
,"D:\\workspace-github\\plm-system-web\\src\\modules\\issue\\schemas\\index.ts": {"path":"D:\\workspace-github\\plm-system-web\\src\\modules\\issue\\schemas\\index.ts","statementMap":{},"fnMap":{},"branchMap":{},"s":{},"f":{},"b":{},"meta":{"lastBranch":0,"lastFunction":0,"lastStatement":0,"seen":{}}}
,"D:\\workspace-github\\plm-system-web\\src\\modules\\issue\\schemas\\issue-attachments.ts": {"path":"D:\\workspace-github\\plm-system-web\\src\\modules\\issue\\schemas\\issue-attachments.ts","statementMap":{"0":{"start":{"line":7,"column":13},"end":{"line":25,"column":null}},"1":{"start":{"line":11,"column":22},"end":{"line":11,"column":33}},"2":{"start":{"line":18,"column":22},"end":{"line":18,"column":32}},"3":{"start":{"line":20,"column":15},"end":{"line":25,"column":2}}},"fnMap":{"0":{"name":"(anonymous_0)","decl":{"start":{"line":11,"column":16},"end":{"line":11,"column":22}},"loc":{"start":{"line":11,"column":22},"end":{"line":11,"column":33}},"line":11},"1":{"name":"(anonymous_1)","decl":{"start":{"line":18,"column":16},"end":{"line":18,"column":22}},"loc":{"start":{"line":18,"column":22},"end":{"line":18,"column":32}},"line":18},"2":{"name":"(anonymous_2)","decl":{"start":{"line":20,"column":3},"end":{"line":20,"column":4}},"loc":{"start":{"line":20,"column":15},"end":{"line":25,"column":2}},"line":20}},"branchMap":{},"s":{"0":4,"1":0,"2":0,"3":1},"f":{"0":0,"1":0,"2":1},"b":{},"meta":{"lastBranch":0,"lastFunction":3,"lastStatement":4,"seen":{"s:7:13:25:Infinity":0,"f:11:16:11:22":0,"s:11:22:11:33":1,"f:18:16:18:22":1,"s:18:22:18:32":2,"f:20:3:20:4":2,"s:20:15:25:2":3}}}
,"D:\\workspace-github\\plm-system-web\\src\\modules\\issue\\schemas\\issue-comments.ts": {"path":"D:\\workspace-github\\plm-system-web\\src\\modules\\issue\\schemas\\issue-comments.ts","statementMap":{"0":{"start":{"line":7,"column":13},"end":{"line":23,"column":null}},"1":{"start":{"line":11,"column":22},"end":{"line":11,"column":33}},"2":{"start":{"line":14,"column":22},"end":{"line":14,"column":32}},"3":{"start":{"line":18,"column":15},"end":{"line":23,"column":2}}},"fnMap":{"0":{"name":"(anonymous_0)","decl":{"start":{"line":11,"column":16},"end":{"line":11,"column":22}},"loc":{"start":{"line":11,"column":22},"end":{"line":11,"column":33}},"line":11},"1":{"name":"(anonymous_1)","decl":{"start":{"line":14,"column":16},"end":{"line":14,"column":22}},"loc":{"start":{"line":14,"column":22},"end":{"line":14,"column":32}},"line":14},"2":{"name":"(anonymous_2)","decl":{"start":{"line":18,"column":3},"end":{"line":18,"column":4}},"loc":{"start":{"line":18,"column":15},"end":{"line":23,"column":2}},"line":18}},"branchMap":{},"s":{"0":4,"1":0,"2":0,"3":1},"f":{"0":0,"1":0,"2":1},"b":{},"meta":{"lastBranch":0,"lastFunction":3,"lastStatement":4,"seen":{"s:7:13:23:Infinity":0,"f:11:16:11:22":0,"s:11:22:11:33":1,"f:14:16:14:22":1,"s:14:22:14:32":2,"f:18:3:18:4":2,"s:18:15:23:2":3}}}
,"D:\\workspace-github\\plm-system-web\\src\\modules\\issue\\schemas\\issue-labels.ts": {"path":"D:\\workspace-github\\plm-system-web\\src\\modules\\issue\\schemas\\issue-labels.ts","statementMap":{"0":{"start":{"line":7,"column":13},"end":{"line":21,"column":null}},"1":{"start":{"line":10,"column":22},"end":{"line":10,"column":33}},"2":{"start":{"line":13,"column":22},"end":{"line":13,"column":33}},"3":{"start":{"line":14,"column":15},"end":{"line":21,"column":2}}},"fnMap":{"0":{"name":"(anonymous_0)","decl":{"start":{"line":10,"column":16},"end":{"line":10,"column":22}},"loc":{"start":{"line":10,"column":22},"end":{"line":10,"column":33}},"line":10},"1":{"name":"(anonymous_1)","decl":{"start":{"line":13,"column":16},"end":{"line":13,"column":22}},"loc":{"start":{"line":13,"column":22},"end":{"line":13,"column":33}},"line":13},"2":{"name":"(anonymous_2)","decl":{"start":{"line":14,"column":3},"end":{"line":14,"column":4}},"loc":{"start":{"line":14,"column":15},"end":{"line":21,"column":2}},"line":14}},"branchMap":{},"s":{"0":4,"1":0,"2":0,"3":1},"f":{"0":0,"1":0,"2":1},"b":{},"meta":{"lastBranch":0,"lastFunction":3,"lastStatement":4,"seen":{"s:7:13:21:Infinity":0,"f:10:16:10:22":0,"s:10:22:10:33":1,"f:13:16:13:22":1,"s:13:22:13:33":2,"f:14:3:14:4":2,"s:14:15:21:2":3}}}
,"D:\\workspace-github\\plm-system-web\\src\\modules\\issue\\schemas\\issues.ts": {"path":"D:\\workspace-github\\plm-system-web\\src\\modules\\issue\\schemas\\issues.ts","statementMap":{"0":{"start":{"line":8,"column":13},"end":{"line":14,"column":null}},"1":{"start":{"line":17,"column":13},"end":{"line":23,"column":null}},"2":{"start":{"line":26,"column":13},"end":{"line":31,"column":null}},"3":{"start":{"line":34,"column":13},"end":{"line":69,"column":null}},"4":{"start":{"line":38,"column":22},"end":{"line":38,"column":35}},"5":{"start":{"line":46,"column":51},"end":{"line":46,"column":61}},"6":{"start":{"line":49,"column":22},"end":{"line":49,"column":32}},"7":{"start":{"line":52,"column":47},"end":{"line":52,"column":58}},"8":{"start":{"line":56,"column":15},"end":{"line":69,"column":2}}},"fnMap":{"0":{"name":"(anonymous_0)","decl":{"start":{"line":38,"column":16},"end":{"line":38,"column":22}},"loc":{"start":{"line":38,"column":22},"end":{"line":38,"column":35}},"line":38},"1":{"name":"(anonymous_1)","decl":{"start":{"line":46,"column":45},"end":{"line":46,"column":51}},"loc":{"start":{"line":46,"column":51},"end":{"line":46,"column":61}},"line":46},"2":{"name":"(anonymous_2)","decl":{"start":{"line":49,"column":16},"end":{"line":49,"column":22}},"loc":{"start":{"line":49,"column":22},"end":{"line":49,"column":32}},"line":49},"3":{"name":"(anonymous_3)","decl":{"start":{"line":52,"column":41},"end":{"line":52,"column":47}},"loc":{"start":{"line":52,"column":47},"end":{"line":52,"column":58}},"line":52},"4":{"name":"(anonymous_4)","decl":{"start":{"line":56,"column":3},"end":{"line":56,"column":4}},"loc":{"start":{"line":56,"column":15},"end":{"line":69,"column":2}},"line":56}},"branchMap":{},"s":{"0":4,"1":4,"2":4,"3":4,"4":0,"5":0,"6":0,"7":0,"8":1},"f":{"0":0,"1":0,"2":0,"3":0,"4":1},"b":{},"meta":{"lastBranch":0,"lastFunction":5,"lastStatement":9,"seen":{"s:8:13:14:Infinity":0,"s:17:13:23:Infinity":1,"s:26:13:31:Infinity":2,"s:34:13:69:Infinity":3,"f:38:16:38:22":0,"s:38:22:38:35":4,"f:46:45:46:51":1,"s:46:51:46:61":5,"f:49:16:49:22":2,"s:49:22:49:32":6,"f:52:41:52:47":3,"s:52:47:52:58":7,"f:56:3:56:4":4,"s:56:15:69:2":8}}}
,"D:\\workspace-github\\plm-system-web\\src\\modules\\issue\\schemas\\labels.ts": {"path":"D:\\workspace-github\\plm-system-web\\src\\modules\\issue\\schemas\\labels.ts","statementMap":{"0":{"start":{"line":6,"column":13},"end":{"line":19,"column":null}},"1":{"start":{"line":10,"column":22},"end":{"line":10,"column":35}},"2":{"start":{"line":14,"column":15},"end":{"line":19,"column":2}}},"fnMap":{"0":{"name":"(anonymous_0)","decl":{"start":{"line":10,"column":16},"end":{"line":10,"column":22}},"loc":{"start":{"line":10,"column":22},"end":{"line":10,"column":35}},"line":10},"1":{"name":"(anonymous_1)","decl":{"start":{"line":14,"column":3},"end":{"line":14,"column":4}},"loc":{"start":{"line":14,"column":15},"end":{"line":19,"column":2}},"line":14}},"branchMap":{},"s":{"0":4,"1":0,"2":1},"f":{"0":0,"1":1},"b":{},"meta":{"lastBranch":0,"lastFunction":2,"lastStatement":3,"seen":{"s:6:13:19:Infinity":0,"f:10:16:10:22":0,"s:10:22:10:35":1,"f:14:3:14:4":1,"s:14:15:19:2":2}}}
,"D:\\workspace-github\\plm-system-web\\src\\modules\\issue\\schemas\\milestones.ts": {"path":"D:\\workspace-github\\plm-system-web\\src\\modules\\issue\\schemas\\milestones.ts","statementMap":{"0":{"start":{"line":6,"column":13},"end":{"line":6,"column":null}},"1":{"start":{"line":9,"column":13},"end":{"line":24,"column":null}},"2":{"start":{"line":13,"column":22},"end":{"line":13,"column":35}},"3":{"start":{"line":19,"column":15},"end":{"line":24,"column":2}}},"fnMap":{"0":{"name":"(anonymous_0)","decl":{"start":{"line":13,"column":16},"end":{"line":13,"column":22}},"loc":{"start":{"line":13,"column":22},"end":{"line":13,"column":35}},"line":13},"1":{"name":"(anonymous_1)","decl":{"start":{"line":19,"column":3},"end":{"line":19,"column":4}},"loc":{"start":{"line":19,"column":15},"end":{"line":24,"column":2}},"line":19}},"branchMap":{},"s":{"0":4,"1":4,"2":0,"3":1},"f":{"0":0,"1":1},"b":{},"meta":{"lastBranch":0,"lastFunction":2,"lastStatement":4,"seen":{"s:6:13:6:Infinity":0,"s:9:13:24:Infinity":1,"f:13:16:13:22":0,"s:13:22:13:35":2,"f:19:3:19:4":1,"s:19:15:24:2":3}}}
,"D:\\workspace-github\\plm-system-web\\src\\modules\\notification\\schemas\\index.ts": {"path":"D:\\workspace-github\\plm-system-web\\src\\modules\\notification\\schemas\\index.ts","statementMap":{},"fnMap":{},"branchMap":{},"s":{},"f":{},"b":{},"meta":{"lastBranch":0,"lastFunction":0,"lastStatement":0,"seen":{}}}
,"D:\\workspace-github\\plm-system-web\\src\\modules\\notification\\schemas\\notification-recipients.ts": {"path":"D:\\workspace-github\\plm-system-web\\src\\modules\\notification\\schemas\\notification-recipients.ts","statementMap":{"0":{"start":{"line":7,"column":13},"end":{"line":25,"column":null}},"1":{"start":{"line":11,"column":22},"end":{"line":11,"column":40}},"2":{"start":{"line":14,"column":22},"end":{"line":14,"column":32}},"3":{"start":{"line":17,"column":15},"end":{"line":25,"column":2}}},"fnMap":{"0":{"name":"(anonymous_0)","decl":{"start":{"line":11,"column":16},"end":{"line":11,"column":22}},"loc":{"start":{"line":11,"column":22},"end":{"line":11,"column":40}},"line":11},"1":{"name":"(anonymous_1)","decl":{"start":{"line":14,"column":16},"end":{"line":14,"column":22}},"loc":{"start":{"line":14,"column":22},"end":{"line":14,"column":32}},"line":14},"2":{"name":"(anonymous_2)","decl":{"start":{"line":17,"column":3},"end":{"line":17,"column":4}},"loc":{"start":{"line":17,"column":15},"end":{"line":25,"column":2}},"line":17}},"branchMap":{},"s":{"0":4,"1":0,"2":0,"3":1},"f":{"0":0,"1":0,"2":1},"b":{},"meta":{"lastBranch":0,"lastFunction":3,"lastStatement":4,"seen":{"s:7:13:25:Infinity":0,"f:11:16:11:22":0,"s:11:22:11:40":1,"f:14:16:14:22":1,"s:14:22:14:32":2,"f:17:3:17:4":2,"s:17:15:25:2":3}}}
,"D:\\workspace-github\\plm-system-web\\src\\modules\\notification\\schemas\\notifications.ts": {"path":"D:\\workspace-github\\plm-system-web\\src\\modules\\notification\\schemas\\notifications.ts","statementMap":{"0":{"start":{"line":6,"column":13},"end":{"line":12,"column":null}},"1":{"start":{"line":15,"column":13},"end":{"line":31,"column":null}},"2":{"start":{"line":22,"column":49},"end":{"line":22,"column":59}},"3":{"start":{"line":24,"column":15},"end":{"line":31,"column":2}}},"fnMap":{"0":{"name":"(anonymous_0)","decl":{"start":{"line":22,"column":43},"end":{"line":22,"column":49}},"loc":{"start":{"line":22,"column":49},"end":{"line":22,"column":59}},"line":22},"1":{"name":"(anonymous_1)","decl":{"start":{"line":24,"column":3},"end":{"line":24,"column":4}},"loc":{"start":{"line":24,"column":15},"end":{"line":31,"column":2}},"line":24}},"branchMap":{},"s":{"0":4,"1":4,"2":0,"3":1},"f":{"0":0,"1":1},"b":{},"meta":{"lastBranch":0,"lastFunction":2,"lastStatement":4,"seen":{"s:6:13:12:Infinity":0,"s:15:13:31:Infinity":1,"f:22:43:22:49":0,"s:22:49:22:59":2,"f:24:3:24:4":1,"s:24:15:31:2":3}}}
,"D:\\workspace-github\\plm-system-web\\src\\modules\\plm\\bom-utils.ts": {"path":"D:\\workspace-github\\plm-system-web\\src\\modules\\plm\\bom-utils.ts","statementMap":{"0":{"start":{"line":32,"column":2},"end":{"line":34,"column":null}},"1":{"start":{"line":33,"column":4},"end":{"line":33,"column":null}},"2":{"start":{"line":37,"column":14},"end":{"line":37,"column":null}},"3":{"start":{"line":38,"column":2},"end":{"line":43,"column":null}},"4":{"start":{"line":39,"column":4},"end":{"line":41,"column":null}},"5":{"start":{"line":40,"column":6},"end":{"line":40,"column":null}},"6":{"start":{"line":42,"column":4},"end":{"line":42,"column":null}},"7":{"start":{"line":46,"column":18},"end":{"line":46,"column":null}},"8":{"start":{"line":47,"column":16},"end":{"line":47,"column":null}},"9":{"start":{"line":49,"column":2},"end":{"line":68,"column":null}},"10":{"start":{"line":50,"column":20},"end":{"line":50,"column":null}},"11":{"start":{"line":52,"column":4},"end":{"line":54,"column":null}},"12":{"start":{"line":53,"column":6},"end":{"line":53,"column":null}},"13":{"start":{"line":56,"column":4},"end":{"line":58,"column":null}},"14":{"start":{"line":57,"column":6},"end":{"line":57,"column":null}},"15":{"start":{"line":60,"column":4},"end":{"line":60,"column":null}},"16":{"start":{"line":62,"column":21},"end":{"line":62,"column":null}},"17":{"start":{"line":63,"column":4},"end":{"line":67,"column":null}},"18":{"start":{"line":64,"column":6},"end":{"line":66,"column":null}},"19":{"start":{"line":65,"column":8},"end":{"line":65,"column":null}},"20":{"start":{"line":70,"column":2},"end":{"line":70,"column":null}},"21":{"start":{"line":88,"column":19},"end":{"line":88,"column":null}},"22":{"start":{"line":89,"column":2},"end":{"line":91,"column":null}},"23":{"start":{"line":90,"column":4},"end":{"line":90,"column":null}},"24":{"start":{"line":94,"column":14},"end":{"line":94,"column":null}},"25":{"start":{"line":95,"column":2},"end":{"line":100,"column":null}},"26":{"start":{"line":96,"column":4},"end":{"line":98,"column":null}},"27":{"start":{"line":97,"column":6},"end":{"line":97,"column":null}},"28":{"start":{"line":99,"column":4},"end":{"line":99,"column":null}},"29":{"start":{"line":103,"column":20},"end":{"line":166,"column":null}},"30":{"start":{"line":111,"column":4},"end":{"line":113,"column":null}},"31":{"start":{"line":112,"column":6},"end":{"line":112,"column":null}},"32":{"start":{"line":115,"column":4},"end":{"line":117,"column":null}},"33":{"start":{"line":116,"column":6},"end":{"line":116,"column":null}},"34":{"start":{"line":119,"column":4},"end":{"line":119,"column":null}},"35":{"start":{"line":121,"column":17},"end":{"line":121,"column":null}},"36":{"start":{"line":122,"column":4},"end":{"line":124,"column":null}},"37":{"start":{"line":123,"column":6},"end":{"line":123,"column":null}},"38":{"start":{"line":127,"column":23},"end":{"line":127,"column":null}},"39":{"start":{"line":128,"column":4},"end":{"line":128,"column":null}},"40":{"start":{"line":128,"column":24},"end":{"line":128,"column":77}},"41":{"start":{"line":131,"column":36},"end":{"line":131,"column":null}},"42":{"start":{"line":132,"column":4},"end":{"line":151,"column":null}},"43":{"start":{"line":133,"column":24},"end":{"line":133,"column":null}},"44":{"start":{"line":134,"column":27},"end":{"line":134,"column":null}},"45":{"start":{"line":135,"column":24},"end":{"line":142,"column":null}},"46":{"start":{"line":145,"column":6},"end":{"line":145,"column":null}},"47":{"start":{"line":146,"column":6},"end":{"line":146,"column":null}},"48":{"start":{"line":147,"column":6},"end":{"line":147,"column":null}},"49":{"start":{"line":148,"column":6},"end":{"line":148,"column":null}},"50":{"start":{"line":150,"column":6},"end":{"line":150,"column":null}},"51":{"start":{"line":153,"column":4},"end":{"line":165,"column":null}},"52":{"start":{"line":168,"column":2},"end":{"line":168,"column":null}},"53":{"start":{"line":178,"column":32},"end":{"line":178,"column":null}},"54":{"start":{"line":180,"column":18},"end":{"line":202,"column":null}},"55":{"start":{"line":181,"column":4},"end":{"line":193,"column":null}},"56":{"start":{"line":195,"column":4},"end":{"line":201,"column":null}},"57":{"start":{"line":197,"column":19},"end":{"line":197,"column":null}},"58":{"start":{"line":197,"column":58},"end":{"line":197,"column":83}},"59":{"start":{"line":198,"column":6},"end":{"line":198,"column":null}},"60":{"start":{"line":199,"column":6},"end":{"line":199,"column":null}},"61":{"start":{"line":200,"column":6},"end":{"line":200,"column":null}},"62":{"start":{"line":205,"column":27},"end":{"line":209,"column":null}},"63":{"start":{"line":211,"column":2},"end":{"line":211,"column":null}},"64":{"start":{"line":212,"column":2},"end":{"line":212,"column":null}},"65":{"start":{"line":227,"column":14},"end":{"line":227,"column":null}},"66":{"start":{"line":229,"column":20},"end":{"line":238,"column":null}},"67":{"start":{"line":230,"column":4},"end":{"line":232,"column":null}},"68":{"start":{"line":231,"column":6},"end":{"line":231,"column":null}},"69":{"start":{"line":234,"column":4},"end":{"line":237,"column":null}},"70":{"start":{"line":235,"column":23},"end":{"line":235,"column":null}},"71":{"start":{"line":236,"column":6},"end":{"line":236,"column":null}},"72":{"start":{"line":240,"column":2},"end":{"line":240,"column":null}},"73":{"start":{"line":241,"column":2},"end":{"line":241,"column":null}},"74":{"start":{"line":252,"column":28},"end":{"line":252,"column":null}},"75":{"start":{"line":254,"column":2},"end":{"line":258,"column":null}},"76":{"start":{"line":255,"column":4},"end":{"line":257,"column":null}},"77":{"start":{"line":256,"column":6},"end":{"line":256,"column":null}},"78":{"start":{"line":260,"column":2},"end":{"line":260,"column":null}},"79":{"start":{"line":279,"column":27},"end":{"line":279,"column":null}},"80":{"start":{"line":282,"column":2},"end":{"line":285,"column":null}},"81":{"start":{"line":283,"column":4},"end":{"line":283,"column":null}},"82":{"start":{"line":284,"column":4},"end":{"line":284,"column":null}},"83":{"start":{"line":288,"column":14},"end":{"line":288,"column":null}},"84":{"start":{"line":289,"column":2},"end":{"line":294,"column":null}},"85":{"start":{"line":290,"column":4},"end":{"line":292,"column":null}},"86":{"start":{"line":291,"column":6},"end":{"line":291,"column":null}},"87":{"start":{"line":293,"column":4},"end":{"line":293,"column":null}},"88":{"start":{"line":296,"column":21},"end":{"line":317,"column":null}},"89":{"start":{"line":297,"column":4},"end":{"line":300,"column":null}},"90":{"start":{"line":298,"column":6},"end":{"line":298,"column":null}},"91":{"start":{"line":299,"column":6},"end":{"line":299,"column":null}},"92":{"start":{"line":302,"column":4},"end":{"line":305,"column":null}},"93":{"start":{"line":303,"column":6},"end":{"line":303,"column":null}},"94":{"start":{"line":304,"column":6},"end":{"line":304,"column":null}},"95":{"start":{"line":307,"column":4},"end":{"line":307,"column":null}},"96":{"start":{"line":310,"column":21},"end":{"line":310,"column":null}},"97":{"start":{"line":311,"column":4},"end":{"line":316,"column":null}},"98":{"start":{"line":312,"column":6},"end":{"line":314,"column":null}},"99":{"start":{"line":313,"column":8},"end":{"line":313,"column":null}},"100":{"start":{"line":315,"column":6},"end":{"line":315,"column":null}},"101":{"start":{"line":319,"column":2},"end":{"line":319,"column":null}},"102":{"start":{"line":321,"column":2},"end":{"line":324,"column":null}}},"fnMap":{"0":{"name":"detectCycle","decl":{"start":{"line":26,"column":16},"end":{"line":26,"column":null}},"loc":{"start":{"line":30,"column":11},"end":{"line":71,"column":null}},"line":30},"1":{"name":"buildBomTree","decl":{"start":{"line":82,"column":16},"end":{"line":82,"column":null}},"loc":{"start":{"line":87,"column":15},"end":{"line":169,"column":null}},"line":87},"2":{"name":"(anonymous_2)","decl":{"start":{"line":103,"column":20},"end":{"line":103,"column":null}},"loc":{"start":{"line":110,"column":20},"end":{"line":166,"column":null}},"line":110},"3":{"name":"(anonymous_3)","decl":{"start":{"line":128,"column":20},"end":{"line":128,"column":21}},"loc":{"start":{"line":128,"column":24},"end":{"line":128,"column":77}},"line":128},"4":{"name":"flattenBomTree","decl":{"start":{"line":177,"column":16},"end":{"line":177,"column":31}},"loc":{"start":{"line":177,"column":65},"end":{"line":213,"column":null}},"line":177},"5":{"name":"(anonymous_5)","decl":{"start":{"line":180,"column":18},"end":{"line":180,"column":19}},"loc":{"start":{"line":180,"column":41},"end":{"line":202,"column":null}},"line":180},"6":{"name":"(anonymous_6)","decl":{"start":{"line":197,"column":38},"end":{"line":197,"column":39}},"loc":{"start":{"line":197,"column":58},"end":{"line":197,"column":83}},"line":197},"7":{"name":"calculateTotalQuantity","decl":{"start":{"line":223,"column":16},"end":{"line":223,"column":null}},"loc":{"start":{"line":226,"column":10},"end":{"line":242,"column":null}},"line":226},"8":{"name":"(anonymous_8)","decl":{"start":{"line":229,"column":20},"end":{"line":229,"column":21}},"loc":{"start":{"line":229,"column":63},"end":{"line":238,"column":null}},"line":229},"9":{"name":"findWhereUsed","decl":{"start":{"line":251,"column":16},"end":{"line":251,"column":30}},"loc":{"start":{"line":251,"column":74},"end":{"line":261,"column":null}},"line":251},"10":{"name":"validateBomTree","decl":{"start":{"line":273,"column":16},"end":{"line":273,"column":null}},"loc":{"start":{"line":278,"column":40},"end":{"line":325,"column":null}},"line":278},"11":{"name":"(anonymous_11)","decl":{"start":{"line":296,"column":21},"end":{"line":296,"column":22}},"loc":{"start":{"line":296,"column":84},"end":{"line":317,"column":null}},"line":296}},"branchMap":{"0":{"loc":{"start":{"line":32,"column":2},"end":{"line":34,"column":null}},"type":"if","locations":[{"start":{"line":32,"column":2},"end":{"line":34,"column":null}},{"start":{},"end":{}}],"line":32},"1":{"loc":{"start":{"line":39,"column":4},"end":{"line":41,"column":null}},"type":"if","locations":[{"start":{"line":39,"column":4},"end":{"line":41,"column":null}},{"start":{},"end":{}}],"line":39},"2":{"loc":{"start":{"line":52,"column":4},"end":{"line":54,"column":null}},"type":"if","locations":[{"start":{"line":52,"column":4},"end":{"line":54,"column":null}},{"start":{},"end":{}}],"line":52},"3":{"loc":{"start":{"line":56,"column":4},"end":{"line":58,"column":null}},"type":"if","locations":[{"start":{"line":56,"column":4},"end":{"line":58,"column":null}},{"start":{},"end":{}}],"line":56},"4":{"loc":{"start":{"line":62,"column":21},"end":{"line":62,"column":null}},"type":"binary-expr","locations":[{"start":{"line":62,"column":21},"end":{"line":62,"column":41}},{"start":{"line":62,"column":41},"end":{"line":62,"column":null}}],"line":62},"5":{"loc":{"start":{"line":64,"column":6},"end":{"line":66,"column":null}},"type":"if","locations":[{"start":{"line":64,"column":6},"end":{"line":66,"column":null}},{"start":{},"end":{}}],"line":64},"6":{"loc":{"start":{"line":86,"column":2},"end":{"line":86,"column":null}},"type":"default-arg","locations":[{"start":{"line":86,"column":21},"end":{"line":86,"column":null}}],"line":86},"7":{"loc":{"start":{"line":89,"column":2},"end":{"line":91,"column":null}},"type":"if","locations":[{"start":{"line":89,"column":2},"end":{"line":91,"column":null}},{"start":{},"end":{}}],"line":89},"8":{"loc":{"start":{"line":96,"column":4},"end":{"line":98,"column":null}},"type":"if","locations":[{"start":{"line":96,"column":4},"end":{"line":98,"column":null}},{"start":{},"end":{}}],"line":96},"9":{"loc":{"start":{"line":108,"column":4},"end":{"line":108,"column":null}},"type":"default-arg","locations":[{"start":{"line":108,"column":29},"end":{"line":108,"column":null}}],"line":108},"10":{"loc":{"start":{"line":109,"column":4},"end":{"line":109,"column":null}},"type":"default-arg","locations":[{"start":{"line":109,"column":25},"end":{"line":109,"column":null}}],"line":109},"11":{"loc":{"start":{"line":111,"column":4},"end":{"line":113,"column":null}},"type":"if","locations":[{"start":{"line":111,"column":4},"end":{"line":113,"column":null}},{"start":{},"end":{}}],"line":111},"12":{"loc":{"start":{"line":115,"column":4},"end":{"line":117,"column":null}},"type":"if","locations":[{"start":{"line":115,"column":4},"end":{"line":117,"column":null}},{"start":{},"end":{}}],"line":115},"13":{"loc":{"start":{"line":122,"column":4},"end":{"line":124,"column":null}},"type":"if","locations":[{"start":{"line":122,"column":4},"end":{"line":124,"column":null}},{"start":{},"end":{}}],"line":122},"14":{"loc":{"start":{"line":127,"column":23},"end":{"line":127,"column":null}},"type":"binary-expr","locations":[{"start":{"line":127,"column":23},"end":{"line":127,"column":42}},{"start":{"line":127,"column":42},"end":{"line":127,"column":null}}],"line":127},"15":{"loc":{"start":{"line":128,"column":31},"end":{"line":128,"column":56}},"type":"binary-expr","locations":[{"start":{"line":128,"column":31},"end":{"line":128,"column":50}},{"start":{"line":128,"column":50},"end":{"line":128,"column":56}}],"line":128},"16":{"loc":{"start":{"line":128,"column":56},"end":{"line":128,"column":77}},"type":"binary-expr","locations":[{"start":{"line":128,"column":56},"end":{"line":128,"column":75}},{"start":{"line":128,"column":75},"end":{"line":128,"column":77}}],"line":128},"17":{"loc":{"start":{"line":133,"column":24},"end":{"line":133,"column":null}},"type":"cond-expr","locations":[{"start":{"line":133,"column":31},"end":{"line":133,"column":64}},{"start":{"line":133,"column":64},"end":{"line":133,"column":null}}],"line":133},"18":{"loc":{"start":{"line":141,"column":8},"end":{"line":141,"column":null}},"type":"binary-expr","locations":[{"start":{"line":141,"column":8},"end":{"line":141,"column":21}},{"start":{"line":141,"column":21},"end":{"line":141,"column":null}}],"line":141},"19":{"loc":{"start":{"line":146,"column":23},"end":{"line":146,"column":null}},"type":"binary-expr","locations":[{"start":{"line":146,"column":23},"end":{"line":146,"column":36}},{"start":{"line":146,"column":36},"end":{"line":146,"column":null}}],"line":146},"20":{"loc":{"start":{"line":159,"column":14},"end":{"line":159,"column":null}},"type":"binary-expr","locations":[{"start":{"line":159,"column":14},"end":{"line":159,"column":29}},{"start":{"line":159,"column":29},"end":{"line":159,"column":null}}],"line":159},"21":{"loc":{"start":{"line":160,"column":16},"end":{"line":160,"column":null}},"type":"cond-expr","locations":[{"start":{"line":160,"column":30},"end":{"line":160,"column":36}},{"start":{"line":160,"column":36},"end":{"line":160,"column":null}}],"line":160},"22":{"loc":{"start":{"line":161,"column":12},"end":{"line":161,"column":null}},"type":"cond-expr","locations":[{"start":{"line":161,"column":26},"end":{"line":161,"column":33}},{"start":{"line":161,"column":33},"end":{"line":161,"column":null}}],"line":161},"23":{"loc":{"start":{"line":198,"column":23},"end":{"line":198,"column":null}},"type":"binary-expr","locations":[{"start":{"line":198,"column":23},"end":{"line":198,"column":41}},{"start":{"line":198,"column":41},"end":{"line":198,"column":null}}],"line":198},"24":{"loc":{"start":{"line":199,"column":19},"end":{"line":199,"column":null}},"type":"binary-expr","locations":[{"start":{"line":199,"column":19},"end":{"line":199,"column":33}},{"start":{"line":199,"column":33},"end":{"line":199,"column":null}}],"line":199},"25":{"loc":{"start":{"line":230,"column":4},"end":{"line":232,"column":null}},"type":"if","locations":[{"start":{"line":230,"column":4},"end":{"line":232,"column":null}},{"start":{},"end":{}}],"line":230},"26":{"loc":{"start":{"line":235,"column":23},"end":{"line":235,"column":null}},"type":"binary-expr","locations":[{"start":{"line":235,"column":23},"end":{"line":235,"column":53}},{"start":{"line":235,"column":53},"end":{"line":235,"column":null}}],"line":235},"27":{"loc":{"start":{"line":255,"column":4},"end":{"line":257,"column":null}},"type":"if","locations":[{"start":{"line":255,"column":4},"end":{"line":257,"column":null}},{"start":{},"end":{}}],"line":255},"28":{"loc":{"start":{"line":277,"column":2},"end":{"line":277,"column":null}},"type":"default-arg","locations":[{"start":{"line":277,"column":21},"end":{"line":277,"column":null}}],"line":277},"29":{"loc":{"start":{"line":282,"column":2},"end":{"line":285,"column":null}},"type":"if","locations":[{"start":{"line":282,"column":2},"end":{"line":285,"column":null}},{"start":{},"end":{}}],"line":282},"30":{"loc":{"start":{"line":290,"column":4},"end":{"line":292,"column":null}},"type":"if","locations":[{"start":{"line":290,"column":4},"end":{"line":292,"column":null}},{"start":{},"end":{}}],"line":290},"31":{"loc":{"start":{"line":297,"column":4},"end":{"line":300,"column":null}},"type":"if","locations":[{"start":{"line":297,"column":4},"end":{"line":300,"column":null}},{"start":{},"end":{}}],"line":297},"32":{"loc":{"start":{"line":302,"column":4},"end":{"line":305,"column":null}},"type":"if","locations":[{"start":{"line":302,"column":4},"end":{"line":305,"column":null}},{"start":{},"end":{}}],"line":302},"33":{"loc":{"start":{"line":310,"column":21},"end":{"line":310,"column":null}},"type":"binary-expr","locations":[{"start":{"line":310,"column":21},"end":{"line":310,"column":40}},{"start":{"line":310,"column":40},"end":{"line":310,"column":null}}],"line":310},"34":{"loc":{"start":{"line":312,"column":6},"end":{"line":314,"column":null}},"type":"if","locations":[{"start":{"line":312,"column":6},"end":{"line":314,"column":null}},{"start":{},"end":{}}],"line":312}},"s":{"0":7,"1":1,"2":6,"3":6,"4":14,"5":13,"6":14,"7":6,"8":6,"9":6,"10":16,"11":16,"12":3,"13":13,"14":0,"15":13,"16":13,"17":16,"18":11,"19":11,"20":3,"21":3,"22":3,"23":0,"24":3,"25":3,"26":7,"27":5,"28":7,"29":3,"30":10,"31":0,"32":10,"33":0,"34":10,"35":10,"36":10,"37":0,"38":10,"39":10,"40":2,"41":10,"42":10,"43":7,"44":7,"45":7,"46":7,"47":7,"48":7,"49":7,"50":7,"51":10,"52":3,"53":2,"54":2,"55":3,"56":3,"57":1,"58":1,"59":1,"60":1,"61":1,"62":2,"63":2,"64":2,"65":3,"66":3,"67":9,"68":3,"69":9,"70":6,"71":6,"72":3,"73":3,"74":0,"75":0,"76":0,"77":0,"78":0,"79":0,"80":0,"81":0,"82":0,"83":0,"84":0,"85":0,"86":0,"87":0,"88":0,"89":0,"90":0,"91":0,"92":0,"93":0,"94":0,"95":0,"96":0,"97":0,"98":0,"99":0,"100":0,"101":0,"102":0},"f":{"0":7,"1":3,"2":10,"3":2,"4":2,"5":3,"6":1,"7":3,"8":9,"9":0,"10":0,"11":0},"b":{"0":[1,6],"1":[13,1],"2":[3,13],"3":[0,13],"4":[13,3],"5":[11,0],"6":[3],"7":[0,3],"8":[5,2],"9":[10],"10":[10],"11":[0,10],"12":[0,10],"13":[0,10],"14":[10,5],"15":[2,1],"16":[2,1],"17":[7,0],"18":[7,0],"19":[7,0],"20":[10,10],"21":[3,7],"22":[3,7],"23":[1,0],"24":[1,0],"25":[3,6],"26":[6,0],"27":[0,0],"28":[0],"29":[0,0],"30":[0,0],"31":[0,0],"32":[0,0],"33":[0,0],"34":[0,0]},"meta":{"lastBranch":35,"lastFunction":12,"lastStatement":103,"seen":{"f:26:16:26:Infinity":0,"b:32:2:34:Infinity:undefined:undefined:undefined:undefined":0,"s:32:2:34:Infinity":0,"s:33:4:33:Infinity":1,"s:37:14:37:Infinity":2,"s:38:2:43:Infinity":3,"b:39:4:41:Infinity:undefined:undefined:undefined:undefined":1,"s:39:4:41:Infinity":4,"s:40:6:40:Infinity":5,"s:42:4:42:Infinity":6,"s:46:18:46:Infinity":7,"s:47:16:47:Infinity":8,"s:49:2:68:Infinity":9,"s:50:20:50:Infinity":10,"b:52:4:54:Infinity:undefined:undefined:undefined:undefined":2,"s:52:4:54:Infinity":11,"s:53:6:53:Infinity":12,"b:56:4:58:Infinity:undefined:undefined:undefined:undefined":3,"s:56:4:58:Infinity":13,"s:57:6:57:Infinity":14,"s:60:4:60:Infinity":15,"s:62:21:62:Infinity":16,"b:62:21:62:41:62:41:62:Infinity":4,"s:63:4:67:Infinity":17,"b:64:6:66:Infinity:undefined:undefined:undefined:undefined":5,"s:64:6:66:Infinity":18,"s:65:8:65:Infinity":19,"s:70:2:70:Infinity":20,"f:82:16:82:Infinity":1,"b:86:21:86:Infinity":6,"s:88:19:88:Infinity":21,"b:89:2:91:Infinity:undefined:undefined:undefined:undefined":7,"s:89:2:91:Infinity":22,"s:90:4:90:Infinity":23,"s:94:14:94:Infinity":24,"s:95:2:100:Infinity":25,"b:96:4:98:Infinity:undefined:undefined:undefined:undefined":8,"s:96:4:98:Infinity":26,"s:97:6:97:Infinity":27,"s:99:4:99:Infinity":28,"s:103:20:166:Infinity":29,"f:103:20:103:Infinity":2,"b:108:29:108:Infinity":9,"b:109:25:109:Infinity":10,"b:111:4:113:Infinity:undefined:undefined:undefined:undefined":11,"s:111:4:113:Infinity":30,"s:112:6:112:Infinity":31,"b:115:4:117:Infinity:undefined:undefined:undefined:undefined":12,"s:115:4:117:Infinity":32,"s:116:6:116:Infinity":33,"s:119:4:119:Infinity":34,"s:121:17:121:Infinity":35,"b:122:4:124:Infinity:undefined:undefined:undefined:undefined":13,"s:122:4:124:Infinity":36,"s:123:6:123:Infinity":37,"s:127:23:127:Infinity":38,"b:127:23:127:42:127:42:127:Infinity":14,"s:128:4:128:Infinity":39,"f:128:20:128:21":3,"s:128:24:128:77":40,"b:128:31:128:50:128:50:128:56":15,"b:128:56:128:75:128:75:128:77":16,"s:131:36:131:Infinity":41,"s:132:4:151:Infinity":42,"s:133:24:133:Infinity":43,"b:133:31:133:64:133:64:133:Infinity":17,"s:134:27:134:Infinity":44,"s:135:24:142:Infinity":45,"b:141:8:141:21:141:21:141:Infinity":18,"s:145:6:145:Infinity":46,"s:146:6:146:Infinity":47,"b:146:23:146:36:146:36:146:Infinity":19,"s:147:6:147:Infinity":48,"s:148:6:148:Infinity":49,"s:150:6:150:Infinity":50,"s:153:4:165:Infinity":51,"b:159:14:159:29:159:29:159:Infinity":20,"b:160:30:160:36:160:36:160:Infinity":21,"b:161:26:161:33:161:33:161:Infinity":22,"s:168:2:168:Infinity":52,"f:177:16:177:31":4,"s:178:32:178:Infinity":53,"s:180:18:202:Infinity":54,"f:180:18:180:19":5,"s:181:4:193:Infinity":55,"s:195:4:201:Infinity":56,"s:197:19:197:Infinity":57,"f:197:38:197:39":6,"s:197:58:197:83":58,"s:198:6:198:Infinity":59,"b:198:23:198:41:198:41:198:Infinity":23,"s:199:6:199:Infinity":60,"b:199:19:199:33:199:33:199:Infinity":24,"s:200:6:200:Infinity":61,"s:205:27:209:Infinity":62,"s:211:2:211:Infinity":63,"s:212:2:212:Infinity":64,"f:223:16:223:Infinity":7,"s:227:14:227:Infinity":65,"s:229:20:238:Infinity":66,"f:229:20:229:21":8,"b:230:4:232:Infinity:undefined:undefined:undefined:undefined":25,"s:230:4:232:Infinity":67,"s:231:6:231:Infinity":68,"s:234:4:237:Infinity":69,"s:235:23:235:Infinity":70,"b:235:23:235:53:235:53:235:Infinity":26,"s:236:6:236:Infinity":71,"s:240:2:240:Infinity":72,"s:241:2:241:Infinity":73,"f:251:16:251:30":9,"s:252:28:252:Infinity":74,"s:254:2:258:Infinity":75,"b:255:4:257:Infinity:undefined:undefined:undefined:undefined":27,"s:255:4:257:Infinity":76,"s:256:6:256:Infinity":77,"s:260:2:260:Infinity":78,"f:273:16:273:Infinity":10,"b:277:21:277:Infinity":28,"s:279:27:279:Infinity":79,"b:282:2:285:Infinity:undefined:undefined:undefined:undefined":29,"s:282:2:285:Infinity":80,"s:283:4:283:Infinity":81,"s:284:4:284:Infinity":82,"s:288:14:288:Infinity":83,"s:289:2:294:Infinity":84,"b:290:4:292:Infinity:undefined:undefined:undefined:undefined":30,"s:290:4:292:Infinity":85,"s:291:6:291:Infinity":86,"s:293:4:293:Infinity":87,"s:296:21:317:Infinity":88,"f:296:21:296:22":11,"b:297:4:300:Infinity:undefined:undefined:undefined:undefined":31,"s:297:4:300:Infinity":89,"s:298:6:298:Infinity":90,"s:299:6:299:Infinity":91,"b:302:4:305:Infinity:undefined:undefined:undefined:undefined":32,"s:302:4:305:Infinity":92,"s:303:6:303:Infinity":93,"s:304:6:304:Infinity":94,"s:307:4:307:Infinity":95,"s:310:21:310:Infinity":96,"b:310:21:310:40:310:40:310:Infinity":33,"s:311:4:316:Infinity":97,"b:312:6:314:Infinity:undefined:undefined:undefined:undefined":34,"s:312:6:314:Infinity":98,"s:313:8:313:Infinity":99,"s:315:6:315:Infinity":100,"s:319:2:319:Infinity":101,"s:321:2:324:Infinity":102}}}
,"D:\\workspace-github\\plm-system-web\\src\\modules\\plm\\revision-utils.ts": {"path":"D:\\workspace-github\\plm-system-web\\src\\modules\\plm\\revision-utils.ts","statementMap":{"0":{"start":{"line":6,"column":17},"end":{"line":6,"column":null}},"1":{"start":{"line":14,"column":2},"end":{"line":16,"column":null}},"2":{"start":{"line":15,"column":4},"end":{"line":15,"column":null}},"3":{"start":{"line":18,"column":2},"end":{"line":20,"column":null}},"4":{"start":{"line":19,"column":4},"end":{"line":19,"column":null}},"5":{"start":{"line":23,"column":16},"end":{"line":23,"column":null}},"6":{"start":{"line":24,"column":17},"end":{"line":24,"column":null}},"7":{"start":{"line":26,"column":2},"end":{"line":38,"column":null}},"8":{"start":{"line":27,"column":25},"end":{"line":27,"column":null}},"9":{"start":{"line":29,"column":4},"end":{"line":37,"column":null}},"10":{"start":{"line":31,"column":6},"end":{"line":31,"column":null}},"11":{"start":{"line":32,"column":6},"end":{"line":32,"column":null}},"12":{"start":{"line":35,"column":6},"end":{"line":35,"column":null}},"13":{"start":{"line":36,"column":6},"end":{"line":36,"column":null}},"14":{"start":{"line":41,"column":2},"end":{"line":41,"column":null}},"15":{"start":{"line":50,"column":2},"end":{"line":52,"column":null}},"16":{"start":{"line":51,"column":4},"end":{"line":51,"column":null}},"17":{"start":{"line":54,"column":2},"end":{"line":56,"column":null}},"18":{"start":{"line":55,"column":4},"end":{"line":55,"column":null}},"19":{"start":{"line":59,"column":16},"end":{"line":59,"column":null}},"20":{"start":{"line":60,"column":17},"end":{"line":60,"column":null}},"21":{"start":{"line":62,"column":2},"end":{"line":74,"column":null}},"22":{"start":{"line":63,"column":25},"end":{"line":63,"column":null}},"23":{"start":{"line":65,"column":4},"end":{"line":73,"column":null}},"24":{"start":{"line":67,"column":6},"end":{"line":67,"column":null}},"25":{"start":{"line":68,"column":6},"end":{"line":68,"column":null}},"26":{"start":{"line":71,"column":6},"end":{"line":71,"column":null}},"27":{"start":{"line":72,"column":6},"end":{"line":72,"column":null}},"28":{"start":{"line":78,"column":2},"end":{"line":78,"column":null}},"29":{"start":{"line":87,"column":2},"end":{"line":89,"column":null}},"30":{"start":{"line":88,"column":4},"end":{"line":88,"column":null}},"31":{"start":{"line":91,"column":2},"end":{"line":93,"column":null}},"32":{"start":{"line":92,"column":4},"end":{"line":92,"column":null}},"33":{"start":{"line":96,"column":2},"end":{"line":96,"column":null}},"34":{"start":{"line":103,"column":2},"end":{"line":103,"column":null}},"35":{"start":{"line":112,"column":2},"end":{"line":114,"column":null}},"36":{"start":{"line":113,"column":4},"end":{"line":113,"column":null}},"37":{"start":{"line":117,"column":2},"end":{"line":117,"column":null}},"38":{"start":{"line":117,"column":13},"end":{"line":117,"column":null}},"39":{"start":{"line":118,"column":2},"end":{"line":118,"column":null}},"40":{"start":{"line":118,"column":13},"end":{"line":118,"column":null}},"41":{"start":{"line":119,"column":2},"end":{"line":119,"column":null}},"42":{"start":{"line":126,"column":2},"end":{"line":126,"column":null}}},"fnMap":{"0":{"name":"getNextRevisionCode","decl":{"start":{"line":13,"column":16},"end":{"line":13,"column":36}},"loc":{"start":{"line":13,"column":68},"end":{"line":42,"column":null}},"line":13},"1":{"name":"getPreviousRevisionCode","decl":{"start":{"line":49,"column":16},"end":{"line":49,"column":40}},"loc":{"start":{"line":49,"column":72},"end":{"line":79,"column":null}},"line":49},"2":{"name":"validateRevisionCode","decl":{"start":{"line":86,"column":16},"end":{"line":86,"column":37}},"loc":{"start":{"line":86,"column":79},"end":{"line":97,"column":null}},"line":86},"3":{"name":"isValidCode","decl":{"start":{"line":102,"column":9},"end":{"line":102,"column":21}},"loc":{"start":{"line":102,"column":44},"end":{"line":104,"column":null}},"line":102},"4":{"name":"compareRevisionCodes","decl":{"start":{"line":110,"column":16},"end":{"line":110,"column":37}},"loc":{"start":{"line":110,"column":67},"end":{"line":120,"column":null}},"line":110},"5":{"name":"sortRevisionCodes","decl":{"start":{"line":125,"column":16},"end":{"line":125,"column":34}},"loc":{"start":{"line":125,"column":61},"end":{"line":127,"column":null}},"line":125}},"branchMap":{"0":{"loc":{"start":{"line":14,"column":2},"end":{"line":16,"column":null}},"type":"if","locations":[{"start":{"line":14,"column":2},"end":{"line":16,"column":null}},{"start":{},"end":{}}],"line":14},"1":{"loc":{"start":{"line":18,"column":2},"end":{"line":20,"column":null}},"type":"if","locations":[{"start":{"line":18,"column":2},"end":{"line":20,"column":null}},{"start":{},"end":{}}],"line":18},"2":{"loc":{"start":{"line":29,"column":4},"end":{"line":37,"column":null}},"type":"if","locations":[{"start":{"line":29,"column":4},"end":{"line":37,"column":null}},{"start":{"line":33,"column":11},"end":{"line":37,"column":null}}],"line":29},"3":{"loc":{"start":{"line":50,"column":2},"end":{"line":52,"column":null}},"type":"if","locations":[{"start":{"line":50,"column":2},"end":{"line":52,"column":null}},{"start":{},"end":{}}],"line":50},"4":{"loc":{"start":{"line":54,"column":2},"end":{"line":56,"column":null}},"type":"if","locations":[{"start":{"line":54,"column":2},"end":{"line":56,"column":null}},{"start":{},"end":{}}],"line":54},"5":{"loc":{"start":{"line":65,"column":4},"end":{"line":73,"column":null}},"type":"if","locations":[{"start":{"line":65,"column":4},"end":{"line":73,"column":null}},{"start":{"line":69,"column":11},"end":{"line":73,"column":null}}],"line":65},"6":{"loc":{"start":{"line":87,"column":2},"end":{"line":89,"column":null}},"type":"if","locations":[{"start":{"line":87,"column":2},"end":{"line":89,"column":null}},{"start":{},"end":{}}],"line":87},"7":{"loc":{"start":{"line":87,"column":6},"end":{"line":87,"column":43}},"type":"binary-expr","locations":[{"start":{"line":87,"column":6},"end":{"line":87,"column":23}},{"start":{"line":87,"column":23},"end":{"line":87,"column":43}}],"line":87},"8":{"loc":{"start":{"line":91,"column":2},"end":{"line":93,"column":null}},"type":"if","locations":[{"start":{"line":91,"column":2},"end":{"line":93,"column":null}},{"start":{},"end":{}}],"line":91},"9":{"loc":{"start":{"line":112,"column":2},"end":{"line":114,"column":null}},"type":"if","locations":[{"start":{"line":112,"column":2},"end":{"line":114,"column":null}},{"start":{},"end":{}}],"line":112},"10":{"loc":{"start":{"line":117,"column":2},"end":{"line":117,"column":null}},"type":"if","locations":[{"start":{"line":117,"column":2},"end":{"line":117,"column":null}},{"start":{},"end":{}}],"line":117},"11":{"loc":{"start":{"line":118,"column":2},"end":{"line":118,"column":null}},"type":"if","locations":[{"start":{"line":118,"column":2},"end":{"line":118,"column":null}},{"start":{},"end":{}}],"line":118}},"s":{"0":1,"1":11,"2":2,"3":9,"4":0,"5":9,"6":9,"7":9,"8":11,"9":11,"10":7,"11":7,"12":4,"13":4,"14":2,"15":7,"16":0,"17":7,"18":1,"19":6,"20":6,"21":6,"22":10,"23":10,"24":4,"25":4,"26":6,"27":6,"28":2,"29":14,"30":2,"31":12,"32":1,"33":11,"34":16,"35":0,"36":0,"37":0,"38":0,"39":0,"40":0,"41":0,"42":0},"f":{"0":11,"1":7,"2":14,"3":16,"4":0,"5":0},"b":{"0":[2,9],"1":[0,9],"2":[7,4],"3":[0,7],"4":[1,6],"5":[4,6],"6":[2,12],"7":[14,13],"8":[1,11],"9":[0,0],"10":[0,0],"11":[0,0]},"meta":{"lastBranch":12,"lastFunction":6,"lastStatement":43,"seen":{"s:6:17:6:Infinity":0,"f:13:16:13:36":0,"b:14:2:16:Infinity:undefined:undefined:undefined:undefined":0,"s:14:2:16:Infinity":1,"s:15:4:15:Infinity":2,"b:18:2:20:Infinity:undefined:undefined:undefined:undefined":1,"s:18:2:20:Infinity":3,"s:19:4:19:Infinity":4,"s:23:16:23:Infinity":5,"s:24:17:24:Infinity":6,"s:26:2:38:Infinity":7,"s:27:25:27:Infinity":8,"b:29:4:37:Infinity:33:11:37:Infinity":2,"s:29:4:37:Infinity":9,"s:31:6:31:Infinity":10,"s:32:6:32:Infinity":11,"s:35:6:35:Infinity":12,"s:36:6:36:Infinity":13,"s:41:2:41:Infinity":14,"f:49:16:49:40":1,"b:50:2:52:Infinity:undefined:undefined:undefined:undefined":3,"s:50:2:52:Infinity":15,"s:51:4:51:Infinity":16,"b:54:2:56:Infinity:undefined:undefined:undefined:undefined":4,"s:54:2:56:Infinity":17,"s:55:4:55:Infinity":18,"s:59:16:59:Infinity":19,"s:60:17:60:Infinity":20,"s:62:2:74:Infinity":21,"s:63:25:63:Infinity":22,"b:65:4:73:Infinity:69:11:73:Infinity":5,"s:65:4:73:Infinity":23,"s:67:6:67:Infinity":24,"s:68:6:68:Infinity":25,"s:71:6:71:Infinity":26,"s:72:6:72:Infinity":27,"s:78:2:78:Infinity":28,"f:86:16:86:37":2,"b:87:2:89:Infinity:undefined:undefined:undefined:undefined":6,"s:87:2:89:Infinity":29,"b:87:6:87:23:87:23:87:43":7,"s:88:4:88:Infinity":30,"b:91:2:93:Infinity:undefined:undefined:undefined:undefined":8,"s:91:2:93:Infinity":31,"s:92:4:92:Infinity":32,"s:96:2:96:Infinity":33,"f:102:9:102:21":3,"s:103:2:103:Infinity":34,"f:110:16:110:37":4,"b:112:2:114:Infinity:undefined:undefined:undefined:undefined":9,"s:112:2:114:Infinity":35,"s:113:4:113:Infinity":36,"b:117:2:117:Infinity:undefined:undefined:undefined:undefined":10,"s:117:2:117:Infinity":37,"s:117:13:117:Infinity":38,"b:118:2:118:Infinity:undefined:undefined:undefined:undefined":11,"s:118:2:118:Infinity":39,"s:118:13:118:Infinity":40,"s:119:2:119:Infinity":41,"f:125:16:125:34":5,"s:126:2:126:Infinity":42}}}
,"D:\\workspace-github\\plm-system-web\\src\\server\\db\\auth_events.ts": {"path":"D:\\workspace-github\\plm-system-web\\src\\server\\db\\auth_events.ts","statementMap":{"0":{"start":{"line":5,"column":13},"end":{"line":16,"column":null}},"1":{"start":{"line":19,"column":13},"end":{"line":27,"column":null}},"2":{"start":{"line":21,"column":46},"end":{"line":21,"column":56}}},"fnMap":{"0":{"name":"(anonymous_0)","decl":{"start":{"line":21,"column":40},"end":{"line":21,"column":46}},"loc":{"start":{"line":21,"column":46},"end":{"line":21,"column":56}},"line":21}},"branchMap":{},"s":{"0":4,"1":4,"2":0},"f":{"0":0},"b":{},"meta":{"lastBranch":0,"lastFunction":1,"lastStatement":3,"seen":{"s:5:13:16:Infinity":0,"s:19:13:27:Infinity":1,"f:21:40:21:46":0,"s:21:46:21:56":2}}}
,"D:\\workspace-github\\plm-system-web\\src\\server\\db\\bom_items.ts": {"path":"D:\\workspace-github\\plm-system-web\\src\\server\\db\\bom_items.ts","statementMap":{"0":{"start":{"line":6,"column":13},"end":{"line":30,"column":null}},"1":{"start":{"line":10,"column":22},"end":{"line":10,"column":32}},"2":{"start":{"line":13,"column":22},"end":{"line":13,"column":32}},"3":{"start":{"line":19,"column":15},"end":{"line":30,"column":2}}},"fnMap":{"0":{"name":"(anonymous_0)","decl":{"start":{"line":10,"column":16},"end":{"line":10,"column":22}},"loc":{"start":{"line":10,"column":22},"end":{"line":10,"column":32}},"line":10},"1":{"name":"(anonymous_1)","decl":{"start":{"line":13,"column":16},"end":{"line":13,"column":22}},"loc":{"start":{"line":13,"column":22},"end":{"line":13,"column":32}},"line":13},"2":{"name":"(anonymous_2)","decl":{"start":{"line":19,"column":3},"end":{"line":19,"column":4}},"loc":{"start":{"line":19,"column":15},"end":{"line":30,"column":2}},"line":19}},"branchMap":{},"s":{"0":4,"1":0,"2":0,"3":1},"f":{"0":0,"1":0,"2":1},"b":{},"meta":{"lastBranch":0,"lastFunction":3,"lastStatement":4,"seen":{"s:6:13:30:Infinity":0,"f:10:16:10:22":0,"s:10:22:10:32":1,"f:13:16:13:22":1,"s:13:22:13:32":2,"f:19:3:19:4":2,"s:19:15:30:2":3}}}
,"D:\\workspace-github\\plm-system-web\\src\\server\\db\\change-orders.ts": {"path":"D:\\workspace-github\\plm-system-web\\src\\server\\db\\change-orders.ts","statementMap":{"0":{"start":{"line":14,"column":13},"end":{"line":14,"column":null}},"1":{"start":{"line":16,"column":13},"end":{"line":23,"column":null}},"2":{"start":{"line":25,"column":13},"end":{"line":29,"column":null}},"3":{"start":{"line":38,"column":13},"end":{"line":62,"column":null}},"4":{"start":{"line":42,"column":22},"end":{"line":42,"column":35}},"5":{"start":{"line":51,"column":22},"end":{"line":51,"column":32}},"6":{"start":{"line":56,"column":15},"end":{"line":62,"column":2}},"7":{"start":{"line":68,"column":13},"end":{"line":84,"column":null}},"8":{"start":{"line":72,"column":22},"end":{"line":72,"column":39}},"9":{"start":{"line":75,"column":22},"end":{"line":75,"column":32}},"10":{"start":{"line":80,"column":15},"end":{"line":84,"column":2}},"11":{"start":{"line":90,"column":13},"end":{"line":106,"column":null}},"12":{"start":{"line":94,"column":22},"end":{"line":94,"column":39}},"13":{"start":{"line":99,"column":22},"end":{"line":99,"column":32}},"14":{"start":{"line":103,"column":15},"end":{"line":106,"column":2}},"15":{"start":{"line":112,"column":13},"end":{"line":126,"column":null}},"16":{"start":{"line":116,"column":22},"end":{"line":116,"column":39}},"17":{"start":{"line":119,"column":22},"end":{"line":119,"column":35}},"18":{"start":{"line":122,"column":15},"end":{"line":126,"column":2}}},"fnMap":{"0":{"name":"(anonymous_0)","decl":{"start":{"line":42,"column":16},"end":{"line":42,"column":22}},"loc":{"start":{"line":42,"column":22},"end":{"line":42,"column":35}},"line":42},"1":{"name":"(anonymous_1)","decl":{"start":{"line":51,"column":16},"end":{"line":51,"column":22}},"loc":{"start":{"line":51,"column":22},"end":{"line":51,"column":32}},"line":51},"2":{"name":"(anonymous_2)","decl":{"start":{"line":56,"column":3},"end":{"line":56,"column":4}},"loc":{"start":{"line":56,"column":15},"end":{"line":62,"column":2}},"line":56},"3":{"name":"(anonymous_3)","decl":{"start":{"line":72,"column":16},"end":{"line":72,"column":22}},"loc":{"start":{"line":72,"column":22},"end":{"line":72,"column":39}},"line":72},"4":{"name":"(anonymous_4)","decl":{"start":{"line":75,"column":16},"end":{"line":75,"column":22}},"loc":{"start":{"line":75,"column":22},"end":{"line":75,"column":32}},"line":75},"5":{"name":"(anonymous_5)","decl":{"start":{"line":80,"column":3},"end":{"line":80,"column":4}},"loc":{"start":{"line":80,"column":15},"end":{"line":84,"column":2}},"line":80},"6":{"name":"(anonymous_6)","decl":{"start":{"line":94,"column":16},"end":{"line":94,"column":22}},"loc":{"start":{"line":94,"column":22},"end":{"line":94,"column":39}},"line":94},"7":{"name":"(anonymous_7)","decl":{"start":{"line":99,"column":16},"end":{"line":99,"column":22}},"loc":{"start":{"line":99,"column":22},"end":{"line":99,"column":32}},"line":99},"8":{"name":"(anonymous_8)","decl":{"start":{"line":103,"column":3},"end":{"line":103,"column":4}},"loc":{"start":{"line":103,"column":15},"end":{"line":106,"column":2}},"line":103},"9":{"name":"(anonymous_9)","decl":{"start":{"line":116,"column":16},"end":{"line":116,"column":22}},"loc":{"start":{"line":116,"column":22},"end":{"line":116,"column":39}},"line":116},"10":{"name":"(anonymous_10)","decl":{"start":{"line":119,"column":16},"end":{"line":119,"column":22}},"loc":{"start":{"line":119,"column":22},"end":{"line":119,"column":35}},"line":119},"11":{"name":"(anonymous_11)","decl":{"start":{"line":122,"column":3},"end":{"line":122,"column":4}},"loc":{"start":{"line":122,"column":15},"end":{"line":126,"column":2}},"line":122}},"branchMap":{},"s":{"0":4,"1":4,"2":4,"3":4,"4":0,"5":0,"6":1,"7":4,"8":0,"9":0,"10":1,"11":4,"12":0,"13":0,"14":1,"15":4,"16":0,"17":0,"18":1},"f":{"0":0,"1":0,"2":1,"3":0,"4":0,"5":1,"6":0,"7":0,"8":1,"9":0,"10":0,"11":1},"b":{},"meta":{"lastBranch":0,"lastFunction":12,"lastStatement":19,"seen":{"s:14:13:14:Infinity":0,"s:16:13:23:Infinity":1,"s:25:13:29:Infinity":2,"s:38:13:62:Infinity":3,"f:42:16:42:22":0,"s:42:22:42:35":4,"f:51:16:51:22":1,"s:51:22:51:32":5,"f:56:3:56:4":2,"s:56:15:62:2":6,"s:68:13:84:Infinity":7,"f:72:16:72:22":3,"s:72:22:72:39":8,"f:75:16:75:22":4,"s:75:22:75:32":9,"f:80:3:80:4":5,"s:80:15:84:2":10,"s:90:13:106:Infinity":11,"f:94:16:94:22":6,"s:94:22:94:39":12,"f:99:16:99:22":7,"s:99:22:99:32":13,"f:103:3:103:4":8,"s:103:15:106:2":14,"s:112:13:126:Infinity":15,"f:116:16:116:22":9,"s:116:22:116:39":16,"f:119:16:119:22":10,"s:119:22:119:35":17,"f:122:3:122:4":11,"s:122:15:126:2":18}}}
,"D:\\workspace-github\\plm-system-web\\src\\server\\db\\documents.ts": {"path":"D:\\workspace-github\\plm-system-web\\src\\server\\db\\documents.ts","statementMap":{"0":{"start":{"line":16,"column":13},"end":{"line":39,"column":null}},"1":{"start":{"line":29,"column":22},"end":{"line":29,"column":32}},"2":{"start":{"line":32,"column":15},"end":{"line":39,"column":2}}},"fnMap":{"0":{"name":"(anonymous_0)","decl":{"start":{"line":29,"column":16},"end":{"line":29,"column":22}},"loc":{"start":{"line":29,"column":22},"end":{"line":29,"column":32}},"line":29},"1":{"name":"(anonymous_1)","decl":{"start":{"line":32,"column":3},"end":{"line":32,"column":4}},"loc":{"start":{"line":32,"column":15},"end":{"line":39,"column":2}},"line":32}},"branchMap":{},"s":{"0":4,"1":0,"2":1},"f":{"0":0,"1":1},"b":{},"meta":{"lastBranch":0,"lastFunction":2,"lastStatement":3,"seen":{"s:16:13:39:Infinity":0,"f:29:16:29:22":0,"s:29:22:29:32":1,"f:32:3:32:4":1,"s:32:15:39:2":2}}}
,"D:\\workspace-github\\plm-system-web\\src\\server\\db\\email_verification_tokens.ts": {"path":"D:\\workspace-github\\plm-system-web\\src\\server\\db\\email_verification_tokens.ts","statementMap":{"0":{"start":{"line":5,"column":13},"end":{"line":14,"column":null}},"1":{"start":{"line":9,"column":22},"end":{"line":9,"column":32}}},"fnMap":{"0":{"name":"(anonymous_0)","decl":{"start":{"line":9,"column":16},"end":{"line":9,"column":22}},"loc":{"start":{"line":9,"column":22},"end":{"line":9,"column":32}},"line":9}},"branchMap":{},"s":{"0":4,"1":0},"f":{"0":0},"b":{},"meta":{"lastBranch":0,"lastFunction":1,"lastStatement":2,"seen":{"s:5:13:14:Infinity":0,"f:9:16:9:22":0,"s:9:22:9:32":1}}}
,"D:\\workspace-github\\plm-system-web\\src\\server\\db\\index.ts": {"path":"D:\\workspace-github\\plm-system-web\\src\\server\\db\\index.ts","statementMap":{"0":{"start":{"line":9,"column":25},"end":{"line":9,"column":null}},"1":{"start":{"line":11,"column":6},"end":{"line":11,"column":null}},"2":{"start":{"line":13,"column":13},"end":{"line":13,"column":null}}},"fnMap":{},"branchMap":{"0":{"loc":{"start":{"line":9,"column":25},"end":{"line":9,"column":null}},"type":"binary-expr","locations":[{"start":{"line":9,"column":25},"end":{"line":9,"column":53}},{"start":{"line":9,"column":53},"end":{"line":9,"column":null}}],"line":9}},"s":{"0":1,"1":1,"2":1},"f":{},"b":{"0":[1,1]},"meta":{"lastBranch":1,"lastFunction":0,"lastStatement":3,"seen":{"s:9:25:9:Infinity":0,"b:9:25:9:53:9:53:9:Infinity":0,"s:11:6:11:Infinity":1,"s:13:13:13:Infinity":2}}}
,"D:\\workspace-github\\plm-system-web\\src\\server\\db\\manufacturers.ts": {"path":"D:\\workspace-github\\plm-system-web\\src\\server\\db\\manufacturers.ts","statementMap":{"0":{"start":{"line":17,"column":13},"end":{"line":35,"column":null}},"1":{"start":{"line":25,"column":22},"end":{"line":25,"column":32}},"2":{"start":{"line":28,"column":15},"end":{"line":35,"column":2}},"3":{"start":{"line":44,"column":13},"end":{"line":66,"column":null}},"4":{"start":{"line":54,"column":22},"end":{"line":54,"column":32}},"5":{"start":{"line":57,"column":15},"end":{"line":66,"column":2}},"6":{"start":{"line":76,"column":13},"end":{"line":87,"column":null}},"7":{"start":{"line":77,"column":53},"end":{"line":77,"column":63}},"8":{"start":{"line":78,"column":69},"end":{"line":78,"column":87}},"9":{"start":{"line":80,"column":15},"end":{"line":87,"column":2}},"10":{"start":{"line":97,"column":13},"end":{"line":108,"column":null}},"11":{"start":{"line":98,"column":53},"end":{"line":98,"column":63}},"12":{"start":{"line":99,"column":61},"end":{"line":99,"column":75}},"13":{"start":{"line":101,"column":15},"end":{"line":108,"column":2}}},"fnMap":{"0":{"name":"(anonymous_0)","decl":{"start":{"line":25,"column":16},"end":{"line":25,"column":22}},"loc":{"start":{"line":25,"column":22},"end":{"line":25,"column":32}},"line":25},"1":{"name":"(anonymous_1)","decl":{"start":{"line":28,"column":3},"end":{"line":28,"column":4}},"loc":{"start":{"line":28,"column":15},"end":{"line":35,"column":2}},"line":28},"2":{"name":"(anonymous_2)","decl":{"start":{"line":54,"column":16},"end":{"line":54,"column":22}},"loc":{"start":{"line":54,"column":22},"end":{"line":54,"column":32}},"line":54},"3":{"name":"(anonymous_3)","decl":{"start":{"line":57,"column":3},"end":{"line":57,"column":4}},"loc":{"start":{"line":57,"column":15},"end":{"line":66,"column":2}},"line":57},"4":{"name":"(anonymous_4)","decl":{"start":{"line":77,"column":47},"end":{"line":77,"column":53}},"loc":{"start":{"line":77,"column":53},"end":{"line":77,"column":63}},"line":77},"5":{"name":"(anonymous_5)","decl":{"start":{"line":78,"column":63},"end":{"line":78,"column":69}},"loc":{"start":{"line":78,"column":69},"end":{"line":78,"column":87}},"line":78},"6":{"name":"(anonymous_6)","decl":{"start":{"line":80,"column":3},"end":{"line":80,"column":4}},"loc":{"start":{"line":80,"column":15},"end":{"line":87,"column":2}},"line":80},"7":{"name":"(anonymous_7)","decl":{"start":{"line":98,"column":47},"end":{"line":98,"column":53}},"loc":{"start":{"line":98,"column":53},"end":{"line":98,"column":63}},"line":98},"8":{"name":"(anonymous_8)","decl":{"start":{"line":99,"column":55},"end":{"line":99,"column":61}},"loc":{"start":{"line":99,"column":61},"end":{"line":99,"column":75}},"line":99},"9":{"name":"(anonymous_9)","decl":{"start":{"line":101,"column":3},"end":{"line":101,"column":4}},"loc":{"start":{"line":101,"column":15},"end":{"line":108,"column":2}},"line":101}},"branchMap":{},"s":{"0":4,"1":0,"2":1,"3":4,"4":0,"5":1,"6":4,"7":0,"8":0,"9":1,"10":4,"11":0,"12":0,"13":1},"f":{"0":0,"1":1,"2":0,"3":1,"4":0,"5":0,"6":1,"7":0,"8":0,"9":1},"b":{},"meta":{"lastBranch":0,"lastFunction":10,"lastStatement":14,"seen":{"s:17:13:35:Infinity":0,"f:25:16:25:22":0,"s:25:22:25:32":1,"f:28:3:28:4":1,"s:28:15:35:2":2,"s:44:13:66:Infinity":3,"f:54:16:54:22":2,"s:54:22:54:32":4,"f:57:3:57:4":3,"s:57:15:66:2":5,"s:76:13:87:Infinity":6,"f:77:47:77:53":4,"s:77:53:77:63":7,"f:78:63:78:69":5,"s:78:69:78:87":8,"f:80:3:80:4":6,"s:80:15:87:2":9,"s:97:13:108:Infinity":10,"f:98:47:98:53":7,"s:98:53:98:63":11,"f:99:55:99:61":8,"s:99:61:99:75":12,"f:101:3:101:4":9,"s:101:15:108:2":13}}}
,"D:\\workspace-github\\plm-system-web\\src\\server\\db\\parts.ts": {"path":"D:\\workspace-github\\plm-system-web\\src\\server\\db\\parts.ts","statementMap":{"0":{"start":{"line":7,"column":13},"end":{"line":7,"column":null}},"1":{"start":{"line":10,"column":13},"end":{"line":37,"column":null}},"2":{"start":{"line":14,"column":22},"end":{"line":14,"column":35}},"3":{"start":{"line":23,"column":22},"end":{"line":23,"column":32}},"4":{"start":{"line":26,"column":15},"end":{"line":37,"column":2}}},"fnMap":{"0":{"name":"(anonymous_0)","decl":{"start":{"line":14,"column":16},"end":{"line":14,"column":22}},"loc":{"start":{"line":14,"column":22},"end":{"line":14,"column":35}},"line":14},"1":{"name":"(anonymous_1)","decl":{"start":{"line":23,"column":16},"end":{"line":23,"column":22}},"loc":{"start":{"line":23,"column":22},"end":{"line":23,"column":32}},"line":23},"2":{"name":"(anonymous_2)","decl":{"start":{"line":26,"column":3},"end":{"line":26,"column":4}},"loc":{"start":{"line":26,"column":15},"end":{"line":37,"column":2}},"line":26}},"branchMap":{},"s":{"0":4,"1":4,"2":0,"3":0,"4":1},"f":{"0":0,"1":0,"2":1},"b":{},"meta":{"lastBranch":0,"lastFunction":3,"lastStatement":5,"seen":{"s:7:13:7:Infinity":0,"s:10:13:37:Infinity":1,"f:14:16:14:22":0,"s:14:22:14:35":2,"f:23:16:23:22":1,"s:23:22:23:32":3,"f:26:3:26:4":2,"s:26:15:37:2":4}}}
,"D:\\workspace-github\\plm-system-web\\src\\server\\db\\password_reset_tokens.ts": {"path":"D:\\workspace-github\\plm-system-web\\src\\server\\db\\password_reset_tokens.ts","statementMap":{"0":{"start":{"line":5,"column":13},"end":{"line":15,"column":null}},"1":{"start":{"line":9,"column":22},"end":{"line":9,"column":32}}},"fnMap":{"0":{"name":"(anonymous_0)","decl":{"start":{"line":9,"column":16},"end":{"line":9,"column":22}},"loc":{"start":{"line":9,"column":22},"end":{"line":9,"column":32}},"line":9}},"branchMap":{},"s":{"0":4,"1":0},"f":{"0":0},"b":{},"meta":{"lastBranch":0,"lastFunction":1,"lastStatement":2,"seen":{"s:5:13:15:Infinity":0,"f:9:16:9:22":0,"s:9:22:9:32":1}}}
,"D:\\workspace-github\\plm-system-web\\src\\server\\db\\project_members.ts": {"path":"D:\\workspace-github\\plm-system-web\\src\\server\\db\\project_members.ts","statementMap":{"0":{"start":{"line":7,"column":13},"end":{"line":7,"column":null}},"1":{"start":{"line":10,"column":13},"end":{"line":23,"column":null}},"2":{"start":{"line":12,"column":59},"end":{"line":12,"column":72}},"3":{"start":{"line":13,"column":53},"end":{"line":13,"column":63}},"4":{"start":{"line":16,"column":15},"end":{"line":23,"column":2}}},"fnMap":{"0":{"name":"(anonymous_0)","decl":{"start":{"line":12,"column":53},"end":{"line":12,"column":59}},"loc":{"start":{"line":12,"column":59},"end":{"line":12,"column":72}},"line":12},"1":{"name":"(anonymous_1)","decl":{"start":{"line":13,"column":47},"end":{"line":13,"column":53}},"loc":{"start":{"line":13,"column":53},"end":{"line":13,"column":63}},"line":13},"2":{"name":"(anonymous_2)","decl":{"start":{"line":16,"column":3},"end":{"line":16,"column":4}},"loc":{"start":{"line":16,"column":15},"end":{"line":23,"column":2}},"line":16}},"branchMap":{},"s":{"0":4,"1":4,"2":0,"3":0,"4":1},"f":{"0":0,"1":0,"2":1},"b":{},"meta":{"lastBranch":0,"lastFunction":3,"lastStatement":5,"seen":{"s:7:13:7:Infinity":0,"s:10:13:23:Infinity":1,"f:12:53:12:59":0,"s:12:59:12:72":2,"f:13:47:13:53":1,"s:13:53:13:63":3,"f:16:3:16:4":2,"s:16:15:23:2":4}}}
,"D:\\workspace-github\\plm-system-web\\src\\server\\db\\projects.ts": {"path":"D:\\workspace-github\\plm-system-web\\src\\server\\db\\projects.ts","statementMap":{"0":{"start":{"line":7,"column":13},"end":{"line":7,"column":null}},"1":{"start":{"line":10,"column":13},"end":{"line":10,"column":null}},"2":{"start":{"line":13,"column":13},"end":{"line":35,"column":null}},"3":{"start":{"line":20,"column":43},"end":{"line":20,"column":53}},"4":{"start":{"line":21,"column":59},"end":{"line":21,"column":69}},"5":{"start":{"line":24,"column":15},"end":{"line":35,"column":2}}},"fnMap":{"0":{"name":"(anonymous_0)","decl":{"start":{"line":20,"column":37},"end":{"line":20,"column":43}},"loc":{"start":{"line":20,"column":43},"end":{"line":20,"column":53}},"line":20},"1":{"name":"(anonymous_1)","decl":{"start":{"line":21,"column":53},"end":{"line":21,"column":59}},"loc":{"start":{"line":21,"column":59},"end":{"line":21,"column":69}},"line":21},"2":{"name":"(anonymous_2)","decl":{"start":{"line":24,"column":3},"end":{"line":24,"column":4}},"loc":{"start":{"line":24,"column":15},"end":{"line":35,"column":2}},"line":24}},"branchMap":{},"s":{"0":4,"1":4,"2":4,"3":0,"4":0,"5":1},"f":{"0":0,"1":0,"2":1},"b":{},"meta":{"lastBranch":0,"lastFunction":3,"lastStatement":6,"seen":{"s:7:13:7:Infinity":0,"s:10:13:10:Infinity":1,"s:13:13:35:Infinity":2,"f:20:37:20:43":0,"s:20:43:20:53":3,"f:21:53:21:59":1,"s:21:59:21:69":4,"f:24:3:24:4":2,"s:24:15:35:2":5}}}
,"D:\\workspace-github\\plm-system-web\\src\\server\\db\\revisions.ts": {"path":"D:\\workspace-github\\plm-system-web\\src\\server\\db\\revisions.ts","statementMap":{"0":{"start":{"line":7,"column":13},"end":{"line":26,"column":null}},"1":{"start":{"line":11,"column":22},"end":{"line":11,"column":32}},"2":{"start":{"line":17,"column":22},"end":{"line":17,"column":32}},"3":{"start":{"line":19,"column":15},"end":{"line":26,"column":2}}},"fnMap":{"0":{"name":"(anonymous_0)","decl":{"start":{"line":11,"column":16},"end":{"line":11,"column":22}},"loc":{"start":{"line":11,"column":22},"end":{"line":11,"column":32}},"line":11},"1":{"name":"(anonymous_1)","decl":{"start":{"line":17,"column":16},"end":{"line":17,"column":22}},"loc":{"start":{"line":17,"column":22},"end":{"line":17,"column":32}},"line":17},"2":{"name":"(anonymous_2)","decl":{"start":{"line":19,"column":3},"end":{"line":19,"column":4}},"loc":{"start":{"line":19,"column":15},"end":{"line":26,"column":2}},"line":19}},"branchMap":{},"s":{"0":4,"1":0,"2":0,"3":1},"f":{"0":0,"1":0,"2":1},"b":{},"meta":{"lastBranch":0,"lastFunction":3,"lastStatement":4,"seen":{"s:7:13:26:Infinity":0,"f:11:16:11:22":0,"s:11:22:11:32":1,"f:17:16:17:22":1,"s:17:22:17:32":2,"f:19:3:19:4":2,"s:19:15:26:2":3}}}
,"D:\\workspace-github\\plm-system-web\\src\\server\\db\\roles.ts": {"path":"D:\\workspace-github\\plm-system-web\\src\\server\\db\\roles.ts","statementMap":{"0":{"start":{"line":5,"column":13},"end":{"line":12,"column":null}},"1":{"start":{"line":18,"column":13},"end":{"line":28,"column":null}},"2":{"start":{"line":22,"column":22},"end":{"line":22,"column":32}},"3":{"start":{"line":25,"column":22},"end":{"line":25,"column":32}},"4":{"start":{"line":27,"column":54},"end":{"line":27,"column":64}}},"fnMap":{"0":{"name":"(anonymous_0)","decl":{"start":{"line":22,"column":16},"end":{"line":22,"column":22}},"loc":{"start":{"line":22,"column":22},"end":{"line":22,"column":32}},"line":22},"1":{"name":"(anonymous_1)","decl":{"start":{"line":25,"column":16},"end":{"line":25,"column":22}},"loc":{"start":{"line":25,"column":22},"end":{"line":25,"column":32}},"line":25},"2":{"name":"(anonymous_2)","decl":{"start":{"line":27,"column":48},"end":{"line":27,"column":54}},"loc":{"start":{"line":27,"column":54},"end":{"line":27,"column":64}},"line":27}},"branchMap":{},"s":{"0":4,"1":4,"2":0,"3":0,"4":0},"f":{"0":0,"1":0,"2":0},"b":{},"meta":{"lastBranch":0,"lastFunction":3,"lastStatement":5,"seen":{"s:5:13:12:Infinity":0,"s:18:13:28:Infinity":1,"f:22:16:22:22":0,"s:22:22:22:32":2,"f:25:16:25:22":1,"s:25:22:25:32":3,"f:27:48:27:54":2,"s:27:54:27:64":4}}}
,"D:\\workspace-github\\plm-system-web\\src\\server\\db\\schema.ts": {"path":"D:\\workspace-github\\plm-system-web\\src\\server\\db\\schema.ts","statementMap":{},"fnMap":{},"branchMap":{},"s":{},"f":{},"b":{},"meta":{"lastBranch":0,"lastFunction":0,"lastStatement":0,"seen":{}}}
,"D:\\workspace-github\\plm-system-web\\src\\server\\db\\sessions.ts": {"path":"D:\\workspace-github\\plm-system-web\\src\\server\\db\\sessions.ts","statementMap":{"0":{"start":{"line":4,"column":13},"end":{"line":18,"column":null}},"1":{"start":{"line":8,"column":22},"end":{"line":8,"column":32}}},"fnMap":{"0":{"name":"(anonymous_0)","decl":{"start":{"line":8,"column":16},"end":{"line":8,"column":22}},"loc":{"start":{"line":8,"column":22},"end":{"line":8,"column":32}},"line":8}},"branchMap":{},"s":{"0":4,"1":0},"f":{"0":0},"b":{},"meta":{"lastBranch":0,"lastFunction":1,"lastStatement":2,"seen":{"s:4:13:18:Infinity":0,"f:8:16:8:22":0,"s:8:22:8:32":1}}}
,"D:\\workspace-github\\plm-system-web\\src\\server\\db\\team_members.ts": {"path":"D:\\workspace-github\\plm-system-web\\src\\server\\db\\team_members.ts","statementMap":{"0":{"start":{"line":6,"column":13},"end":{"line":6,"column":null}},"1":{"start":{"line":9,"column":13},"end":{"line":21,"column":null}},"2":{"start":{"line":13,"column":22},"end":{"line":13,"column":32}},"3":{"start":{"line":16,"column":22},"end":{"line":16,"column":32}}},"fnMap":{"0":{"name":"(anonymous_0)","decl":{"start":{"line":13,"column":16},"end":{"line":13,"column":22}},"loc":{"start":{"line":13,"column":22},"end":{"line":13,"column":32}},"line":13},"1":{"name":"(anonymous_1)","decl":{"start":{"line":16,"column":16},"end":{"line":16,"column":22}},"loc":{"start":{"line":16,"column":22},"end":{"line":16,"column":32}},"line":16}},"branchMap":{},"s":{"0":4,"1":4,"2":0,"3":0},"f":{"0":0,"1":0},"b":{},"meta":{"lastBranch":0,"lastFunction":2,"lastStatement":4,"seen":{"s:6:13:6:Infinity":0,"s:9:13:21:Infinity":1,"f:13:16:13:22":0,"s:13:22:13:32":2,"f:16:16:16:22":1,"s:16:22:16:32":3}}}
,"D:\\workspace-github\\plm-system-web\\src\\server\\db\\teams.ts": {"path":"D:\\workspace-github\\plm-system-web\\src\\server\\db\\teams.ts","statementMap":{"0":{"start":{"line":4,"column":13},"end":{"line":14,"column":null}}},"fnMap":{},"branchMap":{},"s":{"0":4},"f":{},"b":{},"meta":{"lastBranch":0,"lastFunction":0,"lastStatement":1,"seen":{"s:4:13:14:Infinity":0}}}
,"D:\\workspace-github\\plm-system-web\\src\\server\\db\\users.ts": {"path":"D:\\workspace-github\\plm-system-web\\src\\server\\db\\users.ts","statementMap":{"0":{"start":{"line":4,"column":13},"end":{"line":4,"column":null}},"1":{"start":{"line":6,"column":13},"end":{"line":22,"column":null}}},"fnMap":{},"branchMap":{},"s":{"0":4,"1":4},"f":{},"b":{},"meta":{"lastBranch":0,"lastFunction":0,"lastStatement":2,"seen":{"s:4:13:4:Infinity":0,"s:6:13:22:Infinity":1}}}
,"D:\\workspace-github\\plm-system-web\\src\\server\\trpc\\index.ts": {"path":"D:\\workspace-github\\plm-system-web\\src\\server\\trpc\\index.ts","statementMap":{"0":{"start":{"line":12,"column":2},"end":{"line":15,"column":null}},"1":{"start":{"line":20,"column":10},"end":{"line":30,"column":null}},"2":{"start":{"line":23,"column":4},"end":{"line":28,"column":null}},"3":{"start":{"line":32,"column":22},"end":{"line":32,"column":null}},"4":{"start":{"line":33,"column":31},"end":{"line":33,"column":null}}},"fnMap":{"0":{"name":"createContext","decl":{"start":{"line":11,"column":22},"end":{"line":11,"column":36}},"loc":{"start":{"line":11,"column":67},"end":{"line":16,"column":null}},"line":11},"1":{"name":"(anonymous_1)","decl":{"start":{"line":22,"column":2},"end":{"line":22,"column":17}},"loc":{"start":{"line":22,"column":28},"end":{"line":29,"column":null}},"line":22}},"branchMap":{},"s":{"0":0,"1":2,"2":0,"3":2,"4":2},"f":{"0":0,"1":0},"b":{},"meta":{"lastBranch":0,"lastFunction":2,"lastStatement":5,"seen":{"f:11:22:11:36":0,"s:12:2:15:Infinity":0,"s:20:10:30:Infinity":1,"f:22:2:22:17":1,"s:23:4:28:Infinity":2,"s:32:22:32:Infinity":3,"s:33:31:33:Infinity":4}}}
,"D:\\workspace-github\\plm-system-web\\src\\server\\trpc\\procedures.ts": {"path":"D:\\workspace-github\\plm-system-web\\src\\server\\trpc\\procedures.ts","statementMap":{"0":{"start":{"line":28,"column":34},"end":{"line":28,"column":null}},"1":{"start":{"line":34,"column":30},"end":{"line":34,"column":null}},"2":{"start":{"line":39,"column":30},"end":{"line":39,"column":null}},"3":{"start":{"line":44,"column":31},"end":{"line":44,"column":null}},"4":{"start":{"line":50,"column":31},"end":{"line":52,"column":null}}},"fnMap":{},"branchMap":{},"s":{"0":1,"1":1,"2":1,"3":1,"4":1},"f":{},"b":{},"meta":{"lastBranch":0,"lastFunction":0,"lastStatement":5,"seen":{"s:28:34:28:Infinity":0,"s:34:30:34:Infinity":1,"s:39:30:39:Infinity":2,"s:44:31:44:Infinity":3,"s:50:31:52:Infinity":4}}}
[...]
efined:undefined:undefined":3,"s:94:6:99:Infinity":13,"s:95:8:98:Infinity":14,"s:102:27:102:Infinity":15,"s:105:12:105:Infinity":16,"s:106:36:106:Infinity":17,"s:107:36:107:Infinity":18,"s:110:22:119:Infinity":19,"s:121:19:121:Infinity":20,"s:124:6:129:Infinity":21,"s:132:6:132:Infinity":22,"s:138:6:144:Infinity":23,"b:143:12:143:54:143:54:143:Infinity":4,"f:158:14:158:21":5,"s:159:34:159:Infinity":24,"s:160:17:160:Infinity":25,"s:163:25:163:Infinity":26,"s:164:19:164:Infinity":27,"b:166:6:172:Infinity:undefined:undefined:undefined:undefined":5,"s:166:6:172:Infinity":28,"s:168:8:171:Infinity":29,"b:175:6:180:Infinity:undefined:undefined:undefined:undefined":6,"s:175:6:180:Infinity":30,"b:175:10:175:30:175:30:175:61":7,"s:176:8:179:Infinity":31,"b:183:6:188:Infinity:undefined:undefined:undefined:undefined":8,"s:183:6:188:Infinity":32,"s:184:8:187:Infinity":33,"s:191:30:193:Infinity":34,"b:192:10:192:Infinity:193:10:193:Infinity":9,"b:195:6:229:Infinity:undefined:undefined:undefined:undefined":10,"s:195:6:229:Infinity":35,"s:197:14:197:Infinity":36,"b:197:37:197:65:197:65:197:70":11,"b:199:8:216:Infinity:undefined:undefined:undefined:undefined":12,"s:199:8:216:Infinity":37,"s:201:28:201:Infinity":38,"s:202:10:208:Infinity":39,"s:210:10:210:Infinity":40,"s:212:10:215:Infinity":41,"s:218:8:221:Infinity":42,"s:223:8:223:Infinity":43,"s:225:8:228:Infinity":44,"s:232:34:232:Infinity":45,"s:235:6:235:Infinity":46,"s:238:26:238:Infinity":47,"s:239:12:239:Infinity":48,"s:240:27:240:Infinity":49,"s:241:31:241:Infinity":50,"s:244:24:244:Infinity":51,"s:246:6:252:Infinity":52,"s:255:27:259:Infinity":53,"b:261:6:265:Infinity:undefined:undefined:undefined:undefined":13,"s:261:6:265:Infinity":54,"s:263:30:263:Infinity":55,"s:264:8:264:Infinity":56,"s:268:6:268:Infinity":57,"s:270:6:279:Infinity":58,"f:286:35:286:42":6,"s:287:15:287:Infinity":59,"s:288:25:288:Infinity":60,"b:290:4:293:Infinity:undefined:undefined:undefined:undefined":14,"s:290:4:293:Infinity":61,"b:290:8:290:24:290:24:290:28":15,"s:291:31:291:Infinity":62,"s:292:6:292:Infinity":63,"s:297:4:300:Infinity":64,"f:307:36:307:43":7,"s:308:15:308:Infinity":65,"s:309:25:309:Infinity":66,"b:311:4:316:Infinity:undefined:undefined:undefined:undefined":16,"s:311:4:316:Infinity":67,"b:311:8:311:25:311:25:311:30":17,"s:312:6:315:Infinity":68,"s:320:4:327:Infinity":69,"s:321:6:321:Infinity":70,"s:323:6:326:Infinity":71,"s:330:29:330:Infinity":72,"s:331:26:335:Infinity":73,"s:337:20:337:Infinity":74,"b:339:4:344:Infinity:undefined:undefined:undefined:undefined":18,"s:339:4:344:Infinity":75,"s:340:6:343:Infinity":76,"b:347:4:353:Infinity:undefined:undefined:undefined:undefined":19,"s:347:4:353:Infinity":77,"s:348:6:348:Infinity":78,"s:349:6:352:Infinity":79,"s:356:23:356:Infinity":80,"s:357:17:357:Infinity":81,"b:359:4:364:Infinity:undefined:undefined:undefined:undefined":20,"s:359:4:364:Infinity":82,"b:359:8:359:17:359:17:359:43":21,"s:360:6:363:Infinity":83,"s:367:32:367:Infinity":84,"s:370:24:370:Infinity":85,"s:371:10:371:Infinity":86,"s:372:28:372:Infinity":87,"s:373:32:373:Infinity":88,"s:376:4:381:Infinity":89,"s:384:4:384:Infinity":90,"s:386:4:389:Infinity":91,"f:401:14:401:21":8,"s:402:24:402:Infinity":92,"s:403:17:403:Infinity":93,"s:406:24:406:Infinity":94,"s:409:26:413:Infinity":95,"s:415:32:415:Infinity":96,"b:417:6:422:Infinity:undefined:undefined:undefined:undefined":22,"s:417:6:422:Infinity":97,"s:418:8:421:Infinity":98,"b:425:6:432:Infinity:undefined:undefined:undefined:undefined":23,"s:425:6:432:Infinity":99,"s:427:8:427:Infinity":100,"s:428:8:431:Infinity":101,"s:435:25:435:Infinity":102,"s:436:19:436:Infinity":103,"b:438:6:443:Infinity:undefined:undefined:undefined:undefined":24,"s:438:6:443:Infinity":104,"s:439:8:442:Infinity":105,"s:446:6:454:Infinity":106,"s:457:6:457:Infinity":107,"s:460:6:460:Infinity":108,"s:462:6:465:Infinity":109,"f:478:14:478:21":9,"s:479:24:479:Infinity":110,"s:480:17:480:Infinity":111,"s:483:25:483:Infinity":112,"s:484:19:484:Infinity":113,"b:488:6:507:Infinity:undefined:undefined:undefined:undefined":25,"s:488:6:507:Infinity":114,"s:489:14:489:Infinity":115,"s:490:31:490:Infinity":116,"s:491:31:491:Infinity":117,"s:494:8:498:Infinity":118,"b:502:8:504:Infinity:undefined:undefined:undefined:undefined":26,"s:502:8:504:Infinity":119,"s:503:10:503:Infinity":120,"s:506:8:506:Infinity":121,"s:509:6:514:Infinity":122,"b:513:12:513:54:513:54:513:62:513:62:513:Infinity":27,"f:527:14:527:21":10,"s:528:37:528:Infinity":123,"s:529:17:529:Infinity":124,"s:532:12:532:Infinity":125,"b:533:6:538:Infinity:undefined:undefined:undefined:undefined":28,"s:533:6:538:Infinity":126,"s:534:8:537:Infinity":127,"s:541:24:541:Infinity":128,"s:544:26:548:Infinity":129,"s:550:25:550:Infinity":130,"b:552:6:557:Infinity:undefined:undefined:undefined:undefined":29,"s:552:6:557:Infinity":131,"s:553:8:556:Infinity":132,"b:560:6:565:Infinity:undefined:undefined:undefined:undefined":30,"s:560:6:565:Infinity":133,"s:561:8:564:Infinity":134,"b:568:6:573:Infinity:undefined:undefined:undefined:undefined":31,"s:568:6:573:Infinity":135,"s:569:8:572:Infinity":136,"s:576:25:576:Infinity":137,"s:577:19:577:Infinity":138,"b:579:6:584:Infinity:undefined:undefined:undefined:undefined":32,"s:579:6:584:Infinity":139,"s:580:8:583:Infinity":140,"s:587:30:587:Infinity":141,"s:590:6:596:Infinity":142,"s:599:6:605:Infinity":143,"s:608:6:608:Infinity":144,"s:611:6:611:Infinity":145,"s:613:6:616:Infinity":146}}}
,"D:\\workspace-github\\plm-system-web\\src\\server\\utils\\jwt.ts": {"path":"D:\\workspace-github\\plm-system-web\\src\\server\\utils\\jwt.ts","statementMap":{"0":{"start":{"line":10,"column":24},"end":{"line":13,"column":null}},"1":{"start":{"line":11,"column":17},"end":{"line":11,"column":null}},"2":{"start":{"line":12,"column":2},"end":{"line":12,"column":null}},"3":{"start":{"line":15,"column":25},"end":{"line":18,"column":null}},"4":{"start":{"line":16,"column":17},"end":{"line":16,"column":null}},"5":{"start":{"line":17,"column":2},"end":{"line":17,"column":null}},"6":{"start":{"line":53,"column":17},"end":{"line":53,"column":null}},"7":{"start":{"line":55,"column":2},"end":{"line":59,"column":null}},"8":{"start":{"line":66,"column":31},"end":{"line":66,"column":null}},"9":{"start":{"line":78,"column":17},"end":{"line":78,"column":null}},"10":{"start":{"line":80,"column":2},"end":{"line":84,"column":null}},"11":{"start":{"line":91,"column":32},"end":{"line":91,"column":null}},"12":{"start":{"line":100,"column":2},"end":{"line":121,"column":null}},"13":{"start":{"line":101,"column":19},"end":{"line":101,"column":null}},"14":{"start":{"line":102,"column":24},"end":{"line":102,"column":null}},"15":{"start":{"line":105,"column":4},"end":{"line":107,"column":null}},"16":{"start":{"line":106,"column":6},"end":{"line":106,"column":null}},"17":{"start":{"line":109,"column":4},"end":{"line":115,"column":null}},"18":{"start":{"line":117,"column":4},"end":{"line":120,"column":null}},"19":{"start":{"line":131,"column":2},"end":{"line":151,"column":null}},"20":{"start":{"line":132,"column":19},"end":{"line":132,"column":null}},"21":{"start":{"line":133,"column":24},"end":{"line":133,"column":null}},"22":{"start":{"line":136,"column":4},"end":{"line":138,"column":null}},"23":{"start":{"line":137,"column":6},"end":{"line":137,"column":null}},"24":{"start":{"line":140,"column":4},"end":{"line":145,"column":null}},"25":{"start":{"line":147,"column":4},"end":{"line":150,"column":null}},"26":{"start":{"line":160,"column":2},"end":{"line":171,"column":null}},"27":{"start":{"line":161,"column":18},"end":{"line":161,"column":null}},"28":{"start":{"line":162,"column":4},"end":{"line":164,"column":null}},"29":{"start":{"line":163,"column":6},"end":{"line":163,"column":null}},"30":{"start":{"line":166,"column":20},"end":{"line":166,"column":null}},"31":{"start":{"line":167,"column":20},"end":{"line":167,"column":null}},"32":{"start":{"line":168,"column":4},"end":{"line":168,"column":null}},"33":{"start":{"line":170,"column":4},"end":{"line":170,"column":null}},"34":{"start":{"line":181,"column":2},"end":{"line":181,"column":null}},"35":{"start":{"line":189,"column":17},"end":{"line":189,"column":null}},"36":{"start":{"line":190,"column":2},"end":{"line":190,"column":null}},"37":{"start":{"line":6,"column":27},"end":{"line":6,"column":null}}},"fnMap":{"0":{"name":"(anonymous_0)","decl":{"start":{"line":10,"column":24},"end":{"line":10,"column":30}},"loc":{"start":{"line":10,"column":30},"end":{"line":13,"column":null}},"line":10},"1":{"name":"(anonymous_1)","decl":{"start":{"line":15,"column":25},"end":{"line":15,"column":31}},"loc":{"start":{"line":15,"column":31},"end":{"line":18,"column":null}},"line":15},"2":{"name":"generateAccessToken","decl":{"start":{"line":48,"column":22},"end":{"line":48,"column":null}},"loc":{"start":{"line":52,"column":19},"end":{"line":60,"column":null}},"line":52},"3":{"name":"generateRefreshToken","decl":{"start":{"line":74,"column":22},"end":{"line":74,"column":null}},"loc":{"start":{"line":77,"column":19},"end":{"line":85,"column":null}},"line":77},"4":{"name":"verifyAccessToken","decl":{"start":{"line":99,"column":22},"end":{"line":99,"column":40}},"loc":{"start":{"line":99,"column":84},"end":{"line":122,"column":null}},"line":99},"5":{"name":"verifyRefreshToken","decl":{"start":{"line":130,"column":22},"end":{"line":130,"column":41}},"loc":{"start":{"line":130,"column":86},"end":{"line":152,"column":null}},"line":130},"6":{"name":"decodeToken","decl":{"start":{"line":159,"column":16},"end":{"line":159,"column":28}},"loc":{"start":{"line":159,"column":62},"end":{"line":172,"column":null}},"line":159},"7":{"name":"hashToken","decl":{"start":{"line":180,"column":16},"end":{"line":180,"column":26}},"loc":{"start":{"line":180,"column":49},"end":{"line":182,"column":null}},"line":180},"8":{"name":"generateTokenId","decl":{"start":{"line":188,"column":16},"end":{"line":188,"column":42}},"loc":{"start":{"line":188,"column":42},"end":{"line":191,"column":null}},"line":188}},"branchMap":{"0":{"loc":{"start":{"line":11,"column":17},"end":{"line":11,"column":null}},"type":"binary-expr","locations":[{"start":{"line":11,"column":17},"end":{"line":11,"column":50}},{"start":{"line":11,"column":50},"end":{"line":11,"column":null}}],"line":11},"1":{"loc":{"start":{"line":16,"column":17},"end":{"line":16,"column":null}},"type":"binary-expr","locations":[{"start":{"line":16,"column":17},"end":{"line":16,"column":51}},{"start":{"line":16,"column":51},"end":{"line":16,"column":null}}],"line":16},"2":{"loc":{"start":{"line":51,"column":2},"end":{"line":51,"column":null}},"type":"default-arg","locations":[{"start":{"line":51,"column":20},"end":{"line":51,"column":null}}],"line":51},"3":{"loc":{"start":{"line":105,"column":4},"end":{"line":107,"column":null}},"type":"if","locations":[{"start":{"line":105,"column":4},"end":{"line":107,"column":null}},{"start":{},"end":{}}],"line":105},"4":{"loc":{"start":{"line":105,"column":8},"end":{"line":105,"column":40}},"type":"binary-expr","locations":[{"start":{"line":105,"column":8},"end":{"line":105,"column":24}},{"start":{"line":105,"column":24},"end":{"line":105,"column":40}}],"line":105},"5":{"loc":{"start":{"line":112,"column":14},"end":{"line":112,"column":null}},"type":"binary-expr","locations":[{"start":{"line":112,"column":14},"end":{"line":112,"column":44}},{"start":{"line":112,"column":44},"end":{"line":112,"column":null}}],"line":112},"6":{"loc":{"start":{"line":136,"column":4},"end":{"line":138,"column":null}},"type":"if","locations":[{"start":{"line":136,"column":4},"end":{"line":138,"column":null}},{"start":{},"end":{}}],"line":136},"7":{"loc":{"start":{"line":136,"column":8},"end":{"line":136,"column":42}},"type":"binary-expr","locations":[{"start":{"line":136,"column":8},"end":{"line":136,"column":24}},{"start":{"line":136,"column":24},"end":{"line":136,"column":42}}],"line":136},"8":{"loc":{"start":{"line":162,"column":4},"end":{"line":164,"column":null}},"type":"if","locations":[{"start":{"line":162,"column":4},"end":{"line":164,"column":null}},{"start":{},"end":{}}],"line":162}},"s":{"0":3,"1":18,"2":18,"3":3,"4":15,"5":15,"6":7,"7":7,"8":3,"9":7,"10":7,"11":3,"12":11,"13":11,"14":11,"15":5,"16":2,"17":3,"18":8,"19":8,"20":8,"21":8,"22":4,"23":2,"24":2,"25":6,"26":5,"27":5,"28":5,"29":2,"30":3,"31":3,"32":3,"33":2,"34":5,"35":3,"36":3,"37":1},"f":{"0":18,"1":15,"2":7,"3":7,"4":11,"5":8,"6":5,"7":5,"8":3},"b":{"0":[18,18],"1":[15,7],"2":[7],"3":[2,3],"4":[5,4],"5":[3,1],"6":[2,2],"7":[4,3],"8":[2,3]},"meta":{"lastBranch":9,"lastFunction":9,"lastStatement":37,"seen":{"s:10:24:13:Infinity":0,"f:10:24:10:30":0,"s:11:17:11:Infinity":1,"b:11:17:11:50:11:50:11:Infinity":0,"s:12:2:12:Infinity":2,"s:15:25:18:Infinity":3,"f:15:25:15:31":1,"s:16:17:16:Infinity":4,"b:16:17:16:51:16:51:16:Infinity":1,"s:17:2:17:Infinity":5,"f:48:22:48:Infinity":2,"b:51:20:51:Infinity":2,"s:53:17:53:Infinity":6,"s:55:2:59:Infinity":7,"s:66:31:66:Infinity":8,"f:74:22:74:Infinity":3,"s:78:17:78:Infinity":9,"s:80:2:84:Infinity":10,"s:91:32:91:Infinity":11,"f:99:22:99:40":4,"s:100:2:121:Infinity":12,"s:101:19:101:Infinity":13,"s:102:24:102:Infinity":14,"b:105:4:107:Infinity:undefined:undefined:undefined:undefined":3,"s:105:4:107:Infinity":15,"b:105:8:105:24:105:24:105:40":4,"s:106:6:106:Infinity":16,"s:109:4:115:Infinity":17,"b:112:14:112:44:112:44:112:Infinity":5,"s:117:4:120:Infinity":18,"f:130:22:130:41":5,"s:131:2:151:Infinity":19,"s:132:19:132:Infinity":20,"s:133:24:133:Infinity":21,"b:136:4:138:Infinity:undefined:undefined:undefined:undefined":6,"s:136:4:138:Infinity":22,"b:136:8:136:24:136:24:136:42":7,"s:137:6:137:Infinity":23,"s:140:4:145:Infinity":24,"s:147:4:150:Infinity":25,"f:159:16:159:28":6,"s:160:2:171:Infinity":26,"s:161:18:161:Infinity":27,"b:162:4:164:Infinity:undefined:undefined:undefined:undefined":8,"s:162:4:164:Infinity":28,"s:163:6:163:Infinity":29,"s:166:20:166:Infinity":30,"s:167:20:167:Infinity":31,"s:168:4:168:Infinity":32,"s:170:4:170:Infinity":33,"f:180:16:180:26":7,"s:181:2:181:Infinity":34,"f:188:16:188:42":8,"s:189:17:189:Infinity":35,"s:190:2:190:Infinity":36}}}
,"D:\\workspace-github\\plm-system-web\\src\\server\\utils\\password.ts": {"path":"D:\\workspace-github\\plm-system-web\\src\\server\\utils\\password.ts","statementMap":{"0":{"start":{"line":8,"column":35},"end":{"line":8,"column":null}},"1":{"start":{"line":9,"column":35},"end":{"line":9,"column":null}},"2":{"start":{"line":10,"column":34},"end":{"line":10,"column":null}},"3":{"start":{"line":26,"column":2},"end":{"line":31,"column":null}},"4":{"start":{"line":27,"column":4},"end":{"line":30,"column":null}},"5":{"start":{"line":33,"column":2},"end":{"line":38,"column":null}},"6":{"start":{"line":34,"column":4},"end":{"line":37,"column":null}},"7":{"start":{"line":40,"column":2},"end":{"line":40,"column":null}},"8":{"start":{"line":53,"column":2},"end":{"line":55,"column":null}},"9":{"start":{"line":54,"column":4},"end":{"line":54,"column":null}},"10":{"start":{"line":57,"column":2},"end":{"line":57,"column":null}},"11":{"start":{"line":70,"column":27},"end":{"line":70,"column":null}},"12":{"start":{"line":73,"column":2},"end":{"line":75,"column":null}},"13":{"start":{"line":74,"column":4},"end":{"line":74,"column":null}},"14":{"start":{"line":78,"column":2},"end":{"line":80,"column":null}},"15":{"start":{"line":79,"column":4},"end":{"line":79,"column":null}},"16":{"start":{"line":83,"column":23},"end":{"line":83,"column":null}},"17":{"start":{"line":84,"column":23},"end":{"line":84,"column":null}},"18":{"start":{"line":85,"column":20},"end":{"line":85,"column":null}},"19":{"start":{"line":86,"column":21},"end":{"line":86,"column":null}},"20":{"start":{"line":88,"column":29},"end":{"line":88,"column":null}},"21":{"start":{"line":91,"column":2},"end":{"line":95,"column":null}},"22":{"start":{"line":92,"column":4},"end":{"line":94,"column":null}},"23":{"start":{"line":97,"column":2},"end":{"line":100,"column":null}},"24":{"start":{"line":109,"column":2},"end":{"line":109,"column":null}}},"fnMap":{"0":{"name":"hashPassword","decl":{"start":{"line":25,"column":22},"end":{"line":25,"column":35}},"loc":{"start":{"line":25,"column":75},"end":{"line":41,"column":null}},"line":25},"1":{"name":"verifyPassword","decl":{"start":{"line":49,"column":22},"end":{"line":49,"column":null}},"loc":{"start":{"line":52,"column":20},"end":{"line":58,"column":null}},"line":52},"2":{"name":"validatePasswordStrength","decl":{"start":{"line":69,"column":16},"end":{"line":69,"column":41}},"loc":{"start":{"line":69,"column":85},"end":{"line":101,"column":null}},"line":69},"3":{"name":"needsRehash","decl":{"start":{"line":108,"column":16},"end":{"line":108,"column":28}},"loc":{"start":{"line":108,"column":51},"end":{"line":110,"column":null}},"line":108}},"branchMap":{"0":{"loc":{"start":{"line":26,"column":2},"end":{"line":31,"column":null}},"type":"if","locations":[{"start":{"line":26,"column":2},"end":{"line":31,"column":null}},{"start":{},"end":{}}],"line":26},"1":{"loc":{"start":{"line":26,"column":6},"end":{"line":26,"column":52}},"type":"binary-expr","locations":[{"start":{"line":26,"column":6},"end":{"line":26,"column":24}},{"start":{"line":26,"column":24},"end":{"line":26,"column":52}}],"line":26},"2":{"loc":{"start":{"line":33,"column":2},"end":{"line":38,"column":null}},"type":"if","locations":[{"start":{"line":33,"column":2},"end":{"line":38,"column":null}},{"start":{},"end":{}}],"line":33},"3":{"loc":{"start":{"line":53,"column":2},"end":{"line":55,"column":null}},"type":"if","locations":[{"start":{"line":53,"column":2},"end":{"line":55,"column":null}},{"start":{},"end":{}}],"line":53},"4":{"loc":{"start":{"line":53,"column":6},"end":{"line":53,"column":41}},"type":"binary-expr","locations":[{"start":{"line":53,"column":6},"end":{"line":53,"column":24}},{"start":{"line":53,"column":24},"end":{"line":53,"column":41}}],"line":53},"5":{"loc":{"start":{"line":73,"column":2},"end":{"line":75,"column":null}},"type":"if","locations":[{"start":{"line":73,"column":2},"end":{"line":75,"column":null}},{"start":{},"end":{}}],"line":73},"6":{"loc":{"start":{"line":78,"column":2},"end":{"line":80,"column":null}},"type":"if","locations":[{"start":{"line":78,"column":2},"end":{"line":80,"column":null}},{"start":{},"end":{}}],"line":78},"7":{"loc":{"start":{"line":91,"column":2},"end":{"line":95,"column":null}},"type":"if","locations":[{"start":{"line":91,"column":2},"end":{"line":95,"column":null}},{"start":{},"end":{}}],"line":91}},"s":{"0":2,"1":2,"2":2,"3":16,"4":2,"5":14,"6":2,"7":12,"8":12,"9":4,"10":8,"11":21,"12":21,"13":5,"14":21,"15":2,"16":21,"17":21,"18":21,"19":21,"20":21,"21":21,"22":9,"23":21,"24":3},"f":{"0":16,"1":12,"2":21,"3":3},"b":{"0":[2,14],"1":[16,14],"2":[2,12],"3":[4,8],"4":[12,10],"5":[5,16],"6":[2,19],"7":[9,12]},"meta":{"lastBranch":8,"lastFunction":4,"lastStatement":25,"seen":{"s:8:35:8:Infinity":0,"s:9:35:9:Infinity":1,"s:10:34:10:Infinity":2,"f:25:22:25:35":0,"b:26:2:31:Infinity:undefined:undefined:undefined:undefined":0,"s:26:2:31:Infinity":3,"b:26:6:26:24:26:24:26:52":1,"s:27:4:30:Infinity":4,"b:33:2:38:Infinity:undefined:undefined:undefined:undefined":2,"s:33:2:38:Infinity":5,"s:34:4:37:Infinity":6,"s:40:2:40:Infinity":7,"f:49:22:49:Infinity":1,"b:53:2:55:Infinity:undefined:undefined:undefined:undefined":3,"s:53:2:55:Infinity":8,"b:53:6:53:24:53:24:53:41":4,"s:54:4:54:Infinity":9,"s:57:2:57:Infinity":10,"f:69:16:69:41":2,"s:70:27:70:Infinity":11,"b:73:2:75:Infinity:undefined:undefined:undefined:undefined":5,"s:73:2:75:Infinity":12,"s:74:4:74:Infinity":13,"b:78:2:80:Infinity:undefined:undefined:undefined:undefined":6,"s:78:2:80:Infinity":14,"s:79:4:79:Infinity":15,"s:83:23:83:Infinity":16,"s:84:23:84:Infinity":17,"s:85:20:85:Infinity":18,"s:86:21:86:Infinity":19,"s:88:29:88:Infinity":20,"b:91:2:95:Infinity:undefined:undefined:undefined:undefined":7,"s:91:2:95:Infinity":21,"s:92:4:94:Infinity":22,"s:97:2:100:Infinity":23,"f:108:16:108:28":3,"s:109:2:109:Infinity":24}}}
}
